{"/home/neimhin/dev/scealai/api/DB.js": {"path":"/home/neimhin/dev/scealai/api/DB.js","statementMap":{"0":{"start":{"line":1,"column":0},"end":{"line":11,"column":2}}},"fnMap":{},"branchMap":{},"s":{"0":1},"f":{},"b":{},"_coverageSchema":"1a1c01bbd47fc00a2c39e90264f33305004495a9","hash":"17e87e35d91b580dc9ce88c4dd45ea03bff94730"}
,"/home/neimhin/dev/scealai/api/abair_base_url.js": {"path":"/home/neimhin/dev/scealai/api/abair_base_url.js","statementMap":{"0":{"start":{"line":1,"column":0},"end":{"line":1,"column":40}}},"fnMap":{},"branchMap":{},"s":{"0":1},"f":{},"b":{},"_coverageSchema":"1a1c01bbd47fc00a2c39e90264f33305004495a9","hash":"4142217d9ceee32447996932b70bb6fbff3d4856"}
,"/home/neimhin/dev/scealai/api/logger.js": {"path":"/home/neimhin/dev/scealai/api/logger.js","statementMap":{"0":{"start":{"line":1,"column":16},"end":{"line":1,"column":34}},"1":{"start":{"line":2,"column":13},"end":{"line":2,"column":28}},"2":{"start":{"line":3,"column":16},"end":{"line":3,"column":34}},"3":{"start":{"line":6,"column":13},"end":{"line":6,"column":35}},"4":{"start":{"line":9,"column":0},"end":{"line":12,"column":3}},"5":{"start":{"line":11,"column":2},"end":{"line":11,"column":19}},"6":{"start":{"line":14,"column":19},"end":{"line":14,"column":40}},"7":{"start":{"line":16,"column":18},"end":{"line":16,"column":56}},"8":{"start":{"line":17,"column":21},"end":{"line":17,"column":62}},"9":{"start":{"line":19,"column":22},"end":{"line":24,"column":6}},"10":{"start":{"line":22,"column":18},"end":{"line":22,"column":72}},"11":{"start":{"line":23,"column":6},"end":{"line":23,"column":17}},"12":{"start":{"line":27,"column":0},"end":{"line":79,"column":3}},"13":{"start":{"line":81,"column":0},"end":{"line":81,"column":27}},"14":{"start":{"line":82,"column":23},"end":{"line":92,"column":2}},"15":{"start":{"line":93,"column":0},"end":{"line":93,"column":50}},"16":{"start":{"line":94,"column":0},"end":{"line":94,"column":27}},"17":{"start":{"line":107,"column":0},"end":{"line":107,"column":24}}},"fnMap":{"0":{"name":"(anonymous_0)","decl":{"start":{"line":9,"column":32},"end":{"line":9,"column":33}},"loc":{"start":{"line":9,"column":41},"end":{"line":12,"column":1}},"line":9},"1":{"name":"(anonymous_1)","decl":{"start":{"line":20,"column":4},"end":{"line":20,"column":5}},"loc":{"start":{"line":20,"column":50},"end":{"line":24,"column":5}},"line":20}},"branchMap":{},"s":{"0":1,"1":1,"2":1,"3":1,"4":1,"5":0,"6":1,"7":1,"8":1,"9":1,"10":1,"11":1,"12":1,"13":1,"14":1,"15":1,"16":1,"17":1},"f":{"0":0,"1":1},"b":{},"_coverageSchema":"1a1c01bbd47fc00a2c39e90264f33305004495a9","hash":"eeb00222cd1d5856d211a324929c4606fa6c04e1"}
,"/home/neimhin/dev/scealai/api/endpoints_functions/story/feedbackAudio.js": {"path":"/home/neimhin/dev/scealai/api/endpoints_functions/story/feedbackAudio.js","statementMap":{"0":{"start":{"line":1,"column":16},"end":{"line":1,"column":34}},"1":{"start":{"line":2,"column":17},"end":{"line":2,"column":36}},"2":{"start":{"line":3,"column":13},"end":{"line":3,"column":28}},"3":{"start":{"line":4,"column":14},"end":{"line":4,"column":43}},"4":{"start":{"line":7,"column":15},"end":{"line":7,"column":34}},"5":{"start":{"line":8,"column":14},"end":{"line":8,"column":42}},"6":{"start":{"line":11,"column":0},"end":{"line":21,"column":7}},"7":{"start":{"line":14,"column":6},"end":{"line":19,"column":7}},"8":{"start":{"line":15,"column":8},"end":{"line":17,"column":57}},"9":{"start":{"line":18,"column":8},"end":{"line":18,"column":24}},"10":{"start":{"line":20,"column":6},"end":{"line":20,"column":50}},"11":{"start":{"line":24,"column":0},"end":{"line":76,"column":2}},"12":{"start":{"line":25,"column":2},"end":{"line":29,"column":3}},"13":{"start":{"line":26,"column":4},"end":{"line":28,"column":7}},"14":{"start":{"line":30,"column":2},"end":{"line":75,"column":5}},"15":{"start":{"line":31,"column":4},"end":{"line":74,"column":5}},"16":{"start":{"line":32,"column":6},"end":{"line":32,"column":23}},"17":{"start":{"line":33,"column":6},"end":{"line":33,"column":32}},"18":{"start":{"line":34,"column":11},"end":{"line":74,"column":5}},"19":{"start":{"line":35,"column":6},"end":{"line":71,"column":7}},"20":{"start":{"line":38,"column":8},"end":{"line":45,"column":9}},"21":{"start":{"line":39,"column":10},"end":{"line":39,"column":65}},"22":{"start":{"line":41,"column":10},"end":{"line":44,"column":49}},"23":{"start":{"line":47,"column":8},"end":{"line":47,"column":45}},"24":{"start":{"line":48,"column":8},"end":{"line":48,"column":42}},"25":{"start":{"line":50,"column":23},"end":{"line":52,"column":10}},"26":{"start":{"line":54,"column":31},"end":{"line":54,"column":65}},"27":{"start":{"line":56,"column":8},"end":{"line":58,"column":11}},"28":{"start":{"line":57,"column":10},"end":{"line":57,"column":27}},"29":{"start":{"line":60,"column":8},"end":{"line":62,"column":11}},"30":{"start":{"line":61,"column":10},"end":{"line":61,"column":30}},"31":{"start":{"line":64,"column":8},"end":{"line":66,"column":11}},"32":{"start":{"line":65,"column":10},"end":{"line":65,"column":20}},"33":{"start":{"line":70,"column":8},"end":{"line":70,"column":23}},"34":{"start":{"line":73,"column":6},"end":{"line":73,"column":62}}},"fnMap":{"0":{"name":"(anonymous_0)","decl":{"start":{"line":13,"column":4},"end":{"line":13,"column":5}},"loc":{"start":{"line":13,"column":21},"end":{"line":21,"column":5}},"line":13},"1":{"name":"(anonymous_1)","decl":{"start":{"line":24,"column":17},"end":{"line":24,"column":18}},"loc":{"start":{"line":24,"column":37},"end":{"line":76,"column":1}},"line":24},"2":{"name":"(anonymous_2)","decl":{"start":{"line":30,"column":32},"end":{"line":30,"column":33}},"loc":{"start":{"line":30,"column":48},"end":{"line":75,"column":3}},"line":30},"3":{"name":"(anonymous_3)","decl":{"start":{"line":56,"column":34},"end":{"line":56,"column":35}},"loc":{"start":{"line":56,"column":45},"end":{"line":58,"column":9}},"line":56},"4":{"name":"(anonymous_4)","decl":{"start":{"line":60,"column":35},"end":{"line":60,"column":36}},"loc":{"start":{"line":60,"column":41},"end":{"line":62,"column":9}},"line":60},"5":{"name":"(anonymous_5)","decl":{"start":{"line":64,"column":33},"end":{"line":64,"column":34}},"loc":{"start":{"line":64,"column":39},"end":{"line":66,"column":9}},"line":64}},"branchMap":{"0":{"loc":{"start":{"line":14,"column":6},"end":{"line":19,"column":7}},"type":"if","locations":[{"start":{"line":14,"column":6},"end":{"line":19,"column":7}},{"start":{},"end":{}}],"line":14},"1":{"loc":{"start":{"line":20,"column":21},"end":{"line":20,"column":48}},"type":"binary-expr","locations":[{"start":{"line":20,"column":21},"end":{"line":20,"column":35}},{"start":{"line":20,"column":39},"end":{"line":20,"column":48}}],"line":20},"2":{"loc":{"start":{"line":25,"column":2},"end":{"line":29,"column":3}},"type":"if","locations":[{"start":{"line":25,"column":2},"end":{"line":29,"column":3}},{"start":{},"end":{}}],"line":25},"3":{"loc":{"start":{"line":31,"column":4},"end":{"line":74,"column":5}},"type":"if","locations":[{"start":{"line":31,"column":4},"end":{"line":74,"column":5}},{"start":{"line":34,"column":11},"end":{"line":74,"column":5}}],"line":31},"4":{"loc":{"start":{"line":34,"column":11},"end":{"line":74,"column":5}},"type":"if","locations":[{"start":{"line":34,"column":11},"end":{"line":74,"column":5}},{"start":{"line":72,"column":11},"end":{"line":74,"column":5}}],"line":34},"5":{"loc":{"start":{"line":35,"column":6},"end":{"line":71,"column":7}},"type":"if","locations":[{"start":{"line":35,"column":6},"end":{"line":71,"column":7}},{"start":{"line":67,"column":13},"end":{"line":71,"column":7}}],"line":35}},"s":{"0":1,"1":1,"2":1,"3":1,"4":1,"5":1,"6":1,"7":1,"8":0,"9":0,"10":1,"11":1,"12":1,"13":1,"14":0,"15":0,"16":0,"17":0,"18":0,"19":0,"20":0,"21":0,"22":0,"23":0,"24":0,"25":0,"26":0,"27":0,"28":0,"29":0,"30":0,"31":0,"32":0,"33":0,"34":0},"f":{"0":1,"1":1,"2":0,"3":0,"4":0,"5":0},"b":{"0":[0,1],"1":[1,1],"2":[1,0],"3":[0,0],"4":[0,0],"5":[0,0]},"_coverageSchema":"1a1c01bbd47fc00a2c39e90264f33305004495a9","hash":"b01c7f309d509cb4b1b74c4e1bbb7149d8989522"}
,"/home/neimhin/dev/scealai/api/endpoints_functions/story/getStoryById.js": {"path":"/home/neimhin/dev/scealai/api/endpoints_functions/story/getStoryById.js","statementMap":{"0":{"start":{"line":1,"column":14},"end":{"line":1,"column":43}},"1":{"start":{"line":2,"column":22},"end":{"line":2,"column":53}},"2":{"start":{"line":5,"column":16},"end":{"line":5,"column":51}},"3":{"start":{"line":6,"column":2},"end":{"line":8,"column":3}},"4":{"start":{"line":7,"column":4},"end":{"line":7,"column":70}},"5":{"start":{"line":9,"column":2},"end":{"line":9,"column":21}},"6":{"start":{"line":10,"column":2},"end":{"line":10,"column":37}},"7":{"start":{"line":13,"column":0},"end":{"line":13,"column":30}}},"fnMap":{"0":{"name":"getStoryById","decl":{"start":{"line":4,"column":15},"end":{"line":4,"column":27}},"loc":{"start":{"line":4,"column":38},"end":{"line":11,"column":1}},"line":4}},"branchMap":{"0":{"loc":{"start":{"line":6,"column":2},"end":{"line":8,"column":3}},"type":"if","locations":[{"start":{"line":6,"column":2},"end":{"line":8,"column":3}},{"start":{},"end":{}}],"line":6}},"s":{"0":1,"1":1,"2":2,"3":2,"4":1,"5":1,"6":1,"7":1},"f":{"0":2},"b":{"0":[1,1]},"_coverageSchema":"1a1c01bbd47fc00a2c39e90264f33305004495a9","hash":"ab3614b79e38f230ba83c4f1dc5bc90f4897c1ce"}
,"/home/neimhin/dev/scealai/api/endpoints_functions/story/updateStoryAndCheckGrammar.js": {"path":"/home/neimhin/dev/scealai/api/endpoints_functions/story/updateStoryAndCheckGrammar.js","statementMap":{"0":{"start":{"line":1,"column":14},"end":{"line":1,"column":43}},"1":{"start":{"line":2,"column":29},"end":{"line":2,"column":59}},"2":{"start":{"line":3,"column":15},"end":{"line":3,"column":38}},"3":{"start":{"line":5,"column":0},"end":{"line":66,"column":2}},"4":{"start":{"line":6,"column":22},"end":{"line":6,"column":41}},"5":{"start":{"line":8,"column":26},"end":{"line":8,"column":52}},"6":{"start":{"line":9,"column":2},"end":{"line":13,"column":3}},"7":{"start":{"line":10,"column":4},"end":{"line":12,"column":7}},"8":{"start":{"line":16,"column":2},"end":{"line":16,"column":30}},"9":{"start":{"line":21,"column":4},"end":{"line":21,"column":67}},"10":{"start":{"line":24,"column":4},"end":{"line":24,"column":46}},"11":{"start":{"line":27,"column":4},"end":{"line":27,"column":46}},"12":{"start":{"line":30,"column":25},"end":{"line":30,"column":27}},"13":{"start":{"line":32,"column":2},"end":{"line":36,"column":18}},"14":{"start":{"line":34,"column":8},"end":{"line":34,"column":28}},"15":{"start":{"line":35,"column":8},"end":{"line":35,"column":46}},"16":{"start":{"line":38,"column":2},"end":{"line":40,"column":3}},"17":{"start":{"line":39,"column":4},"end":{"line":39,"column":54}},"18":{"start":{"line":42,"column":2},"end":{"line":46,"column":16}},"19":{"start":{"line":44,"column":6},"end":{"line":44,"column":26}},"20":{"start":{"line":45,"column":6},"end":{"line":45,"column":51}},"21":{"start":{"line":48,"column":2},"end":{"line":52,"column":16}},"22":{"start":{"line":50,"column":6},"end":{"line":50,"column":26}},"23":{"start":{"line":51,"column":6},"end":{"line":51,"column":49}},"24":{"start":{"line":54,"column":15},"end":{"line":54,"column":18}},"25":{"start":{"line":56,"column":2},"end":{"line":62,"column":3}},"26":{"start":{"line":57,"column":4},"end":{"line":57,"column":17}},"27":{"start":{"line":58,"column":9},"end":{"line":62,"column":3}},"28":{"start":{"line":59,"column":4},"end":{"line":59,"column":42}},"29":{"start":{"line":60,"column":9},"end":{"line":62,"column":3}},"30":{"start":{"line":61,"column":4},"end":{"line":61,"column":40}},"31":{"start":{"line":64,"column":2},"end":{"line":64,"column":51}},"32":{"start":{"line":65,"column":2},"end":{"line":65,"column":56}}},"fnMap":{"0":{"name":"(anonymous_0)","decl":{"start":{"line":5,"column":17},"end":{"line":5,"column":18}},"loc":{"start":{"line":5,"column":37},"end":{"line":66,"column":1}},"line":5},"1":{"name":"(anonymous_1)","decl":{"start":{"line":33,"column":37},"end":{"line":33,"column":38}},"loc":{"start":{"line":33,"column":48},"end":{"line":36,"column":7}},"line":33},"2":{"name":"(anonymous_2)","decl":{"start":{"line":43,"column":42},"end":{"line":43,"column":43}},"loc":{"start":{"line":43,"column":53},"end":{"line":46,"column":5}},"line":43},"3":{"name":"(anonymous_3)","decl":{"start":{"line":49,"column":40},"end":{"line":49,"column":41}},"loc":{"start":{"line":49,"column":51},"end":{"line":52,"column":5}},"line":49}},"branchMap":{"0":{"loc":{"start":{"line":9,"column":2},"end":{"line":13,"column":3}},"type":"if","locations":[{"start":{"line":9,"column":2},"end":{"line":13,"column":3}},{"start":{},"end":{}}],"line":9},"1":{"loc":{"start":{"line":33,"column":6},"end":{"line":36,"column":17}},"type":"binary-expr","locations":[{"start":{"line":33,"column":6},"end":{"line":36,"column":8}},{"start":{"line":36,"column":12},"end":{"line":36,"column":17}}],"line":33},"2":{"loc":{"start":{"line":38,"column":2},"end":{"line":40,"column":3}},"type":"if","locations":[{"start":{"line":38,"column":2},"end":{"line":40,"column":3}},{"start":{},"end":{}}],"line":38},"3":{"loc":{"start":{"line":43,"column":4},"end":{"line":46,"column":15}},"type":"binary-expr","locations":[{"start":{"line":43,"column":4},"end":{"line":46,"column":6}},{"start":{"line":46,"column":10},"end":{"line":46,"column":15}}],"line":43},"4":{"loc":{"start":{"line":49,"column":4},"end":{"line":52,"column":15}},"type":"binary-expr","locations":[{"start":{"line":49,"column":4},"end":{"line":52,"column":6}},{"start":{"line":52,"column":10},"end":{"line":52,"column":15}}],"line":49},"5":{"loc":{"start":{"line":56,"column":2},"end":{"line":62,"column":3}},"type":"if","locations":[{"start":{"line":56,"column":2},"end":{"line":62,"column":3}},{"start":{"line":58,"column":9},"end":{"line":62,"column":3}}],"line":56},"6":{"loc":{"start":{"line":58,"column":9},"end":{"line":62,"column":3}},"type":"if","locations":[{"start":{"line":58,"column":9},"end":{"line":62,"column":3}},{"start":{"line":60,"column":9},"end":{"line":62,"column":3}}],"line":58},"7":{"loc":{"start":{"line":60,"column":9},"end":{"line":62,"column":3}},"type":"if","locations":[{"start":{"line":60,"column":9},"end":{"line":62,"column":3}},{"start":{},"end":{}}],"line":60},"8":{"loc":{"start":{"line":65,"column":20},"end":{"line":65,"column":33}},"type":"binary-expr","locations":[{"start":{"line":65,"column":20},"end":{"line":65,"column":26}},{"start":{"line":65,"column":30},"end":{"line":65,"column":33}}],"line":65}},"s":{"0":1,"1":1,"2":1,"3":1,"4":0,"5":0,"6":0,"7":0,"8":0,"9":0,"10":0,"11":0,"12":0,"13":0,"14":0,"15":0,"16":0,"17":0,"18":0,"19":0,"20":0,"21":0,"22":0,"23":0,"24":0,"25":0,"26":0,"27":0,"28":0,"29":0,"30":0,"31":0,"32":0},"f":{"0":0,"1":0,"2":0,"3":0},"b":{"0":[0,0],"1":[0,0],"2":[0,0],"3":[0,0],"4":[0,0],"5":[0,0],"6":[0,0],"7":[0,0],"8":[0,0]},"_coverageSchema":"1a1c01bbd47fc00a2c39e90264f33305004495a9","hash":"895ec74f7d0ed3b12c356d7994d04643a718adf7"}
,"/home/neimhin/dev/scealai/api/endpoints_functions/story/viewFeedback.js": {"path":"/home/neimhin/dev/scealai/api/endpoints_functions/story/viewFeedback.js","statementMap":{"0":{"start":{"line":1,"column":14},"end":{"line":1,"column":43}},"1":{"start":{"line":2,"column":22},"end":{"line":2,"column":53}},"2":{"start":{"line":3,"column":17},"end":{"line":3,"column":36}},"3":{"start":{"line":5,"column":0},"end":{"line":22,"column":2}},"4":{"start":{"line":6,"column":2},"end":{"line":10,"column":3}},"5":{"start":{"line":7,"column":4},"end":{"line":9,"column":7}},"6":{"start":{"line":11,"column":16},"end":{"line":11,"column":51}},"7":{"start":{"line":12,"column":2},"end":{"line":18,"column":3}},"8":{"start":{"line":13,"column":4},"end":{"line":13,"column":40}},"9":{"start":{"line":14,"column":4},"end":{"line":14,"column":17}},"10":{"start":{"line":15,"column":4},"end":{"line":17,"column":7}},"11":{"start":{"line":20,"column":2},"end":{"line":21,"column":57}}},"fnMap":{"0":{"name":"(anonymous_0)","decl":{"start":{"line":5,"column":17},"end":{"line":5,"column":18}},"loc":{"start":{"line":5,"column":37},"end":{"line":22,"column":1}},"line":5}},"branchMap":{"0":{"loc":{"start":{"line":6,"column":2},"end":{"line":10,"column":3}},"type":"if","locations":[{"start":{"line":6,"column":2},"end":{"line":10,"column":3}},{"start":{},"end":{}}],"line":6},"1":{"loc":{"start":{"line":12,"column":2},"end":{"line":18,"column":3}},"type":"if","locations":[{"start":{"line":12,"column":2},"end":{"line":18,"column":3}},{"start":{},"end":{}}],"line":12}},"s":{"0":1,"1":1,"2":1,"3":1,"4":2,"5":1,"6":1,"7":1,"8":1,"9":1,"10":1,"11":0},"f":{"0":2},"b":{"0":[1,1],"1":[1,0]},"_coverageSchema":"1a1c01bbd47fc00a2c39e90264f33305004495a9","hash":"37e883d03a555ca685cb305bf42ee17980c2c83d"}
,"/home/neimhin/dev/scealai/api/models/gramadoir.js": {"path":"/home/neimhin/dev/scealai/api/models/gramadoir.js","statementMap":{"0":{"start":{"line":1,"column":17},"end":{"line":1,"column":36}},"1":{"start":{"line":2,"column":15},"end":{"line":2,"column":30}},"2":{"start":{"line":4,"column":26},"end":{"line":14,"column":2}},"3":{"start":{"line":16,"column":23},"end":{"line":27,"column":2}},"4":{"start":{"line":29,"column":27},"end":{"line":36,"column":2}},"5":{"start":{"line":39,"column":30},"end":{"line":52,"column":2}},"6":{"start":{"line":54,"column":0},"end":{"line":57,"column":1}}},"fnMap":{},"branchMap":{},"s":{"0":1,"1":1,"2":1,"3":1,"4":1,"5":1,"6":1},"f":{},"b":{},"_coverageSchema":"1a1c01bbd47fc00a2c39e90264f33305004495a9","hash":"25d98612eb0898722fad7a99f2cee4b10df02ef0"}
,"/home/neimhin/dev/scealai/api/models/story.js": {"path":"/home/neimhin/dev/scealai/api/models/story.js","statementMap":{"0":{"start":{"line":1,"column":17},"end":{"line":1,"column":36}},"1":{"start":{"line":2,"column":15},"end":{"line":2,"column":30}},"2":{"start":{"line":4,"column":12},"end":{"line":45,"column":2}},"3":{"start":{"line":47,"column":0},"end":{"line":47,"column":48}}},"fnMap":{},"branchMap":{},"s":{"0":1,"1":1,"2":1,"3":1},"f":{},"b":{},"_coverageSchema":"1a1c01bbd47fc00a2c39e90264f33305004495a9","hash":"527f2a4bf035d2f948448d6eea56292df7443852"}
,"/home/neimhin/dev/scealai/api/models/user.js": {"path":"/home/neimhin/dev/scealai/api/models/user.js","statementMap":{"0":{"start":{"line":1,"column":15},"end":{"line":1,"column":34}},"1":{"start":{"line":2,"column":13},"end":{"line":2,"column":30}},"2":{"start":{"line":3,"column":10},"end":{"line":3,"column":33}},"3":{"start":{"line":5,"column":26},"end":{"line":5,"column":54}},"4":{"start":{"line":7,"column":27},"end":{"line":14,"column":2}},"5":{"start":{"line":16,"column":28},"end":{"line":23,"column":2}},"6":{"start":{"line":25,"column":19},"end":{"line":69,"column":2}},"7":{"start":{"line":71,"column":0},"end":{"line":79,"column":2}},"8":{"start":{"line":72,"column":2},"end":{"line":72,"column":53}},"9":{"start":{"line":73,"column":2},"end":{"line":78,"column":32}},"10":{"start":{"line":81,"column":0},"end":{"line":89,"column":2}},"11":{"start":{"line":82,"column":2},"end":{"line":88,"column":36}},"12":{"start":{"line":91,"column":0},"end":{"line":97,"column":2}},"13":{"start":{"line":92,"column":2},"end":{"line":94,"column":3}},"14":{"start":{"line":93,"column":4},"end":{"line":93,"column":17}},"15":{"start":{"line":95,"column":26},"end":{"line":95,"column":46}},"16":{"start":{"line":96,"column":2},"end":{"line":96,"column":44}},"17":{"start":{"line":99,"column":0},"end":{"line":111,"column":2}},"18":{"start":{"line":100,"column":17},"end":{"line":100,"column":27}},"19":{"start":{"line":101,"column":2},"end":{"line":101,"column":39}},"20":{"start":{"line":103,"column":2},"end":{"line":110,"column":19}},"21":{"start":{"line":113,"column":0},"end":{"line":118,"column":2}},"22":{"start":{"line":114,"column":2},"end":{"line":117,"column":5}},"23":{"start":{"line":122,"column":0},"end":{"line":138,"column":2}},"24":{"start":{"line":123,"column":2},"end":{"line":125,"column":3}},"25":{"start":{"line":124,"column":4},"end":{"line":124,"column":28}},"26":{"start":{"line":127,"column":2},"end":{"line":130,"column":19}},"27":{"start":{"line":132,"column":2},"end":{"line":132,"column":39}},"28":{"start":{"line":134,"column":2},"end":{"line":137,"column":39}},"29":{"start":{"line":142,"column":0},"end":{"line":159,"column":1}},"30":{"start":{"line":144,"column":2},"end":{"line":146,"column":3}},"31":{"start":{"line":145,"column":4},"end":{"line":145,"column":27}},"32":{"start":{"line":147,"column":2},"end":{"line":150,"column":19}},"33":{"start":{"line":152,"column":2},"end":{"line":152,"column":38}},"34":{"start":{"line":154,"column":2},"end":{"line":158,"column":52}},"35":{"start":{"line":161,"column":0},"end":{"line":161,"column":52}}},"fnMap":{"0":{"name":"(anonymous_0)","decl":{"start":{"line":71,"column":33},"end":{"line":71,"column":34}},"loc":{"start":{"line":71,"column":52},"end":{"line":79,"column":1}},"line":71},"1":{"name":"(anonymous_1)","decl":{"start":{"line":81,"column":35},"end":{"line":81,"column":36}},"loc":{"start":{"line":81,"column":54},"end":{"line":89,"column":1}},"line":81},"2":{"name":"(anonymous_2)","decl":{"start":{"line":91,"column":33},"end":{"line":91,"column":34}},"loc":{"start":{"line":91,"column":44},"end":{"line":97,"column":1}},"line":91},"3":{"name":"(anonymous_3)","decl":{"start":{"line":99,"column":33},"end":{"line":99,"column":34}},"loc":{"start":{"line":99,"column":44},"end":{"line":111,"column":1}},"line":99},"4":{"name":"(anonymous_4)","decl":{"start":{"line":113,"column":41},"end":{"line":113,"column":42}},"loc":{"start":{"line":113,"column":52},"end":{"line":118,"column":1}},"line":113},"5":{"name":"(anonymous_5)","decl":{"start":{"line":122,"column":47},"end":{"line":122,"column":48}},"loc":{"start":{"line":122,"column":65},"end":{"line":138,"column":1}},"line":122},"6":{"name":"(anonymous_6)","decl":{"start":{"line":142,"column":44},"end":{"line":142,"column":45}},"loc":{"start":{"line":142,"column":72},"end":{"line":159,"column":1}},"line":142}},"branchMap":{"0":{"loc":{"start":{"line":92,"column":2},"end":{"line":94,"column":3}},"type":"if","locations":[{"start":{"line":92,"column":2},"end":{"line":94,"column":3}},{"start":{},"end":{}}],"line":92},"1":{"loc":{"start":{"line":123,"column":2},"end":{"line":125,"column":3}},"type":"if","locations":[{"start":{"line":123,"column":2},"end":{"line":125,"column":3}},{"start":{},"end":{}}],"line":123},"2":{"loc":{"start":{"line":144,"column":2},"end":{"line":146,"column":3}},"type":"if","locations":[{"start":{"line":144,"column":2},"end":{"line":146,"column":3}},{"start":{},"end":{}}],"line":144}},"s":{"0":1,"1":1,"2":1,"3":1,"4":1,"5":1,"6":1,"7":1,"8":0,"9":0,"10":1,"11":0,"12":1,"13":0,"14":0,"15":0,"16":0,"17":1,"18":0,"19":0,"20":0,"21":1,"22":0,"23":1,"24":0,"25":0,"26":0,"27":0,"28":0,"29":1,"30":0,"31":0,"32":0,"33":0,"34":0,"35":1},"f":{"0":0,"1":0,"2":0,"3":0,"4":0,"5":0,"6":0},"b":{"0":[0,0],"1":[0,0],"2":[0,0]},"_coverageSchema":"1a1c01bbd47fc00a2c39e90264f33305004495a9","hash":"d07cccdb8a6efc739597613b4d163610b1f24821"}
,"/home/neimhin/dev/scealai/api/routes/story.route.js": {"path":"/home/neimhin/dev/scealai/api/routes/story.route.js","statementMap":{"0":{"start":{"line":1,"column":16},"end":{"line":1,"column":34}},"1":{"start":{"line":2,"column":15},"end":{"line":2,"column":32}},"2":{"start":{"line":3,"column":19},"end":{"line":3,"column":36}},"3":{"start":{"line":4,"column":16},"end":{"line":4,"column":34}},"4":{"start":{"line":5,"column":17},"end":{"line":5,"column":44}},"5":{"start":{"line":6,"column":20},"end":{"line":6,"column":50}},"6":{"start":{"line":7,"column":20},"end":{"line":7,"column":42}},"7":{"start":{"line":8,"column":16},"end":{"line":8,"column":34}},"8":{"start":{"line":9,"column":22},"end":{"line":9,"column":55}},"9":{"start":{"line":10,"column":29},"end":{"line":10,"column":56}},"10":{"start":{"line":11,"column":13},"end":{"line":11,"column":28}},"11":{"start":{"line":12,"column":11},"end":{"line":12,"column":24}},"12":{"start":{"line":13,"column":15},"end":{"line":13,"column":45}},"13":{"start":{"line":14,"column":21},"end":{"line":14,"column":49}},"14":{"start":{"line":15,"column":15},"end":{"line":15,"column":35}},"15":{"start":{"line":16,"column":14},"end":{"line":16,"column":39}},"16":{"start":{"line":18,"column":15},"end":{"line":18,"column":31}},"17":{"start":{"line":19,"column":14},"end":{"line":19,"column":40}},"18":{"start":{"line":22,"column":0},"end":{"line":32,"column":7}},"19":{"start":{"line":25,"column":6},"end":{"line":30,"column":7}},"20":{"start":{"line":26,"column":8},"end":{"line":28,"column":57}},"21":{"start":{"line":29,"column":8},"end":{"line":29,"column":24}},"22":{"start":{"line":31,"column":6},"end":{"line":31,"column":50}},"23":{"start":{"line":38,"column":0},"end":{"line":59,"column":5}},"24":{"start":{"line":41,"column":4},"end":{"line":41,"column":56}},"25":{"start":{"line":43,"column":4},"end":{"line":43,"column":70}},"26":{"start":{"line":45,"column":4},"end":{"line":45,"column":57}},"27":{"start":{"line":47,"column":4},"end":{"line":47,"column":56}},"28":{"start":{"line":49,"column":2},"end":{"line":58,"column":5}},"29":{"start":{"line":62,"column":0},"end":{"line":73,"column":3}},"30":{"start":{"line":63,"column":16},"end":{"line":63,"column":35}},"31":{"start":{"line":64,"column":2},"end":{"line":64,"column":38}},"32":{"start":{"line":65,"column":2},"end":{"line":65,"column":29}},"33":{"start":{"line":66,"column":2},"end":{"line":66,"column":32}},"34":{"start":{"line":67,"column":2},"end":{"line":68,"column":29}},"35":{"start":{"line":67,"column":13},"end":{"line":67,"column":31}},"36":{"start":{"line":68,"column":13},"end":{"line":68,"column":27}},"37":{"start":{"line":69,"column":2},"end":{"line":72,"column":5}},"38":{"start":{"line":76,"column":0},"end":{"line":85,"column":3}},"39":{"start":{"line":77,"column":2},"end":{"line":84,"column":5}},"40":{"start":{"line":78,"column":4},"end":{"line":83,"column":5}},"41":{"start":{"line":79,"column":6},"end":{"line":79,"column":23}},"42":{"start":{"line":80,"column":6},"end":{"line":80,"column":19}},"43":{"start":{"line":82,"column":6},"end":{"line":82,"column":24}},"44":{"start":{"line":88,"column":0},"end":{"line":97,"column":3}},"45":{"start":{"line":89,"column":2},"end":{"line":96,"column":5}},"46":{"start":{"line":90,"column":4},"end":{"line":95,"column":5}},"47":{"start":{"line":91,"column":6},"end":{"line":91,"column":23}},"48":{"start":{"line":92,"column":6},"end":{"line":92,"column":19}},"49":{"start":{"line":94,"column":6},"end":{"line":94,"column":24}},"50":{"start":{"line":100,"column":0},"end":{"line":109,"column":3}},"51":{"start":{"line":101,"column":2},"end":{"line":108,"column":5}},"52":{"start":{"line":102,"column":4},"end":{"line":107,"column":5}},"53":{"start":{"line":103,"column":6},"end":{"line":103,"column":23}},"54":{"start":{"line":104,"column":6},"end":{"line":104,"column":54}},"55":{"start":{"line":106,"column":6},"end":{"line":106,"column":22}},"56":{"start":{"line":113,"column":0},"end":{"line":148,"column":3}},"57":{"start":{"line":116,"column":6},"end":{"line":147,"column":9}},"58":{"start":{"line":117,"column":8},"end":{"line":120,"column":9}},"59":{"start":{"line":118,"column":10},"end":{"line":118,"column":27}},"60":{"start":{"line":119,"column":10},"end":{"line":119,"column":31}},"61":{"start":{"line":121,"column":8},"end":{"line":145,"column":9}},"62":{"start":{"line":122,"column":10},"end":{"line":122,"column":40}},"63":{"start":{"line":124,"column":10},"end":{"line":126,"column":11}},"64":{"start":{"line":125,"column":12},"end":{"line":125,"column":39}},"65":{"start":{"line":127,"column":10},"end":{"line":129,"column":11}},"66":{"start":{"line":128,"column":12},"end":{"line":128,"column":47}},"67":{"start":{"line":130,"column":10},"end":{"line":132,"column":11}},"68":{"start":{"line":131,"column":12},"end":{"line":131,"column":53}},"69":{"start":{"line":133,"column":10},"end":{"line":135,"column":11}},"70":{"start":{"line":134,"column":12},"end":{"line":134,"column":45}},"71":{"start":{"line":136,"column":10},"end":{"line":138,"column":11}},"72":{"start":{"line":137,"column":12},"end":{"line":137,"column":41}},"73":{"start":{"line":140,"column":10},"end":{"line":144,"column":13}},"74":{"start":{"line":141,"column":12},"end":{"line":141,"column":40}},"75":{"start":{"line":143,"column":12},"end":{"line":143,"column":38}},"76":{"start":{"line":151,"column":0},"end":{"line":162,"column":2}},"77":{"start":{"line":152,"column":2},"end":{"line":161,"column":5}},"78":{"start":{"line":153,"column":4},"end":{"line":153,"column":26}},"79":{"start":{"line":153,"column":12},"end":{"line":153,"column":26}},"80":{"start":{"line":155,"column":4},"end":{"line":160,"column":5}},"81":{"start":{"line":156,"column":6},"end":{"line":156,"column":36}},"82":{"start":{"line":159,"column":6},"end":{"line":159,"column":24}},"83":{"start":{"line":165,"column":0},"end":{"line":173,"column":3}},"84":{"start":{"line":166,"column":2},"end":{"line":172,"column":5}},"85":{"start":{"line":167,"column":4},"end":{"line":171,"column":48}},"86":{"start":{"line":168,"column":6},"end":{"line":168,"column":23}},"87":{"start":{"line":169,"column":6},"end":{"line":169,"column":20}},"88":{"start":{"line":171,"column":9},"end":{"line":171,"column":48}},"89":{"start":{"line":176,"column":0},"end":{"line":184,"column":3}},"90":{"start":{"line":177,"column":2},"end":{"line":183,"column":5}},"91":{"start":{"line":178,"column":4},"end":{"line":182,"column":63}},"92":{"start":{"line":179,"column":6},"end":{"line":179,"column":23}},"93":{"start":{"line":180,"column":6},"end":{"line":180,"column":20}},"94":{"start":{"line":182,"column":9},"end":{"line":182,"column":63}},"95":{"start":{"line":186,"column":0},"end":{"line":198,"column":3}},"96":{"start":{"line":187,"column":2},"end":{"line":197,"column":5}},"97":{"start":{"line":188,"column":4},"end":{"line":191,"column":5}},"98":{"start":{"line":189,"column":6},"end":{"line":189,"column":23}},"99":{"start":{"line":190,"column":6},"end":{"line":190,"column":20}},"100":{"start":{"line":192,"column":4},"end":{"line":196,"column":5}},"101":{"start":{"line":193,"column":6},"end":{"line":193,"column":31}},"102":{"start":{"line":195,"column":6},"end":{"line":195,"column":65}},"103":{"start":{"line":200,"column":0},"end":{"line":215,"column":3}},"104":{"start":{"line":201,"column":2},"end":{"line":214,"column":5}},"105":{"start":{"line":202,"column":4},"end":{"line":205,"column":5}},"106":{"start":{"line":203,"column":6},"end":{"line":203,"column":23}},"107":{"start":{"line":204,"column":6},"end":{"line":204,"column":20}},"108":{"start":{"line":206,"column":4},"end":{"line":213,"column":5}},"109":{"start":{"line":207,"column":6},"end":{"line":207,"column":46}},"110":{"start":{"line":208,"column":6},"end":{"line":208,"column":43}},"111":{"start":{"line":209,"column":6},"end":{"line":209,"column":19}},"112":{"start":{"line":210,"column":6},"end":{"line":210,"column":72}},"113":{"start":{"line":212,"column":6},"end":{"line":212,"column":65}},"114":{"start":{"line":217,"column":0},"end":{"line":257,"column":3}},"115":{"start":{"line":218,"column":2},"end":{"line":256,"column":5}},"116":{"start":{"line":219,"column":4},"end":{"line":222,"column":5}},"117":{"start":{"line":220,"column":6},"end":{"line":220,"column":23}},"118":{"start":{"line":221,"column":6},"end":{"line":221,"column":20}},"119":{"start":{"line":223,"column":4},"end":{"line":255,"column":5}},"120":{"start":{"line":224,"column":22},"end":{"line":224,"column":44}},"121":{"start":{"line":225,"column":21},"end":{"line":225,"column":110}},"122":{"start":{"line":226,"column":6},"end":{"line":252,"column":9}},"123":{"start":{"line":227,"column":8},"end":{"line":229,"column":9}},"124":{"start":{"line":228,"column":10},"end":{"line":228,"column":87}},"125":{"start":{"line":231,"column":36},"end":{"line":231,"column":50}},"126":{"start":{"line":232,"column":8},"end":{"line":232,"column":50}},"127":{"start":{"line":233,"column":8},"end":{"line":233,"column":39}},"128":{"start":{"line":235,"column":21},"end":{"line":237,"column":10}},"129":{"start":{"line":239,"column":27},"end":{"line":239,"column":102}},"130":{"start":{"line":240,"column":8},"end":{"line":240,"column":49}},"131":{"start":{"line":241,"column":8},"end":{"line":241,"column":21}},"132":{"start":{"line":243,"column":8},"end":{"line":243,"column":47}},"133":{"start":{"line":245,"column":8},"end":{"line":247,"column":11}},"134":{"start":{"line":246,"column":10},"end":{"line":246,"column":75}},"135":{"start":{"line":249,"column":8},"end":{"line":251,"column":11}},"136":{"start":{"line":250,"column":10},"end":{"line":250,"column":100}},"137":{"start":{"line":254,"column":6},"end":{"line":254,"column":65}},"138":{"start":{"line":259,"column":0},"end":{"line":278,"column":3}},"139":{"start":{"line":260,"column":2},"end":{"line":277,"column":5}},"140":{"start":{"line":261,"column":4},"end":{"line":264,"column":5}},"141":{"start":{"line":262,"column":6},"end":{"line":262,"column":23}},"142":{"start":{"line":263,"column":6},"end":{"line":263,"column":20}},"143":{"start":{"line":265,"column":4},"end":{"line":276,"column":5}},"144":{"start":{"line":266,"column":6},"end":{"line":268,"column":7}},"145":{"start":{"line":267,"column":8},"end":{"line":267,"column":57}},"146":{"start":{"line":269,"column":6},"end":{"line":273,"column":9}},"147":{"start":{"line":270,"column":8},"end":{"line":270,"column":36}},"148":{"start":{"line":272,"column":8},"end":{"line":272,"column":49}},"149":{"start":{"line":275,"column":6},"end":{"line":275,"column":57}},"150":{"start":{"line":280,"column":0},"end":{"line":353,"column":7}},"151":{"start":{"line":283,"column":6},"end":{"line":352,"column":7}},"152":{"start":{"line":284,"column":8},"end":{"line":287,"column":11}},"153":{"start":{"line":290,"column":10},"end":{"line":290,"column":45}},"154":{"start":{"line":292,"column":8},"end":{"line":297,"column":9}},"155":{"start":{"line":293,"column":10},"end":{"line":296,"column":17}},"156":{"start":{"line":299,"column":1},"end":{"line":299,"column":20}},"157":{"start":{"line":303,"column":10},"end":{"line":305,"column":69}},"158":{"start":{"line":307,"column":1},"end":{"line":307,"column":23}},"159":{"start":{"line":309,"column":8},"end":{"line":313,"column":11}},"160":{"start":{"line":317,"column":10},"end":{"line":319,"column":49}},"161":{"start":{"line":321,"column":8},"end":{"line":325,"column":9}},"162":{"start":{"line":322,"column":10},"end":{"line":324,"column":13}},"163":{"start":{"line":328,"column":8},"end":{"line":347,"column":11}},"164":{"start":{"line":329,"column":10},"end":{"line":336,"column":11}},"165":{"start":{"line":330,"column":12},"end":{"line":334,"column":15}},"166":{"start":{"line":335,"column":5},"end":{"line":335,"column":34}},"167":{"start":{"line":338,"column":10},"end":{"line":346,"column":13}},"168":{"start":{"line":339,"column":12},"end":{"line":345,"column":13}},"169":{"start":{"line":340,"column":14},"end":{"line":344,"column":17}},"170":{"start":{"line":349,"column":8},"end":{"line":349,"column":27}},"171":{"start":{"line":350,"column":8},"end":{"line":350,"column":28}},"172":{"start":{"line":351,"column":8},"end":{"line":351,"column":31}},"173":{"start":{"line":357,"column":0},"end":{"line":371,"column":3}},"174":{"start":{"line":358,"column":2},"end":{"line":370,"column":5}},"175":{"start":{"line":359,"column":4},"end":{"line":369,"column":5}},"176":{"start":{"line":360,"column":6},"end":{"line":366,"column":9}},"177":{"start":{"line":361,"column":8},"end":{"line":365,"column":9}},"178":{"start":{"line":362,"column":10},"end":{"line":362,"column":30}},"179":{"start":{"line":364,"column":10},"end":{"line":364,"column":53}},"180":{"start":{"line":368,"column":6},"end":{"line":368,"column":60}},"181":{"start":{"line":377,"column":0},"end":{"line":389,"column":3}},"182":{"start":{"line":378,"column":2},"end":{"line":388,"column":3}},"183":{"start":{"line":379,"column":4},"end":{"line":385,"column":7}},"184":{"start":{"line":380,"column":6},"end":{"line":384,"column":7}},"185":{"start":{"line":381,"column":8},"end":{"line":381,"column":28}},"186":{"start":{"line":383,"column":8},"end":{"line":383,"column":51}},"187":{"start":{"line":387,"column":4},"end":{"line":387,"column":78}},"188":{"start":{"line":393,"column":2},"end":{"line":393,"column":58}},"189":{"start":{"line":393,"column":36},"end":{"line":393,"column":58}},"190":{"start":{"line":394,"column":2},"end":{"line":394,"column":56}},"191":{"start":{"line":394,"column":34},"end":{"line":394,"column":56}},"192":{"start":{"line":395,"column":2},"end":{"line":395,"column":54}},"193":{"start":{"line":395,"column":32},"end":{"line":395,"column":54}},"194":{"start":{"line":406,"column":13},"end":{"line":412,"column":3}},"195":{"start":{"line":415,"column":17},"end":{"line":415,"column":44}},"196":{"start":{"line":416,"column":22},"end":{"line":416,"column":37}},"197":{"start":{"line":418,"column":2},"end":{"line":459,"column":5}},"198":{"start":{"line":420,"column":4},"end":{"line":458,"column":7}},"199":{"start":{"line":431,"column":6},"end":{"line":431,"column":29}},"200":{"start":{"line":431,"column":14},"end":{"line":431,"column":29}},"201":{"start":{"line":432,"column":6},"end":{"line":457,"column":7}},"202":{"start":{"line":434,"column":29},"end":{"line":434,"column":77}},"203":{"start":{"line":435,"column":25},"end":{"line":435,"column":27}},"204":{"start":{"line":436,"column":19},"end":{"line":436,"column":21}},"205":{"start":{"line":438,"column":8},"end":{"line":453,"column":9}},"206":{"start":{"line":439,"column":26},"end":{"line":439,"column":28}},"207":{"start":{"line":440,"column":10},"end":{"line":451,"column":11}},"208":{"start":{"line":443,"column":12},"end":{"line":450,"column":13}},"209":{"start":{"line":444,"column":14},"end":{"line":444,"column":43}},"210":{"start":{"line":448,"column":17},"end":{"line":450,"column":13}},"211":{"start":{"line":449,"column":14},"end":{"line":449,"column":30}},"212":{"start":{"line":452,"column":10},"end":{"line":452,"column":37}},"213":{"start":{"line":454,"column":8},"end":{"line":454,"column":52}},"214":{"start":{"line":456,"column":8},"end":{"line":456,"column":17}},"215":{"start":{"line":462,"column":0},"end":{"line":504,"column":3}},"216":{"start":{"line":463,"column":2},"end":{"line":503,"column":5}},"217":{"start":{"line":464,"column":4},"end":{"line":464,"column":34}},"218":{"start":{"line":465,"column":4},"end":{"line":468,"column":5}},"219":{"start":{"line":466,"column":6},"end":{"line":466,"column":23}},"220":{"start":{"line":467,"column":6},"end":{"line":467,"column":27}},"221":{"start":{"line":469,"column":4},"end":{"line":502,"column":5}},"222":{"start":{"line":470,"column":19},"end":{"line":473,"column":7}},"223":{"start":{"line":475,"column":23},"end":{"line":475,"column":50}},"224":{"start":{"line":477,"column":6},"end":{"line":477,"column":43}},"225":{"start":{"line":478,"column":6},"end":{"line":499,"column":9}},"226":{"start":{"line":487,"column":8},"end":{"line":498,"column":9}},"227":{"start":{"line":488,"column":10},"end":{"line":490,"column":25}},"228":{"start":{"line":491,"column":15},"end":{"line":498,"column":9}},"229":{"start":{"line":492,"column":10},"end":{"line":495,"column":13}},"230":{"start":{"line":497,"column":10},"end":{"line":497,"column":32}},"231":{"start":{"line":501,"column":6},"end":{"line":501,"column":47}},"232":{"start":{"line":507,"column":0},"end":{"line":507,"column":29}}},"fnMap":{"0":{"name":"(anonymous_0)","decl":{"start":{"line":24,"column":4},"end":{"line":24,"column":5}},"loc":{"start":{"line":24,"column":21},"end":{"line":32,"column":5}},"line":24},"1":{"name":"(anonymous_1)","decl":{"start":{"line":38,"column":1},"end":{"line":38,"column":2}},"loc":{"start":{"line":38,"column":7},"end":{"line":59,"column":1}},"line":38},"2":{"name":"(anonymous_2)","decl":{"start":{"line":62,"column":34},"end":{"line":62,"column":35}},"loc":{"start":{"line":62,"column":65},"end":{"line":73,"column":1}},"line":62},"3":{"name":"(anonymous_3)","decl":{"start":{"line":76,"column":34},"end":{"line":76,"column":35}},"loc":{"start":{"line":76,"column":54},"end":{"line":85,"column":1}},"line":76},"4":{"name":"(anonymous_4)","decl":{"start":{"line":77,"column":44},"end":{"line":77,"column":45}},"loc":{"start":{"line":77,"column":68},"end":{"line":84,"column":3}},"line":77},"5":{"name":"(anonymous_5)","decl":{"start":{"line":88,"column":63},"end":{"line":88,"column":64}},"loc":{"start":{"line":88,"column":83},"end":{"line":97,"column":1}},"line":88},"6":{"name":"(anonymous_6)","decl":{"start":{"line":89,"column":75},"end":{"line":89,"column":76}},"loc":{"start":{"line":89,"column":99},"end":{"line":96,"column":3}},"line":89},"7":{"name":"(anonymous_7)","decl":{"start":{"line":100,"column":40},"end":{"line":100,"column":41}},"loc":{"start":{"line":100,"column":59},"end":{"line":109,"column":1}},"line":100},"8":{"name":"(anonymous_8)","decl":{"start":{"line":101,"column":34},"end":{"line":101,"column":35}},"loc":{"start":{"line":101,"column":50},"end":{"line":108,"column":3}},"line":101},"9":{"name":"(anonymous_9)","decl":{"start":{"line":115,"column":10},"end":{"line":115,"column":11}},"loc":{"start":{"line":115,"column":24},"end":{"line":148,"column":1}},"line":115},"10":{"name":"(anonymous_10)","decl":{"start":{"line":116,"column":36},"end":{"line":116,"column":37}},"loc":{"start":{"line":116,"column":57},"end":{"line":147,"column":7}},"line":116},"11":{"name":"(anonymous_11)","decl":{"start":{"line":140,"column":29},"end":{"line":140,"column":30}},"loc":{"start":{"line":140,"column":40},"end":{"line":142,"column":11}},"line":140},"12":{"name":"(anonymous_12)","decl":{"start":{"line":142,"column":20},"end":{"line":142,"column":21}},"loc":{"start":{"line":142,"column":29},"end":{"line":144,"column":11}},"line":142},"13":{"name":"(anonymous_13)","decl":{"start":{"line":151,"column":51},"end":{"line":151,"column":52}},"loc":{"start":{"line":151,"column":71},"end":{"line":162,"column":1}},"line":151},"14":{"name":"(anonymous_14)","decl":{"start":{"line":152,"column":97},"end":{"line":152,"column":98}},"loc":{"start":{"line":152,"column":120},"end":{"line":161,"column":3}},"line":152},"15":{"name":"(anonymous_15)","decl":{"start":{"line":165,"column":37},"end":{"line":165,"column":38}},"loc":{"start":{"line":165,"column":56},"end":{"line":173,"column":1}},"line":165},"16":{"name":"(anonymous_16)","decl":{"start":{"line":166,"column":47},"end":{"line":166,"column":48}},"loc":{"start":{"line":166,"column":68},"end":{"line":172,"column":3}},"line":166},"17":{"name":"(anonymous_17)","decl":{"start":{"line":176,"column":51},"end":{"line":176,"column":52}},"loc":{"start":{"line":176,"column":70},"end":{"line":184,"column":1}},"line":176},"18":{"name":"(anonymous_18)","decl":{"start":{"line":177,"column":50},"end":{"line":177,"column":51}},"loc":{"start":{"line":177,"column":71},"end":{"line":183,"column":3}},"line":177},"19":{"name":"(anonymous_19)","decl":{"start":{"line":186,"column":39},"end":{"line":186,"column":40}},"loc":{"start":{"line":186,"column":58},"end":{"line":198,"column":1}},"line":186},"20":{"name":"(anonymous_20)","decl":{"start":{"line":187,"column":32},"end":{"line":187,"column":33}},"loc":{"start":{"line":187,"column":48},"end":{"line":197,"column":3}},"line":187},"21":{"name":"(anonymous_21)","decl":{"start":{"line":200,"column":43},"end":{"line":200,"column":44}},"loc":{"start":{"line":200,"column":57},"end":{"line":215,"column":1}},"line":200},"22":{"name":"(anonymous_22)","decl":{"start":{"line":201,"column":32},"end":{"line":201,"column":33}},"loc":{"start":{"line":201,"column":48},"end":{"line":214,"column":3}},"line":201},"23":{"name":"(anonymous_23)","decl":{"start":{"line":217,"column":48},"end":{"line":217,"column":49}},"loc":{"start":{"line":217,"column":62},"end":{"line":257,"column":1}},"line":217},"24":{"name":"(anonymous_24)","decl":{"start":{"line":218,"column":32},"end":{"line":218,"column":33}},"loc":{"start":{"line":218,"column":48},"end":{"line":256,"column":3}},"line":218},"25":{"name":"(anonymous_25)","decl":{"start":{"line":226,"column":39},"end":{"line":226,"column":40}},"loc":{"start":{"line":226,"column":48},"end":{"line":252,"column":7}},"line":226},"26":{"name":"(anonymous_26)","decl":{"start":{"line":245,"column":33},"end":{"line":245,"column":34}},"loc":{"start":{"line":245,"column":39},"end":{"line":247,"column":9}},"line":245},"27":{"name":"(anonymous_27)","decl":{"start":{"line":249,"column":34},"end":{"line":249,"column":35}},"loc":{"start":{"line":249,"column":40},"end":{"line":251,"column":9}},"line":249},"28":{"name":"(anonymous_28)","decl":{"start":{"line":259,"column":53},"end":{"line":259,"column":54}},"loc":{"start":{"line":259,"column":67},"end":{"line":278,"column":1}},"line":259},"29":{"name":"(anonymous_29)","decl":{"start":{"line":260,"column":32},"end":{"line":260,"column":33}},"loc":{"start":{"line":260,"column":48},"end":{"line":277,"column":3}},"line":260},"30":{"name":"(anonymous_30)","decl":{"start":{"line":269,"column":24},"end":{"line":269,"column":25}},"loc":{"start":{"line":269,"column":29},"end":{"line":271,"column":7}},"line":269},"31":{"name":"(anonymous_31)","decl":{"start":{"line":271,"column":15},"end":{"line":271,"column":16}},"loc":{"start":{"line":271,"column":20},"end":{"line":273,"column":7}},"line":271},"32":{"name":"(anonymous_32)","decl":{"start":{"line":282,"column":9},"end":{"line":282,"column":10}},"loc":{"start":{"line":282,"column":29},"end":{"line":353,"column":5}},"line":282},"33":{"name":"(anonymous_33)","decl":{"start":{"line":328,"column":31},"end":{"line":328,"column":32}},"loc":{"start":{"line":328,"column":48},"end":{"line":347,"column":9}},"line":328},"34":{"name":"(anonymous_34)","decl":{"start":{"line":338,"column":30},"end":{"line":338,"column":31}},"loc":{"start":{"line":338,"column":39},"end":{"line":346,"column":11}},"line":338},"35":{"name":"(anonymous_35)","decl":{"start":{"line":357,"column":41},"end":{"line":357,"column":42}},"loc":{"start":{"line":357,"column":55},"end":{"line":371,"column":1}},"line":357},"36":{"name":"(anonymous_36)","decl":{"start":{"line":358,"column":32},"end":{"line":358,"column":33}},"loc":{"start":{"line":358,"column":48},"end":{"line":370,"column":3}},"line":358},"37":{"name":"(anonymous_37)","decl":{"start":{"line":360,"column":34},"end":{"line":360,"column":35}},"loc":{"start":{"line":360,"column":47},"end":{"line":366,"column":7}},"line":360},"38":{"name":"(anonymous_38)","decl":{"start":{"line":377,"column":45},"end":{"line":377,"column":46}},"loc":{"start":{"line":377,"column":59},"end":{"line":389,"column":1}},"line":377},"39":{"name":"(anonymous_39)","decl":{"start":{"line":379,"column":41},"end":{"line":379,"column":42}},"loc":{"start":{"line":379,"column":54},"end":{"line":385,"column":5}},"line":379},"40":{"name":"synthesiseStory","decl":{"start":{"line":391,"column":9},"end":{"line":391,"column":24}},"loc":{"start":{"line":391,"column":32},"end":{"line":460,"column":1}},"line":391},"41":{"name":"(anonymous_41)","decl":{"start":{"line":418,"column":21},"end":{"line":418,"column":22}},"loc":{"start":{"line":418,"column":42},"end":{"line":459,"column":3}},"line":418},"42":{"name":"(anonymous_42)","decl":{"start":{"line":430,"column":7},"end":{"line":430,"column":8}},"loc":{"start":{"line":430,"column":34},"end":{"line":458,"column":5}},"line":430},"43":{"name":"(anonymous_43)","decl":{"start":{"line":462,"column":46},"end":{"line":462,"column":47}},"loc":{"start":{"line":462,"column":60},"end":{"line":504,"column":1}},"line":462},"44":{"name":"(anonymous_44)","decl":{"start":{"line":463,"column":32},"end":{"line":463,"column":33}},"loc":{"start":{"line":463,"column":48},"end":{"line":503,"column":3}},"line":463},"45":{"name":"(anonymous_45)","decl":{"start":{"line":486,"column":9},"end":{"line":486,"column":10}},"loc":{"start":{"line":486,"column":30},"end":{"line":499,"column":7}},"line":486}},"branchMap":{"0":{"loc":{"start":{"line":25,"column":6},"end":{"line":30,"column":7}},"type":"if","locations":[{"start":{"line":25,"column":6},"end":{"line":30,"column":7}},{"start":{},"end":{}}],"line":25},"1":{"loc":{"start":{"line":31,"column":21},"end":{"line":31,"column":48}},"type":"binary-expr","locations":[{"start":{"line":31,"column":21},"end":{"line":31,"column":35}},{"start":{"line":31,"column":39},"end":{"line":31,"column":48}}],"line":31},"2":{"loc":{"start":{"line":78,"column":4},"end":{"line":83,"column":5}},"type":"if","locations":[{"start":{"line":78,"column":4},"end":{"line":83,"column":5}},{"start":{"line":81,"column":11},"end":{"line":83,"column":5}}],"line":78},"3":{"loc":{"start":{"line":90,"column":4},"end":{"line":95,"column":5}},"type":"if","locations":[{"start":{"line":90,"column":4},"end":{"line":95,"column":5}},{"start":{"line":93,"column":11},"end":{"line":95,"column":5}}],"line":90},"4":{"loc":{"start":{"line":102,"column":4},"end":{"line":107,"column":5}},"type":"if","locations":[{"start":{"line":102,"column":4},"end":{"line":107,"column":5}},{"start":{"line":105,"column":11},"end":{"line":107,"column":5}}],"line":102},"5":{"loc":{"start":{"line":117,"column":8},"end":{"line":120,"column":9}},"type":"if","locations":[{"start":{"line":117,"column":8},"end":{"line":120,"column":9}},{"start":{},"end":{}}],"line":117},"6":{"loc":{"start":{"line":121,"column":8},"end":{"line":145,"column":9}},"type":"if","locations":[{"start":{"line":121,"column":8},"end":{"line":145,"column":9}},{"start":{"line":123,"column":15},"end":{"line":145,"column":9}}],"line":121},"7":{"loc":{"start":{"line":124,"column":10},"end":{"line":126,"column":11}},"type":"if","locations":[{"start":{"line":124,"column":10},"end":{"line":126,"column":11}},{"start":{},"end":{}}],"line":124},"8":{"loc":{"start":{"line":127,"column":10},"end":{"line":129,"column":11}},"type":"if","locations":[{"start":{"line":127,"column":10},"end":{"line":129,"column":11}},{"start":{},"end":{}}],"line":127},"9":{"loc":{"start":{"line":130,"column":10},"end":{"line":132,"column":11}},"type":"if","locations":[{"start":{"line":130,"column":10},"end":{"line":132,"column":11}},{"start":{},"end":{}}],"line":130},"10":{"loc":{"start":{"line":133,"column":10},"end":{"line":135,"column":11}},"type":"if","locations":[{"start":{"line":133,"column":10},"end":{"line":135,"column":11}},{"start":{},"end":{}}],"line":133},"11":{"loc":{"start":{"line":136,"column":10},"end":{"line":138,"column":11}},"type":"if","locations":[{"start":{"line":136,"column":10},"end":{"line":138,"column":11}},{"start":{},"end":{}}],"line":136},"12":{"loc":{"start":{"line":153,"column":4},"end":{"line":153,"column":26}},"type":"if","locations":[{"start":{"line":153,"column":4},"end":{"line":153,"column":26}},{"start":{},"end":{}}],"line":153},"13":{"loc":{"start":{"line":155,"column":4},"end":{"line":160,"column":5}},"type":"if","locations":[{"start":{"line":155,"column":4},"end":{"line":160,"column":5}},{"start":{"line":158,"column":9},"end":{"line":160,"column":5}}],"line":155},"14":{"loc":{"start":{"line":167,"column":4},"end":{"line":171,"column":48}},"type":"if","locations":[{"start":{"line":167,"column":4},"end":{"line":171,"column":48}},{"start":{"line":171,"column":9},"end":{"line":171,"column":48}}],"line":167},"15":{"loc":{"start":{"line":178,"column":4},"end":{"line":182,"column":63}},"type":"if","locations":[{"start":{"line":178,"column":4},"end":{"line":182,"column":63}},{"start":{"line":182,"column":9},"end":{"line":182,"column":63}}],"line":178},"16":{"loc":{"start":{"line":188,"column":4},"end":{"line":191,"column":5}},"type":"if","locations":[{"start":{"line":188,"column":4},"end":{"line":191,"column":5}},{"start":{},"end":{}}],"line":188},"17":{"loc":{"start":{"line":192,"column":4},"end":{"line":196,"column":5}},"type":"if","locations":[{"start":{"line":192,"column":4},"end":{"line":196,"column":5}},{"start":{"line":194,"column":11},"end":{"line":196,"column":5}}],"line":192},"18":{"loc":{"start":{"line":202,"column":4},"end":{"line":205,"column":5}},"type":"if","locations":[{"start":{"line":202,"column":4},"end":{"line":205,"column":5}},{"start":{},"end":{}}],"line":202},"19":{"loc":{"start":{"line":206,"column":4},"end":{"line":213,"column":5}},"type":"if","locations":[{"start":{"line":206,"column":4},"end":{"line":213,"column":5}},{"start":{"line":211,"column":11},"end":{"line":213,"column":5}}],"line":206},"20":{"loc":{"start":{"line":219,"column":4},"end":{"line":222,"column":5}},"type":"if","locations":[{"start":{"line":219,"column":4},"end":{"line":222,"column":5}},{"start":{},"end":{}}],"line":219},"21":{"loc":{"start":{"line":223,"column":4},"end":{"line":255,"column":5}},"type":"if","locations":[{"start":{"line":223,"column":4},"end":{"line":255,"column":5}},{"start":{"line":253,"column":11},"end":{"line":255,"column":5}}],"line":223},"22":{"loc":{"start":{"line":227,"column":8},"end":{"line":229,"column":9}},"type":"if","locations":[{"start":{"line":227,"column":8},"end":{"line":229,"column":9}},{"start":{},"end":{}}],"line":227},"23":{"loc":{"start":{"line":261,"column":4},"end":{"line":264,"column":5}},"type":"if","locations":[{"start":{"line":261,"column":4},"end":{"line":264,"column":5}},{"start":{},"end":{}}],"line":261},"24":{"loc":{"start":{"line":265,"column":4},"end":{"line":276,"column":5}},"type":"if","locations":[{"start":{"line":265,"column":4},"end":{"line":276,"column":5}},{"start":{"line":274,"column":11},"end":{"line":276,"column":5}}],"line":265},"25":{"loc":{"start":{"line":266,"column":6},"end":{"line":268,"column":7}},"type":"if","locations":[{"start":{"line":266,"column":6},"end":{"line":268,"column":7}},{"start":{},"end":{}}],"line":266},"26":{"loc":{"start":{"line":292,"column":8},"end":{"line":297,"column":9}},"type":"if","locations":[{"start":{"line":292,"column":8},"end":{"line":297,"column":9}},{"start":{},"end":{}}],"line":292},"27":{"loc":{"start":{"line":318,"column":14},"end":{"line":318,"column":42}},"type":"binary-expr","locations":[{"start":{"line":318,"column":14},"end":{"line":318,"column":28}},{"start":{"line":318,"column":32},"end":{"line":318,"column":42}}],"line":318},"28":{"loc":{"start":{"line":321,"column":8},"end":{"line":325,"column":9}},"type":"if","locations":[{"start":{"line":321,"column":8},"end":{"line":325,"column":9}},{"start":{},"end":{}}],"line":321},"29":{"loc":{"start":{"line":329,"column":10},"end":{"line":336,"column":11}},"type":"if","locations":[{"start":{"line":329,"column":10},"end":{"line":336,"column":11}},{"start":{},"end":{}}],"line":329},"30":{"loc":{"start":{"line":339,"column":12},"end":{"line":345,"column":13}},"type":"if","locations":[{"start":{"line":339,"column":12},"end":{"line":345,"column":13}},{"start":{},"end":{}}],"line":339},"31":{"loc":{"start":{"line":359,"column":4},"end":{"line":369,"column":5}},"type":"if","locations":[{"start":{"line":359,"column":4},"end":{"line":369,"column":5}},{"start":{"line":367,"column":11},"end":{"line":369,"column":5}}],"line":359},"32":{"loc":{"start":{"line":361,"column":8},"end":{"line":365,"column":9}},"type":"if","locations":[{"start":{"line":361,"column":8},"end":{"line":365,"column":9}},{"start":{"line":363,"column":15},"end":{"line":365,"column":9}}],"line":361},"33":{"loc":{"start":{"line":378,"column":2},"end":{"line":388,"column":3}},"type":"if","locations":[{"start":{"line":378,"column":2},"end":{"line":388,"column":3}},{"start":{"line":386,"column":9},"end":{"line":388,"column":3}}],"line":378},"34":{"loc":{"start":{"line":380,"column":6},"end":{"line":384,"column":7}},"type":"if","locations":[{"start":{"line":380,"column":6},"end":{"line":384,"column":7}},{"start":{"line":382,"column":13},"end":{"line":384,"column":7}}],"line":380},"35":{"loc":{"start":{"line":393,"column":2},"end":{"line":393,"column":58}},"type":"if","locations":[{"start":{"line":393,"column":2},"end":{"line":393,"column":58}},{"start":{},"end":{}}],"line":393},"36":{"loc":{"start":{"line":394,"column":2},"end":{"line":394,"column":56}},"type":"if","locations":[{"start":{"line":394,"column":2},"end":{"line":394,"column":56}},{"start":{},"end":{}}],"line":394},"37":{"loc":{"start":{"line":395,"column":2},"end":{"line":395,"column":54}},"type":"if","locations":[{"start":{"line":395,"column":2},"end":{"line":395,"column":54}},{"start":{},"end":{}}],"line":395},"38":{"loc":{"start":{"line":431,"column":6},"end":{"line":431,"column":29}},"type":"if","locations":[{"start":{"line":431,"column":6},"end":{"line":431,"column":29}},{"start":{},"end":{}}],"line":431},"39":{"loc":{"start":{"line":432,"column":6},"end":{"line":457,"column":7}},"type":"if","locations":[{"start":{"line":432,"column":6},"end":{"line":457,"column":7}},{"start":{"line":455,"column":13},"end":{"line":457,"column":7}}],"line":432},"40":{"loc":{"start":{"line":443,"column":12},"end":{"line":450,"column":13}},"type":"if","locations":[{"start":{"line":443,"column":12},"end":{"line":450,"column":13}},{"start":{"line":448,"column":17},"end":{"line":450,"column":13}}],"line":443},"41":{"loc":{"start":{"line":448,"column":17},"end":{"line":450,"column":13}},"type":"if","locations":[{"start":{"line":448,"column":17},"end":{"line":450,"column":13}},{"start":{},"end":{}}],"line":448},"42":{"loc":{"start":{"line":465,"column":4},"end":{"line":468,"column":5}},"type":"if","locations":[{"start":{"line":465,"column":4},"end":{"line":468,"column":5}},{"start":{},"end":{}}],"line":465},"43":{"loc":{"start":{"line":469,"column":4},"end":{"line":502,"column":5}},"type":"if","locations":[{"start":{"line":469,"column":4},"end":{"line":502,"column":5}},{"start":{"line":500,"column":11},"end":{"line":502,"column":5}}],"line":469},"44":{"loc":{"start":{"line":487,"column":8},"end":{"line":498,"column":9}},"type":"if","locations":[{"start":{"line":487,"column":8},"end":{"line":498,"column":9}},{"start":{"line":491,"column":15},"end":{"line":498,"column":9}}],"line":487},"45":{"loc":{"start":{"line":489,"column":12},"end":{"line":489,"column":49}},"type":"cond-expr","locations":[{"start":{"line":489,"column":29},"end":{"line":489,"column":43}},{"start":{"line":489,"column":46},"end":{"line":489,"column":49}}],"line":489},"46":{"loc":{"start":{"line":491,"column":15},"end":{"line":498,"column":9}},"type":"if","locations":[{"start":{"line":491,"column":15},"end":{"line":498,"column":9}},{"start":{"line":496,"column":15},"end":{"line":498,"column":9}}],"line":491}},"s":{"0":1,"1":1,"2":1,"3":1,"4":1,"5":1,"6":1,"7":1,"8":1,"9":1,"10":1,"11":1,"12":1,"13":1,"14":1,"15":1,"16":1,"17":1,"18":1,"19":1,"20":0,"21":0,"22":1,"23":1,"24":1,"25":1,"26":1,"27":1,"28":1,"29":1,"30":1,"31":1,"32":1,"33":1,"34":1,"35":1,"36":0,"37":1,"38":1,"39":0,"40":0,"41":0,"42":0,"43":0,"44":1,"45":0,"46":0,"47":0,"48":0,"49":0,"50":1,"51":0,"52":0,"53":0,"54":0,"55":0,"56":1,"57":0,"58":0,"59":0,"60":0,"61":0,"62":0,"63":0,"64":0,"65":0,"66":0,"67":0,"68":0,"69":0,"70":0,"71":0,"72":0,"73":0,"74":0,"75":0,"76":1,"77":0,"78":0,"79":0,"80":0,"81":0,"82":0,"83":1,"84":0,"85":0,"86":0,"87":0,"88":0,"89":1,"90":0,"91":0,"92":0,"93":0,"94":0,"95":1,"96":0,"97":0,"98":0,"99":0,"100":0,"101":0,"102":0,"103":1,"104":0,"105":0,"106":0,"107":0,"108":0,"109":0,"110":0,"111":0,"112":0,"113":0,"114":1,"115":0,"116":0,"117":0,"118":0,"119":0,"120":0,"121":0,"122":0,"123":0,"124":0,"125":0,"126":0,"127":0,"128":0,"129":0,"130":0,"131":0,"132":0,"133":0,"134":0,"135":0,"136":0,"137":0,"138":1,"139":0,"140":0,"141":0,"142":0,"143":0,"144":0,"145":0,"146":0,"147":0,"148":0,"149":0,"150":1,"151":0,"152":0,"153":0,"154":0,"155":0,"156":0,"157":0,"158":0,"159":0,"160":0,"161":0,"162":0,"163":0,"164":0,"165":0,"166":0,"167":0,"168":0,"169":0,"170":0,"171":0,"172":0,"173":1,"174":0,"175":0,"176":0,"177":0,"178":0,"179":0,"180":0,"181":1,"182":0,"183":0,"184":0,"185":0,"186":0,"187":0,"188":0,"189":0,"190":0,"191":0,"192":0,"193":0,"194":0,"195":0,"196":0,"197":0,"198":0,"199":0,"200":0,"201":0,"202":0,"203":0,"204":0,"205":0,"206":0,"207":0,"208":0,"209":0,"210":0,"211":0,"212":0,"213":0,"214":0,"215":1,"216":0,"217":0,"218":0,"219":0,"220":0,"221":0,"222":0,"223":0,"224":0,"225":0,"226":0,"227":0,"228":0,"229":0,"230":0,"231":0,"232":1},"f":{"0":1,"1":1,"2":1,"3":0,"4":0,"5":0,"6":0,"7":0,"8":0,"9":0,"10":0,"11":0,"12":0,"13":0,"14":0,"15":0,"16":0,"17":0,"18":0,"19":0,"20":0,"21":0,"22":0,"23":0,"24":0,"25":0,"26":0,"27":0,"28":0,"29":0,"30":0,"31":0,"32":0,"33":0,"34":0,"35":0,"36":0,"37":0,"38":0,"39":0,"40":0,"41":0,"42":0,"43":0,"44":0,"45":0},"b":{"0":[0,1],"1":[1,1],"2":[0,0],"3":[0,0],"4":[0,0],"5":[0,0],"6":[0,0],"7":[0,0],"8":[0,0],"9":[0,0],"10":[0,0],"11":[0,0],"12":[0,0],"13":[0,0],"14":[0,0],"15":[0,0],"16":[0,0],"17":[0,0],"18":[0,0],"19":[0,0],"20":[0,0],"21":[0,0],"22":[0,0],"23":[0,0],"24":[0,0],"25":[0,0],"26":[0,0],"27":[0,0],"28":[0,0],"29":[0,0],"30":[0,0],"31":[0,0],"32":[0,0],"33":[0,0],"34":[0,0],"35":[0,0],"36":[0,0],"37":[0,0],"38":[0,0],"39":[0,0],"40":[0,0],"41":[0,0],"42":[0,0],"43":[0,0],"44":[0,0],"45":[0,0],"46":[0,0]},"_coverageSchema":"1a1c01bbd47fc00a2c39e90264f33305004495a9","hash":"7d41ffb5014356c83614f52afed0f1d5cd44cd71"}
,"/home/neimhin/dev/scealai/api/utils/APIError.js": {"path":"/home/neimhin/dev/scealai/api/utils/APIError.js","statementMap":{"0":{"start":{"line":3,"column":8},"end":{"line":3,"column":23}},"1":{"start":{"line":4,"column":8},"end":{"line":4,"column":29}},"2":{"start":{"line":10,"column":8},"end":{"line":10,"column":28}},"3":{"start":{"line":16,"column":8},"end":{"line":16,"column":28}},"4":{"start":{"line":22,"column":8},"end":{"line":22,"column":28}},"5":{"start":{"line":26,"column":0},"end":{"line":26,"column":67}}},"fnMap":{"0":{"name":"(anonymous_0)","decl":{"start":{"line":2,"column":4},"end":{"line":2,"column":5}},"loc":{"start":{"line":2,"column":33},"end":{"line":5,"column":5}},"line":2},"1":{"name":"(anonymous_1)","decl":{"start":{"line":9,"column":4},"end":{"line":9,"column":5}},"loc":{"start":{"line":9,"column":25},"end":{"line":11,"column":5}},"line":9},"2":{"name":"(anonymous_2)","decl":{"start":{"line":15,"column":4},"end":{"line":15,"column":5}},"loc":{"start":{"line":15,"column":25},"end":{"line":17,"column":5}},"line":15},"3":{"name":"(anonymous_3)","decl":{"start":{"line":21,"column":4},"end":{"line":21,"column":5}},"loc":{"start":{"line":21,"column":25},"end":{"line":23,"column":5}},"line":21}},"branchMap":{},"s":{"0":1,"1":1,"2":0,"3":1,"4":0,"5":1},"f":{"0":1,"1":0,"2":1,"3":0},"b":{},"_coverageSchema":"1a1c01bbd47fc00a2c39e90264f33305004495a9","hash":"95f3ec29ad06be047262b181cd02ae7d81b66249"}
,"/home/neimhin/dev/scealai/api/utils/dbUrl.js": {"path":"/home/neimhin/dev/scealai/api/utils/dbUrl.js","statementMap":{"0":{"start":{"line":1,"column":15},"end":{"line":1,"column":31}},"1":{"start":{"line":3,"column":0},"end":{"line":8,"column":59}}},"fnMap":{},"branchMap":{"0":{"loc":{"start":{"line":4,"column":2},"end":{"line":8,"column":58}},"type":"binary-expr","locations":[{"start":{"line":4,"column":2},"end":{"line":4,"column":28}},{"start":{"line":5,"column":2},"end":{"line":8,"column":58}}],"line":4},"1":{"loc":{"start":{"line":5,"column":3},"end":{"line":5,"column":54}},"type":"binary-expr","locations":[{"start":{"line":5,"column":3},"end":{"line":5,"column":28}},{"start":{"line":5,"column":34},"end":{"line":5,"column":54}}],"line":5},"2":{"loc":{"start":{"line":6,"column":3},"end":{"line":6,"column":56}},"type":"binary-expr","locations":[{"start":{"line":6,"column":3},"end":{"line":6,"column":30}},{"start":{"line":6,"column":34},"end":{"line":6,"column":56}}],"line":6},"3":{"loc":{"start":{"line":7,"column":3},"end":{"line":7,"column":52}},"type":"binary-expr","locations":[{"start":{"line":7,"column":3},"end":{"line":7,"column":26}},{"start":{"line":7,"column":34},"end":{"line":7,"column":52}}],"line":7},"4":{"loc":{"start":{"line":8,"column":3},"end":{"line":8,"column":43}},"type":"binary-expr","locations":[{"start":{"line":8,"column":3},"end":{"line":8,"column":17}},{"start":{"line":8,"column":34},"end":{"line":8,"column":43}}],"line":8}},"s":{"0":1,"1":1},"f":{},"b":{"0":[1,0],"1":[0,0],"2":[0,0],"3":[0,0],"4":[0,0]},"_coverageSchema":"1a1c01bbd47fc00a2c39e90264f33305004495a9","hash":"ffd4c61e76c83bc0ee9c92471d83292c527af80e"}
,"/home/neimhin/dev/scealai/api/utils/grammar.js": {"path":"/home/neimhin/dev/scealai/api/utils/grammar.js","statementMap":{"0":{"start":{"line":2,"column":16},"end":{"line":2,"column":34}},"1":{"start":{"line":3,"column":21},"end":{"line":3,"column":49}},"2":{"start":{"line":4,"column":15},"end":{"line":4,"column":35}},"3":{"start":{"line":6,"column":20},"end":{"line":6,"column":42}},"4":{"start":{"line":7,"column":50},"end":{"line":7,"column":80}},"5":{"start":{"line":8,"column":14},"end":{"line":8,"column":40}},"6":{"start":{"line":9,"column":13},"end":{"line":9,"column":38}},"7":{"start":{"line":18,"column":2},"end":{"line":18,"column":56}},"8":{"start":{"line":18,"column":32},"end":{"line":18,"column":56}},"9":{"start":{"line":19,"column":2},"end":{"line":28,"column":5}},"10":{"start":{"line":20,"column":4},"end":{"line":27,"column":9}},"11":{"start":{"line":25,"column":8},"end":{"line":25,"column":39}},"12":{"start":{"line":25,"column":19},"end":{"line":25,"column":37}},"13":{"start":{"line":26,"column":8},"end":{"line":26,"column":27}},"14":{"start":{"line":43,"column":16},"end":{"line":43,"column":45}},"15":{"start":{"line":44,"column":15},"end":{"line":44,"column":42}},"16":{"start":{"line":45,"column":15},"end":{"line":45,"column":62}},"17":{"start":{"line":46,"column":2},"end":{"line":46,"column":114}},"18":{"start":{"line":46,"column":21},"end":{"line":46,"column":114}},"19":{"start":{"line":46,"column":49},"end":{"line":46,"column":113}},"20":{"start":{"line":47,"column":2},"end":{"line":47,"column":113}},"21":{"start":{"line":47,"column":21},"end":{"line":47,"column":113}},"22":{"start":{"line":47,"column":49},"end":{"line":47,"column":112}},"23":{"start":{"line":48,"column":2},"end":{"line":48,"column":123}},"24":{"start":{"line":48,"column":21},"end":{"line":48,"column":123}},"25":{"start":{"line":48,"column":49},"end":{"line":48,"column":122}},"26":{"start":{"line":50,"column":2},"end":{"line":67,"column":7}},"27":{"start":{"line":51,"column":4},"end":{"line":66,"column":8}},"28":{"start":{"line":63,"column":10},"end":{"line":63,"column":40}},"29":{"start":{"line":63,"column":20},"end":{"line":63,"column":38}},"30":{"start":{"line":64,"column":10},"end":{"line":64,"column":27}},"31":{"start":{"line":84,"column":2},"end":{"line":110,"column":5}},"32":{"start":{"line":85,"column":17},"end":{"line":88,"column":5}},"33":{"start":{"line":90,"column":21},"end":{"line":90,"column":48}},"34":{"start":{"line":92,"column":4},"end":{"line":92,"column":70}},"35":{"start":{"line":94,"column":4},"end":{"line":109,"column":7}},"36":{"start":{"line":103,"column":6},"end":{"line":108,"column":7}},"37":{"start":{"line":104,"column":8},"end":{"line":104,"column":26}},"38":{"start":{"line":105,"column":8},"end":{"line":105,"column":27}},"39":{"start":{"line":107,"column":8},"end":{"line":107,"column":36}},"40":{"start":{"line":113,"column":0},"end":{"line":113,"column":55}},"41":{"start":{"line":114,"column":0},"end":{"line":114,"column":67}},"42":{"start":{"line":115,"column":0},"end":{"line":115,"column":73}}},"fnMap":{"0":{"name":"upsertGramadoirCacheItem","decl":{"start":{"line":17,"column":15},"end":{"line":17,"column":39}},"loc":{"start":{"line":17,"column":53},"end":{"line":29,"column":1}},"line":17},"1":{"name":"(anonymous_1)","decl":{"start":{"line":19,"column":21},"end":{"line":19,"column":22}},"loc":{"start":{"line":19,"column":41},"end":{"line":28,"column":3}},"line":19},"2":{"name":"(anonymous_2)","decl":{"start":{"line":24,"column":6},"end":{"line":24,"column":7}},"loc":{"start":{"line":24,"column":17},"end":{"line":27,"column":7}},"line":24},"3":{"name":"upsertStoryGramadoirVersion","decl":{"start":{"line":41,"column":15},"end":{"line":41,"column":42}},"loc":{"start":{"line":42,"column":48},"end":{"line":68,"column":1}},"line":42},"4":{"name":"(anonymous_4)","decl":{"start":{"line":46,"column":40},"end":{"line":46,"column":41}},"loc":{"start":{"line":46,"column":49},"end":{"line":46,"column":113}},"line":46},"5":{"name":"(anonymous_5)","decl":{"start":{"line":47,"column":40},"end":{"line":47,"column":41}},"loc":{"start":{"line":47,"column":49},"end":{"line":47,"column":112}},"line":47},"6":{"name":"(anonymous_6)","decl":{"start":{"line":48,"column":40},"end":{"line":48,"column":41}},"loc":{"start":{"line":48,"column":49},"end":{"line":48,"column":122}},"line":48},"7":{"name":"(anonymous_7)","decl":{"start":{"line":50,"column":21},"end":{"line":50,"column":22}},"loc":{"start":{"line":50,"column":41},"end":{"line":67,"column":5}},"line":50},"8":{"name":"(anonymous_8)","decl":{"start":{"line":62,"column":8},"end":{"line":62,"column":9}},"loc":{"start":{"line":62,"column":15},"end":{"line":65,"column":9}},"line":62},"9":{"name":"requestGrammarTags","decl":{"start":{"line":83,"column":9},"end":{"line":83,"column":27}},"loc":{"start":{"line":83,"column":44},"end":{"line":111,"column":1}},"line":83},"10":{"name":"(anonymous_10)","decl":{"start":{"line":84,"column":22},"end":{"line":84,"column":23}},"loc":{"start":{"line":84,"column":43},"end":{"line":110,"column":3}},"line":84},"11":{"name":"(anonymous_11)","decl":{"start":{"line":102,"column":7},"end":{"line":102,"column":8}},"loc":{"start":{"line":102,"column":35},"end":{"line":109,"column":5}},"line":102}},"branchMap":{"0":{"loc":{"start":{"line":18,"column":2},"end":{"line":18,"column":56}},"type":"if","locations":[{"start":{"line":18,"column":2},"end":{"line":18,"column":56}},{"start":{},"end":{}}],"line":18},"1":{"loc":{"start":{"line":25,"column":8},"end":{"line":25,"column":39}},"type":"if","locations":[{"start":{"line":25,"column":8},"end":{"line":25,"column":39}},{"start":{},"end":{}}],"line":25},"2":{"loc":{"start":{"line":46,"column":2},"end":{"line":46,"column":114}},"type":"if","locations":[{"start":{"line":46,"column":2},"end":{"line":46,"column":114}},{"start":{},"end":{}}],"line":46},"3":{"loc":{"start":{"line":47,"column":2},"end":{"line":47,"column":113}},"type":"if","locations":[{"start":{"line":47,"column":2},"end":{"line":47,"column":113}},{"start":{},"end":{}}],"line":47},"4":{"loc":{"start":{"line":48,"column":2},"end":{"line":48,"column":123}},"type":"if","locations":[{"start":{"line":48,"column":2},"end":{"line":48,"column":123}},{"start":{},"end":{}}],"line":48},"5":{"loc":{"start":{"line":57,"column":25},"end":{"line":57,"column":48}},"type":"binary-expr","locations":[{"start":{"line":57,"column":25},"end":{"line":57,"column":34}},{"start":{"line":57,"column":38},"end":{"line":57,"column":48}}],"line":57},"6":{"loc":{"start":{"line":63,"column":10},"end":{"line":63,"column":40}},"type":"if","locations":[{"start":{"line":63,"column":10},"end":{"line":63,"column":40}},{"start":{},"end":{}}],"line":63},"7":{"loc":{"start":{"line":103,"column":6},"end":{"line":108,"column":7}},"type":"if","locations":[{"start":{"line":103,"column":6},"end":{"line":108,"column":7}},{"start":{"line":106,"column":13},"end":{"line":108,"column":7}}],"line":103}},"s":{"0":1,"1":1,"2":1,"3":1,"4":1,"5":1,"6":1,"7":0,"8":0,"9":0,"10":0,"11":0,"12":0,"13":0,"14":0,"15":0,"16":0,"17":0,"18":0,"19":0,"20":0,"21":0,"22":0,"23":0,"24":0,"25":0,"26":0,"27":0,"28":0,"29":0,"30":0,"31":0,"32":0,"33":0,"34":0,"35":0,"36":0,"37":0,"38":0,"39":0,"40":1,"41":1,"42":1},"f":{"0":0,"1":0,"2":0,"3":0,"4":0,"5":0,"6":0,"7":0,"8":0,"9":0,"10":0,"11":0},"b":{"0":[0,0],"1":[0,0],"2":[0,0],"3":[0,0],"4":[0,0],"5":[0,0],"6":[0,0],"7":[0,0]},"_coverageSchema":"1a1c01bbd47fc00a2c39e90264f33305004495a9","hash":"19d7a161be329907481fd7071932b8446eb25a83"}
,"/home/neimhin/dev/scealai/api/utils/makeEndpoints.js": {"path":"/home/neimhin/dev/scealai/api/utils/makeEndpoints.js","statementMap":{"0":{"start":{"line":1,"column":16},"end":{"line":1,"column":34}},"1":{"start":{"line":20,"column":17},"end":{"line":20,"column":37}},"2":{"start":{"line":21,"column":2},"end":{"line":21,"column":24}},"3":{"start":{"line":23,"column":2},"end":{"line":34,"column":3}},"4":{"start":{"line":24,"column":4},"end":{"line":33,"column":5}},"5":{"start":{"line":25,"column":6},"end":{"line":32,"column":9}},"6":{"start":{"line":26,"column":8},"end":{"line":31,"column":9}},"7":{"start":{"line":27,"column":10},"end":{"line":27,"column":31}},"8":{"start":{"line":29,"column":10},"end":{"line":29,"column":50}},"9":{"start":{"line":30,"column":10},"end":{"line":30,"column":22}},"10":{"start":{"line":36,"column":2},"end":{"line":36,"column":16}},"11":{"start":{"line":39,"column":0},"end":{"line":39,"column":31}}},"fnMap":{"0":{"name":"makeEndpoints","decl":{"start":{"line":19,"column":9},"end":{"line":19,"column":22}},"loc":{"start":{"line":19,"column":33},"end":{"line":37,"column":1}},"line":19},"1":{"name":"(anonymous_1)","decl":{"start":{"line":25,"column":41},"end":{"line":25,"column":42}},"loc":{"start":{"line":25,"column":67},"end":{"line":32,"column":7}},"line":25}},"branchMap":{},"s":{"0":1,"1":1,"2":1,"3":1,"4":2,"5":4,"6":5,"7":5,"8":1,"9":1,"10":1,"11":1},"f":{"0":1,"1":5},"b":{},"_coverageSchema":"1a1c01bbd47fc00a2c39e90264f33305004495a9","hash":"7e7b84deec9ff9faa0ce0966647f48e0bc7bcc4c"}
}
