{"/home/neimhin/dev/scealai/api/DB.js": {"path":"/home/neimhin/dev/scealai/api/DB.js","statementMap":{"0":{"start":{"line":1,"column":0},"end":{"line":11,"column":2}}},"fnMap":{},"branchMap":{},"s":{"0":1},"f":{},"b":{},"_coverageSchema":"1a1c01bbd47fc00a2c39e90264f33305004495a9","hash":"17e87e35d91b580dc9ce88c4dd45ea03bff94730"}
,"/home/neimhin/dev/scealai/api/abair_base_url.js": {"path":"/home/neimhin/dev/scealai/api/abair_base_url.js","statementMap":{"0":{"start":{"line":1,"column":0},"end":{"line":1,"column":40}}},"fnMap":{},"branchMap":{},"s":{"0":1},"f":{},"b":{},"_coverageSchema":"1a1c01bbd47fc00a2c39e90264f33305004495a9","hash":"4142217d9ceee32447996932b70bb6fbff3d4856"}
,"/home/neimhin/dev/scealai/api/logger.js": {"path":"/home/neimhin/dev/scealai/api/logger.js","statementMap":{"0":{"start":{"line":1,"column":16},"end":{"line":1,"column":34}},"1":{"start":{"line":2,"column":13},"end":{"line":2,"column":28}},"2":{"start":{"line":3,"column":16},"end":{"line":3,"column":34}},"3":{"start":{"line":6,"column":13},"end":{"line":6,"column":35}},"4":{"start":{"line":9,"column":0},"end":{"line":12,"column":3}},"5":{"start":{"line":11,"column":2},"end":{"line":11,"column":19}},"6":{"start":{"line":14,"column":19},"end":{"line":14,"column":40}},"7":{"start":{"line":16,"column":18},"end":{"line":16,"column":56}},"8":{"start":{"line":17,"column":21},"end":{"line":17,"column":62}},"9":{"start":{"line":19,"column":22},"end":{"line":24,"column":6}},"10":{"start":{"line":22,"column":18},"end":{"line":22,"column":72}},"11":{"start":{"line":23,"column":6},"end":{"line":23,"column":17}},"12":{"start":{"line":27,"column":0},"end":{"line":79,"column":3}},"13":{"start":{"line":81,"column":0},"end":{"line":96,"column":1}},"14":{"start":{"line":82,"column":2},"end":{"line":82,"column":29}},"15":{"start":{"line":83,"column":25},"end":{"line":93,"column":4}},"16":{"start":{"line":94,"column":2},"end":{"line":94,"column":52}},"17":{"start":{"line":95,"column":2},"end":{"line":95,"column":29}},"18":{"start":{"line":109,"column":0},"end":{"line":109,"column":24}}},"fnMap":{"0":{"name":"(anonymous_0)","decl":{"start":{"line":9,"column":32},"end":{"line":9,"column":33}},"loc":{"start":{"line":9,"column":41},"end":{"line":12,"column":1}},"line":9},"1":{"name":"(anonymous_1)","decl":{"start":{"line":20,"column":4},"end":{"line":20,"column":5}},"loc":{"start":{"line":20,"column":50},"end":{"line":24,"column":5}},"line":20}},"branchMap":{"0":{"loc":{"start":{"line":81,"column":0},"end":{"line":96,"column":1}},"type":"if","locations":[{"start":{"line":81,"column":0},"end":{"line":96,"column":1}},{"start":{},"end":{}}],"line":81}},"s":{"0":1,"1":1,"2":1,"3":1,"4":1,"5":0,"6":1,"7":1,"8":1,"9":1,"10":2,"11":2,"12":1,"13":1,"14":0,"15":0,"16":0,"17":0,"18":1},"f":{"0":0,"1":2},"b":{"0":[0,1]},"_coverageSchema":"1a1c01bbd47fc00a2c39e90264f33305004495a9","hash":"138fdbff7953ce1499b3a6c82b9910d2a3f1b91d"}
,"/home/neimhin/dev/scealai/api/mail.js": {"path":"/home/neimhin/dev/scealai/api/mail.js","statementMap":{"0":{"start":{"line":1,"column":19},"end":{"line":1,"column":40}},"1":{"start":{"line":12,"column":13},"end":{"line":12,"column":28}},"2":{"start":{"line":13,"column":11},"end":{"line":13,"column":24}},"3":{"start":{"line":15,"column":0},"end":{"line":15,"column":45}},"4":{"start":{"line":18,"column":0},"end":{"line":62,"column":1}},"5":{"start":{"line":19,"column":2},"end":{"line":19,"column":47}},"6":{"start":{"line":20,"column":2},"end":{"line":20,"column":38}},"7":{"start":{"line":20,"column":33},"end":{"line":20,"column":37}},"8":{"start":{"line":22,"column":2},"end":{"line":61,"column":3}},"9":{"start":{"line":23,"column":4},"end":{"line":23,"column":86}},"10":{"start":{"line":24,"column":18},"end":{"line":24,"column":74}},"11":{"start":{"line":25,"column":25},"end":{"line":25,"column":44}},"12":{"start":{"line":26,"column":22},"end":{"line":52,"column":5}},"13":{"start":{"line":27,"column":53},"end":{"line":27,"column":60}},"14":{"start":{"line":28,"column":6},"end":{"line":51,"column":7}},"15":{"start":{"line":30,"column":26},"end":{"line":37,"column":10}},"16":{"start":{"line":39,"column":25},"end":{"line":44,"column":10}},"17":{"start":{"line":46,"column":8},"end":{"line":46,"column":26}},"18":{"start":{"line":49,"column":8},"end":{"line":49,"column":29}},"19":{"start":{"line":50,"column":8},"end":{"line":50,"column":20}},"20":{"start":{"line":54,"column":4},"end":{"line":54,"column":41}},"21":{"start":{"line":57,"column":4},"end":{"line":57,"column":107}},"22":{"start":{"line":58,"column":4},"end":{"line":58,"column":23}},"23":{"start":{"line":59,"column":4},"end":{"line":59,"column":36}},"24":{"start":{"line":60,"column":4},"end":{"line":60,"column":41}}},"fnMap":{"0":{"name":"(anonymous_0)","decl":{"start":{"line":20,"column":29},"end":{"line":20,"column":30}},"loc":{"start":{"line":20,"column":33},"end":{"line":20,"column":37}},"line":20},"1":{"name":"(anonymous_1)","decl":{"start":{"line":26,"column":22},"end":{"line":26,"column":23}},"loc":{"start":{"line":26,"column":41},"end":{"line":52,"column":5}},"line":26}},"branchMap":{"0":{"loc":{"start":{"line":18,"column":0},"end":{"line":62,"column":1}},"type":"if","locations":[{"start":{"line":18,"column":0},"end":{"line":62,"column":1}},{"start":{"line":21,"column":7},"end":{"line":62,"column":1}}],"line":18}},"s":{"0":1,"1":1,"2":1,"3":1,"4":1,"5":0,"6":0,"7":0,"8":1,"9":1,"10":1,"11":1,"12":1,"13":0,"14":0,"15":0,"16":0,"17":0,"18":0,"19":0,"20":1,"21":0,"22":0,"23":0,"24":0},"f":{"0":0,"1":0},"b":{"0":[0,1]},"_coverageSchema":"1a1c01bbd47fc00a2c39e90264f33305004495a9","hash":"be3d6556be75c993a16c27663fe536424a6e8ce2"}
,"/home/neimhin/dev/scealai/api/server.js": {"path":"/home/neimhin/dev/scealai/api/server.js","statementMap":{"0":{"start":{"line":3,"column":15},"end":{"line":3,"column":34}},"1":{"start":{"line":5,"column":16},"end":{"line":5,"column":34}},"2":{"start":{"line":6,"column":13},"end":{"line":6,"column":28}},"3":{"start":{"line":7,"column":19},"end":{"line":7,"column":41}},"4":{"start":{"line":8,"column":13},"end":{"line":8,"column":28}},"5":{"start":{"line":9,"column":17},"end":{"line":9,"column":36}},"6":{"start":{"line":10,"column":17},"end":{"line":10,"column":36}},"7":{"start":{"line":11,"column":21},"end":{"line":11,"column":52}},"8":{"start":{"line":12,"column":0},"end":{"line":12,"column":29}},"9":{"start":{"line":14,"column":19},"end":{"line":14,"column":50}},"10":{"start":{"line":15,"column":18},"end":{"line":15,"column":48}},"11":{"start":{"line":16,"column":25},"end":{"line":16,"column":62}},"12":{"start":{"line":17,"column":23},"end":{"line":17,"column":58}},"13":{"start":{"line":18,"column":21},"end":{"line":18,"column":54}},"14":{"start":{"line":19,"column":24},"end":{"line":19,"column":60}},"15":{"start":{"line":20,"column":19},"end":{"line":20,"column":50}},"16":{"start":{"line":21,"column":19},"end":{"line":21,"column":50}},"17":{"start":{"line":22,"column":21},"end":{"line":22,"column":54}},"18":{"start":{"line":23,"column":21},"end":{"line":23,"column":55}},"19":{"start":{"line":24,"column":26},"end":{"line":24,"column":64}},"20":{"start":{"line":25,"column":23},"end":{"line":25,"column":58}},"21":{"start":{"line":26,"column":18},"end":{"line":26,"column":53}},"22":{"start":{"line":27,"column":26},"end":{"line":27,"column":65}},"23":{"start":{"line":28,"column":14},"end":{"line":28,"column":38}},"24":{"start":{"line":30,"column":0},"end":{"line":30,"column":32}},"25":{"start":{"line":31,"column":0},"end":{"line":31,"column":34}},"26":{"start":{"line":32,"column":0},"end":{"line":32,"column":40}},"27":{"start":{"line":34,"column":0},"end":{"line":47,"column":7}},"28":{"start":{"line":39,"column":6},"end":{"line":39,"column":43}},"29":{"start":{"line":42,"column":6},"end":{"line":46,"column":9}},"30":{"start":{"line":49,"column":12},"end":{"line":49,"column":21}},"31":{"start":{"line":50,"column":0},"end":{"line":50,"column":55}},"32":{"start":{"line":51,"column":0},"end":{"line":51,"column":27}},"33":{"start":{"line":52,"column":0},"end":{"line":52,"column":16}},"34":{"start":{"line":53,"column":0},"end":{"line":53,"column":31}},"35":{"start":{"line":55,"column":0},"end":{"line":55,"column":30}},"36":{"start":{"line":56,"column":0},"end":{"line":56,"column":28}},"37":{"start":{"line":57,"column":0},"end":{"line":69,"column":1}},"38":{"start":{"line":58,"column":2},"end":{"line":58,"column":49}},"39":{"start":{"line":59,"column":2},"end":{"line":68,"column":5}},"40":{"start":{"line":60,"column":4},"end":{"line":60,"column":27}},"41":{"start":{"line":61,"column":17},"end":{"line":61,"column":41}},"42":{"start":{"line":62,"column":4},"end":{"line":67,"column":8}},"43":{"start":{"line":65,"column":14},"end":{"line":65,"column":29}},"44":{"start":{"line":65,"column":40},"end":{"line":65,"column":51}},"45":{"start":{"line":66,"column":14},"end":{"line":66,"column":36}},"46":{"start":{"line":66,"column":40},"end":{"line":66,"column":51}},"47":{"start":{"line":70,"column":0},"end":{"line":70,"column":42}},"48":{"start":{"line":71,"column":0},"end":{"line":71,"column":38}},"49":{"start":{"line":72,"column":0},"end":{"line":72,"column":34}},"50":{"start":{"line":73,"column":0},"end":{"line":73,"column":40}},"51":{"start":{"line":74,"column":0},"end":{"line":74,"column":30}},"52":{"start":{"line":75,"column":0},"end":{"line":75,"column":30}},"53":{"start":{"line":76,"column":0},"end":{"line":76,"column":34}},"54":{"start":{"line":77,"column":0},"end":{"line":77,"column":35}},"55":{"start":{"line":78,"column":0},"end":{"line":78,"column":44}},"56":{"start":{"line":79,"column":0},"end":{"line":79,"column":41}},"57":{"start":{"line":80,"column":0},"end":{"line":80,"column":39}},"58":{"start":{"line":82,"column":23},"end":{"line":82,"column":58}},"59":{"start":{"line":83,"column":0},"end":{"line":83,"column":38}},"60":{"start":{"line":85,"column":0},"end":{"line":85,"column":28}},"61":{"start":{"line":86,"column":0},"end":{"line":86,"column":47}},"62":{"start":{"line":88,"column":13},"end":{"line":88,"column":37}},"63":{"start":{"line":90,"column":0},"end":{"line":90,"column":22}},"64":{"start":{"line":94,"column":0},"end":{"line":98,"column":1}},"65":{"start":{"line":95,"column":17},"end":{"line":97,"column":4}},"66":{"start":{"line":96,"column":6},"end":{"line":96,"column":47}},"67":{"start":{"line":100,"column":0},"end":{"line":100,"column":21}}},"fnMap":{"0":{"name":"(anonymous_0)","decl":{"start":{"line":38,"column":4},"end":{"line":38,"column":5}},"loc":{"start":{"line":38,"column":10},"end":{"line":40,"column":5}},"line":38},"1":{"name":"(anonymous_1)","decl":{"start":{"line":41,"column":4},"end":{"line":41,"column":5}},"loc":{"start":{"line":41,"column":13},"end":{"line":47,"column":5}},"line":41},"2":{"name":"(anonymous_2)","decl":{"start":{"line":59,"column":47},"end":{"line":59,"column":48}},"loc":{"start":{"line":59,"column":63},"end":{"line":68,"column":3}},"line":59},"3":{"name":"(anonymous_3)","decl":{"start":{"line":65,"column":8},"end":{"line":65,"column":9}},"loc":{"start":{"line":65,"column":13},"end":{"line":65,"column":52}},"line":65},"4":{"name":"(anonymous_4)","decl":{"start":{"line":66,"column":8},"end":{"line":66,"column":9}},"loc":{"start":{"line":66,"column":13},"end":{"line":66,"column":52}},"line":66},"5":{"name":"(anonymous_5)","decl":{"start":{"line":95,"column":34},"end":{"line":95,"column":35}},"loc":{"start":{"line":95,"column":44},"end":{"line":97,"column":3}},"line":95}},"branchMap":{"0":{"loc":{"start":{"line":57,"column":0},"end":{"line":69,"column":1}},"type":"if","locations":[{"start":{"line":57,"column":0},"end":{"line":69,"column":1}},{"start":{},"end":{}}],"line":57},"1":{"loc":{"start":{"line":88,"column":13},"end":{"line":88,"column":37}},"type":"binary-expr","locations":[{"start":{"line":88,"column":13},"end":{"line":88,"column":29}},{"start":{"line":88,"column":33},"end":{"line":88,"column":37}}],"line":88},"2":{"loc":{"start":{"line":94,"column":0},"end":{"line":98,"column":1}},"type":"if","locations":[{"start":{"line":94,"column":0},"end":{"line":98,"column":1}},{"start":{},"end":{}}],"line":94}},"s":{"0":1,"1":1,"2":1,"3":1,"4":1,"5":1,"6":1,"7":1,"8":1,"9":1,"10":1,"11":1,"12":1,"13":1,"14":1,"15":1,"16":1,"17":1,"18":1,"19":1,"20":1,"21":1,"22":1,"23":1,"24":1,"25":1,"26":1,"27":1,"28":1,"29":0,"30":1,"31":1,"32":1,"33":1,"34":1,"35":1,"36":1,"37":1,"38":0,"39":0,"40":0,"41":0,"42":0,"43":0,"44":0,"45":0,"46":0,"47":1,"48":1,"49":1,"50":1,"51":1,"52":1,"53":1,"54":1,"55":1,"56":1,"57":1,"58":1,"59":1,"60":1,"61":1,"62":1,"63":1,"64":1,"65":0,"66":0,"67":1},"f":{"0":1,"1":0,"2":0,"3":0,"4":0,"5":0},"b":{"0":[0,1],"1":[1,1],"2":[0,1]},"_coverageSchema":"1a1c01bbd47fc00a2c39e90264f33305004495a9","hash":"1d0ea90a902bff1e7d619ee5247b05daa59b0a22"}
,"/home/neimhin/dev/scealai/api/config/passport.js": {"path":"/home/neimhin/dev/scealai/api/config/passport.js","statementMap":{"0":{"start":{"line":1,"column":15},"end":{"line":1,"column":35}},"1":{"start":{"line":2,"column":17},"end":{"line":2,"column":36}},"2":{"start":{"line":3,"column":22},"end":{"line":3,"column":56}},"3":{"start":{"line":4,"column":17},"end":{"line":4,"column":36}},"4":{"start":{"line":5,"column":13},"end":{"line":5,"column":38}},"5":{"start":{"line":6,"column":0},"end":{"line":6,"column":23}},"6":{"start":{"line":9,"column":2},"end":{"line":9,"column":24}},"7":{"start":{"line":10,"column":2},"end":{"line":26,"column":5}},"8":{"start":{"line":11,"column":4},"end":{"line":12,"column":21}},"9":{"start":{"line":12,"column":6},"end":{"line":12,"column":21}},"10":{"start":{"line":14,"column":4},"end":{"line":15,"column":75}},"11":{"start":{"line":15,"column":6},"end":{"line":15,"column":75}},"12":{"start":{"line":17,"column":4},"end":{"line":18,"column":75}},"13":{"start":{"line":18,"column":6},"end":{"line":18,"column":75}},"14":{"start":{"line":20,"column":4},"end":{"line":21,"column":93}},"15":{"start":{"line":21,"column":6},"end":{"line":21,"column":93}},"16":{"start":{"line":24,"column":4},"end":{"line":24,"column":64}},"17":{"start":{"line":25,"column":4},"end":{"line":25,"column":26}},"18":{"start":{"line":29,"column":0},"end":{"line":29,"column":40}},"19":{"start":{"line":31,"column":0},"end":{"line":33,"column":3}},"20":{"start":{"line":32,"column":2},"end":{"line":32,"column":22}},"21":{"start":{"line":34,"column":0},"end":{"line":38,"column":3}},"22":{"start":{"line":35,"column":2},"end":{"line":37,"column":5}},"23":{"start":{"line":36,"column":4},"end":{"line":36,"column":19}}},"fnMap":{"0":{"name":"verify","decl":{"start":{"line":8,"column":9},"end":{"line":8,"column":15}},"loc":{"start":{"line":8,"column":40},"end":{"line":27,"column":1}},"line":8},"1":{"name":"(anonymous_1)","decl":{"start":{"line":10,"column":37},"end":{"line":10,"column":38}},"loc":{"start":{"line":10,"column":52},"end":{"line":26,"column":3}},"line":10},"2":{"name":"(anonymous_2)","decl":{"start":{"line":31,"column":23},"end":{"line":31,"column":24}},"loc":{"start":{"line":31,"column":36},"end":{"line":33,"column":1}},"line":31},"3":{"name":"(anonymous_3)","decl":{"start":{"line":34,"column":25},"end":{"line":34,"column":26}},"loc":{"start":{"line":34,"column":36},"end":{"line":38,"column":1}},"line":34},"4":{"name":"(anonymous_4)","decl":{"start":{"line":35,"column":20},"end":{"line":35,"column":21}},"loc":{"start":{"line":35,"column":32},"end":{"line":37,"column":3}},"line":35}},"branchMap":{"0":{"loc":{"start":{"line":11,"column":4},"end":{"line":12,"column":21}},"type":"if","locations":[{"start":{"line":11,"column":4},"end":{"line":12,"column":21}},{"start":{},"end":{}}],"line":11},"1":{"loc":{"start":{"line":14,"column":4},"end":{"line":15,"column":75}},"type":"if","locations":[{"start":{"line":14,"column":4},"end":{"line":15,"column":75}},{"start":{},"end":{}}],"line":14},"2":{"loc":{"start":{"line":17,"column":4},"end":{"line":18,"column":75}},"type":"if","locations":[{"start":{"line":17,"column":4},"end":{"line":18,"column":75}},{"start":{},"end":{}}],"line":17},"3":{"loc":{"start":{"line":20,"column":4},"end":{"line":21,"column":93}},"type":"if","locations":[{"start":{"line":20,"column":4},"end":{"line":21,"column":93}},{"start":{},"end":{}}],"line":20}},"s":{"0":1,"1":1,"2":1,"3":1,"4":1,"5":1,"6":0,"7":0,"8":0,"9":0,"10":0,"11":0,"12":0,"13":0,"14":0,"15":0,"16":0,"17":0,"18":1,"19":1,"20":0,"21":1,"22":0,"23":0},"f":{"0":0,"1":0,"2":0,"3":0,"4":0},"b":{"0":[0,0],"1":[0,0],"2":[0,0],"3":[0,0]},"_coverageSchema":"1a1c01bbd47fc00a2c39e90264f33305004495a9","hash":"432578442c9c16e04dfa72e678e9aad36ddcf412"}
,"/home/neimhin/dev/scealai/api/controllers/authentication.js": {"path":"/home/neimhin/dev/scealai/api/controllers/authentication.js","statementMap":{"0":{"start":{"line":1,"column":15},"end":{"line":1,"column":38}},"1":{"start":{"line":3,"column":13},"end":{"line":3,"column":31}},"2":{"start":{"line":4,"column":0},"end":{"line":6,"column":1}},"3":{"start":{"line":5,"column":2},"end":{"line":5,"column":86}},"4":{"start":{"line":9,"column":10},"end":{"line":9,"column":33}},"5":{"start":{"line":10,"column":13},"end":{"line":10,"column":28}},"6":{"start":{"line":12,"column":15},"end":{"line":12,"column":34}},"7":{"start":{"line":13,"column":15},"end":{"line":13,"column":34}},"8":{"start":{"line":14,"column":11},"end":{"line":14,"column":33}},"9":{"start":{"line":16,"column":23},"end":{"line":19,"column":1}},"10":{"start":{"line":17,"column":4},"end":{"line":17,"column":23}},"11":{"start":{"line":18,"column":4},"end":{"line":18,"column":22}},"12":{"start":{"line":21,"column":0},"end":{"line":21,"column":27}},"13":{"start":{"line":22,"column":0},"end":{"line":22,"column":25}},"14":{"start":{"line":24,"column":0},"end":{"line":24,"column":36}},"15":{"start":{"line":26,"column":0},"end":{"line":68,"column":1}},"16":{"start":{"line":28,"column":2},"end":{"line":30,"column":3}},"17":{"start":{"line":29,"column":4},"end":{"line":29,"column":90}},"18":{"start":{"line":34,"column":15},"end":{"line":38,"column":8}},"19":{"start":{"line":37,"column":8},"end":{"line":37,"column":26}},"20":{"start":{"line":40,"column":2},"end":{"line":42,"column":3}},"21":{"start":{"line":41,"column":4},"end":{"line":41,"column":65}},"22":{"start":{"line":44,"column":2},"end":{"line":46,"column":3}},"23":{"start":{"line":45,"column":4},"end":{"line":45,"column":73}},"24":{"start":{"line":48,"column":2},"end":{"line":50,"column":3}},"25":{"start":{"line":49,"column":4},"end":{"line":49,"column":84}},"26":{"start":{"line":52,"column":23},"end":{"line":52,"column":49}},"27":{"start":{"line":53,"column":2},"end":{"line":53,"column":33}},"28":{"start":{"line":55,"column":2},"end":{"line":55,"column":51}},"29":{"start":{"line":55,"column":29},"end":{"line":55,"column":47}},"30":{"start":{"line":57,"column":2},"end":{"line":62,"column":3}},"31":{"start":{"line":64,"column":18},"end":{"line":64,"column":41}},"32":{"start":{"line":66,"column":2},"end":{"line":66,"column":144}},"33":{"start":{"line":70,"column":0},"end":{"line":154,"column":1}},"34":{"start":{"line":71,"column":2},"end":{"line":75,"column":3}},"35":{"start":{"line":72,"column":4},"end":{"line":74,"column":7}},"36":{"start":{"line":77,"column":2},"end":{"line":80,"column":3}},"37":{"start":{"line":78,"column":4},"end":{"line":78,"column":93}},"38":{"start":{"line":79,"column":4},"end":{"line":79,"column":48}},"39":{"start":{"line":82,"column":2},"end":{"line":88,"column":3}},"40":{"start":{"line":83,"column":15},"end":{"line":83,"column":64}},"41":{"start":{"line":85,"column":4},"end":{"line":87,"column":7}},"42":{"start":{"line":90,"column":2},"end":{"line":94,"column":3}},"43":{"start":{"line":91,"column":4},"end":{"line":93,"column":7}},"44":{"start":{"line":96,"column":2},"end":{"line":104,"column":3}},"45":{"start":{"line":101,"column":4},"end":{"line":103,"column":7}},"46":{"start":{"line":107,"column":4},"end":{"line":107,"column":52}},"47":{"start":{"line":110,"column":2},"end":{"line":113,"column":7}},"48":{"start":{"line":112,"column":6},"end":{"line":112,"column":24}},"49":{"start":{"line":115,"column":18},"end":{"line":127,"column":3}},"50":{"start":{"line":129,"column":2},"end":{"line":152,"column":3}},"51":{"start":{"line":130,"column":25},"end":{"line":130,"column":54}},"52":{"start":{"line":131,"column":4},"end":{"line":135,"column":5}},"53":{"start":{"line":132,"column":6},"end":{"line":134,"column":9}},"54":{"start":{"line":137,"column":4},"end":{"line":141,"column":5}},"55":{"start":{"line":138,"column":6},"end":{"line":140,"column":9}},"56":{"start":{"line":143,"column":4},"end":{"line":146,"column":7}},"57":{"start":{"line":148,"column":4},"end":{"line":150,"column":7}},"58":{"start":{"line":158,"column":2},"end":{"line":248,"column":5}},"59":{"start":{"line":160,"column":4},"end":{"line":160,"column":96}},"60":{"start":{"line":163,"column":17},"end":{"line":168,"column":10}},"61":{"start":{"line":166,"column":10},"end":{"line":166,"column":28}},"62":{"start":{"line":167,"column":10},"end":{"line":167,"column":22}},"63":{"start":{"line":171,"column":4},"end":{"line":176,"column":5}},"64":{"start":{"line":172,"column":6},"end":{"line":172,"column":39}},"65":{"start":{"line":173,"column":6},"end":{"line":175,"column":9}},"66":{"start":{"line":178,"column":4},"end":{"line":178,"column":23}},"67":{"start":{"line":180,"column":27},"end":{"line":181,"column":48}},"68":{"start":{"line":184,"column":4},"end":{"line":187,"column":9}},"69":{"start":{"line":186,"column":8},"end":{"line":186,"column":20}},"70":{"start":{"line":189,"column":25},"end":{"line":208,"column":26}},"71":{"start":{"line":210,"column":4},"end":{"line":215,"column":6}},"72":{"start":{"line":217,"column":4},"end":{"line":247,"column":5}},"73":{"start":{"line":218,"column":27},"end":{"line":218,"column":56}},"74":{"start":{"line":219,"column":6},"end":{"line":224,"column":7}},"75":{"start":{"line":220,"column":8},"end":{"line":223,"column":11}},"76":{"start":{"line":226,"column":6},"end":{"line":230,"column":7}},"77":{"start":{"line":227,"column":8},"end":{"line":229,"column":11}},"78":{"start":{"line":231,"column":6},"end":{"line":233,"column":9}},"79":{"start":{"line":235,"column":6},"end":{"line":239,"column":9}},"80":{"start":{"line":240,"column":6},"end":{"line":245,"column":7}},"81":{"start":{"line":241,"column":8},"end":{"line":241,"column":34}},"82":{"start":{"line":242,"column":8},"end":{"line":244,"column":11}},"83":{"start":{"line":246,"column":6},"end":{"line":246,"column":25}},"84":{"start":{"line":252,"column":0},"end":{"line":287,"column":2}},"85":{"start":{"line":253,"column":2},"end":{"line":255,"column":3}},"86":{"start":{"line":254,"column":4},"end":{"line":254,"column":85}},"87":{"start":{"line":256,"column":2},"end":{"line":258,"column":3}},"88":{"start":{"line":257,"column":4},"end":{"line":257,"column":82}},"89":{"start":{"line":259,"column":2},"end":{"line":261,"column":3}},"90":{"start":{"line":260,"column":4},"end":{"line":260,"column":93}},"91":{"start":{"line":263,"column":15},"end":{"line":269,"column":6}},"92":{"start":{"line":265,"column":6},"end":{"line":268,"column":9}},"93":{"start":{"line":271,"column":2},"end":{"line":273,"column":3}},"94":{"start":{"line":272,"column":4},"end":{"line":272,"column":123}},"95":{"start":{"line":275,"column":2},"end":{"line":283,"column":3}},"96":{"start":{"line":276,"column":4},"end":{"line":276,"column":27}},"97":{"start":{"line":278,"column":4},"end":{"line":278,"column":22}},"98":{"start":{"line":280,"column":4},"end":{"line":282,"column":78}},"99":{"start":{"line":286,"column":2},"end":{"line":286,"column":66}},"100":{"start":{"line":289,"column":0},"end":{"line":403,"column":2}},"101":{"start":{"line":290,"column":2},"end":{"line":402,"column":3}},"102":{"start":{"line":291,"column":19},"end":{"line":294,"column":5}},"103":{"start":{"line":296,"column":4},"end":{"line":301,"column":5}},"104":{"start":{"line":297,"column":6},"end":{"line":299,"column":8}},"105":{"start":{"line":300,"column":6},"end":{"line":300,"column":42}},"106":{"start":{"line":302,"column":4},"end":{"line":305,"column":5}},"107":{"start":{"line":303,"column":6},"end":{"line":303,"column":115}},"108":{"start":{"line":304,"column":6},"end":{"line":304,"column":50}},"109":{"start":{"line":307,"column":4},"end":{"line":307,"column":66}},"110":{"start":{"line":309,"column":17},"end":{"line":317,"column":10}},"111":{"start":{"line":311,"column":10},"end":{"line":316,"column":13}},"112":{"start":{"line":319,"column":4},"end":{"line":321,"column":5}},"113":{"start":{"line":320,"column":6},"end":{"line":320,"column":51}},"114":{"start":{"line":323,"column":4},"end":{"line":356,"column":5}},"115":{"start":{"line":324,"column":6},"end":{"line":332,"column":7}},"116":{"start":{"line":325,"column":8},"end":{"line":331,"column":56}},"117":{"start":{"line":334,"column":6},"end":{"line":337,"column":33}},"118":{"start":{"line":338,"column":6},"end":{"line":355,"column":7}},"119":{"start":{"line":339,"column":8},"end":{"line":339,"column":32}},"120":{"start":{"line":340,"column":8},"end":{"line":340,"column":26}},"121":{"start":{"line":341,"column":8},"end":{"line":349,"column":15}},"122":{"start":{"line":351,"column":8},"end":{"line":354,"column":11}},"123":{"start":{"line":359,"column":4},"end":{"line":359,"column":64}},"124":{"start":{"line":361,"column":4},"end":{"line":388,"column":5}},"125":{"start":{"line":363,"column":8},"end":{"line":369,"column":9}},"126":{"start":{"line":371,"column":6},"end":{"line":371,"column":39}},"127":{"start":{"line":374,"column":6},"end":{"line":376,"column":9}},"128":{"start":{"line":378,"column":6},"end":{"line":378,"column":27}},"129":{"start":{"line":379,"column":6},"end":{"line":379,"column":39}},"130":{"start":{"line":380,"column":6},"end":{"line":381,"column":74}},"131":{"start":{"line":382,"column":6},"end":{"line":384,"column":7}},"132":{"start":{"line":383,"column":8},"end":{"line":383,"column":55}},"133":{"start":{"line":385,"column":6},"end":{"line":387,"column":24}},"134":{"start":{"line":390,"column":24},"end":{"line":390,"column":53}},"135":{"start":{"line":391,"column":4},"end":{"line":391,"column":23}},"136":{"start":{"line":392,"column":4},"end":{"line":394,"column":5}},"137":{"start":{"line":393,"column":6},"end":{"line":393,"column":44}},"138":{"start":{"line":395,"column":4},"end":{"line":401,"column":11}},"139":{"start":{"line":405,"column":0},"end":{"line":474,"column":2}},"140":{"start":{"line":406,"column":2},"end":{"line":406,"column":61}},"141":{"start":{"line":407,"column":17},"end":{"line":410,"column":3}},"142":{"start":{"line":412,"column":2},"end":{"line":412,"column":24}},"143":{"start":{"line":414,"column":2},"end":{"line":417,"column":3}},"144":{"start":{"line":415,"column":4},"end":{"line":415,"column":68}},"145":{"start":{"line":416,"column":4},"end":{"line":416,"column":40}},"146":{"start":{"line":418,"column":2},"end":{"line":423,"column":3}},"147":{"start":{"line":419,"column":4},"end":{"line":421,"column":39}},"148":{"start":{"line":422,"column":4},"end":{"line":422,"column":48}},"149":{"start":{"line":425,"column":2},"end":{"line":428,"column":3}},"150":{"start":{"line":426,"column":4},"end":{"line":426,"column":57}},"151":{"start":{"line":427,"column":4},"end":{"line":427,"column":40}},"152":{"start":{"line":430,"column":15},"end":{"line":430,"column":25}},"153":{"start":{"line":432,"column":2},"end":{"line":432,"column":36}},"154":{"start":{"line":434,"column":2},"end":{"line":434,"column":30}},"155":{"start":{"line":436,"column":2},"end":{"line":436,"column":38}},"156":{"start":{"line":438,"column":2},"end":{"line":438,"column":28}},"157":{"start":{"line":440,"column":2},"end":{"line":454,"column":3}},"158":{"start":{"line":441,"column":4},"end":{"line":441,"column":22}},"159":{"start":{"line":443,"column":4},"end":{"line":443,"column":28}},"160":{"start":{"line":444,"column":4},"end":{"line":444,"column":22}},"161":{"start":{"line":445,"column":4},"end":{"line":453,"column":5}},"162":{"start":{"line":446,"column":6},"end":{"line":446,"column":59}},"163":{"start":{"line":447,"column":6},"end":{"line":452,"column":7}},"164":{"start":{"line":448,"column":8},"end":{"line":448,"column":54}},"165":{"start":{"line":449,"column":8},"end":{"line":451,"column":26}},"166":{"start":{"line":456,"column":2},"end":{"line":471,"column":3}},"167":{"start":{"line":457,"column":4},"end":{"line":463,"column":6}},"168":{"start":{"line":465,"column":4},"end":{"line":465,"column":22}},"169":{"start":{"line":466,"column":4},"end":{"line":466,"column":28}},"170":{"start":{"line":467,"column":4},"end":{"line":469,"column":5}},"171":{"start":{"line":468,"column":6},"end":{"line":468,"column":49}},"172":{"start":{"line":470,"column":4},"end":{"line":470,"column":40}},"173":{"start":{"line":473,"column":2},"end":{"line":473,"column":38}},"174":{"start":{"line":477,"column":0},"end":{"line":517,"column":2}},"175":{"start":{"line":479,"column":15},"end":{"line":479,"column":23}},"176":{"start":{"line":480,"column":17},"end":{"line":484,"column":3}},"177":{"start":{"line":486,"column":2},"end":{"line":489,"column":3}},"178":{"start":{"line":487,"column":4},"end":{"line":487,"column":42}},"179":{"start":{"line":488,"column":4},"end":{"line":488,"column":40}},"180":{"start":{"line":491,"column":2},"end":{"line":498,"column":3}},"181":{"start":{"line":492,"column":4},"end":{"line":492,"column":80}},"182":{"start":{"line":493,"column":4},"end":{"line":493,"column":87}},"183":{"start":{"line":494,"column":4},"end":{"line":494,"column":28}},"184":{"start":{"line":495,"column":4},"end":{"line":497,"column":49}},"185":{"start":{"line":496,"column":6},"end":{"line":496,"column":52}},"186":{"start":{"line":497,"column":6},"end":{"line":497,"column":46}},"187":{"start":{"line":500,"column":2},"end":{"line":511,"column":3}},"188":{"start":{"line":501,"column":4},"end":{"line":501,"column":49}},"189":{"start":{"line":502,"column":4},"end":{"line":502,"column":36}},"190":{"start":{"line":503,"column":4},"end":{"line":503,"column":40}},"191":{"start":{"line":505,"column":7},"end":{"line":511,"column":3}},"192":{"start":{"line":506,"column":4},"end":{"line":506,"column":106}},"193":{"start":{"line":507,"column":4},"end":{"line":507,"column":38}},"194":{"start":{"line":508,"column":4},"end":{"line":510,"column":20}},"195":{"start":{"line":515,"column":2},"end":{"line":515,"column":119}},"196":{"start":{"line":516,"column":2},"end":{"line":516,"column":38}}},"fnMap":{"0":{"name":"(anonymous_0)","decl":{"start":{"line":16,"column":23},"end":{"line":16,"column":24}},"loc":{"start":{"line":16,"column":54},"end":{"line":19,"column":1}},"line":16},"1":{"name":"(anonymous_1)","decl":{"start":{"line":26,"column":37},"end":{"line":26,"column":38}},"loc":{"start":{"line":26,"column":57},"end":{"line":68,"column":1}},"line":26},"2":{"name":"(anonymous_2)","decl":{"start":{"line":36,"column":6},"end":{"line":36,"column":7}},"loc":{"start":{"line":36,"column":13},"end":{"line":38,"column":7}},"line":36},"3":{"name":"(anonymous_3)","decl":{"start":{"line":55,"column":20},"end":{"line":55,"column":21}},"loc":{"start":{"line":55,"column":27},"end":{"line":55,"column":49}},"line":55},"4":{"name":"(anonymous_4)","decl":{"start":{"line":70,"column":31},"end":{"line":70,"column":32}},"loc":{"start":{"line":70,"column":51},"end":{"line":154,"column":1}},"line":70},"5":{"name":"(anonymous_5)","decl":{"start":{"line":111,"column":11},"end":{"line":111,"column":12}},"loc":{"start":{"line":111,"column":18},"end":{"line":113,"column":5}},"line":111},"6":{"name":"sendVerificationEmail","decl":{"start":{"line":157,"column":15},"end":{"line":157,"column":36}},"loc":{"start":{"line":157,"column":83},"end":{"line":249,"column":1}},"line":157},"7":{"name":"(anonymous_7)","decl":{"start":{"line":158,"column":21},"end":{"line":158,"column":22}},"loc":{"start":{"line":158,"column":48},"end":{"line":248,"column":3}},"line":158},"8":{"name":"(anonymous_8)","decl":{"start":{"line":165,"column":8},"end":{"line":165,"column":9}},"loc":{"start":{"line":165,"column":15},"end":{"line":168,"column":9}},"line":165},"9":{"name":"(anonymous_9)","decl":{"start":{"line":185,"column":13},"end":{"line":185,"column":14}},"loc":{"start":{"line":185,"column":20},"end":{"line":187,"column":7}},"line":185},"10":{"name":"(anonymous_10)","decl":{"start":{"line":252,"column":24},"end":{"line":252,"column":25}},"loc":{"start":{"line":252,"column":44},"end":{"line":287,"column":1}},"line":252},"11":{"name":"(anonymous_11)","decl":{"start":{"line":264,"column":11},"end":{"line":264,"column":12}},"loc":{"start":{"line":264,"column":18},"end":{"line":269,"column":5}},"line":264},"12":{"name":"(anonymous_12)","decl":{"start":{"line":289,"column":34},"end":{"line":289,"column":35}},"loc":{"start":{"line":289,"column":54},"end":{"line":403,"column":1}},"line":289},"13":{"name":"(anonymous_13)","decl":{"start":{"line":310,"column":15},"end":{"line":310,"column":16}},"loc":{"start":{"line":310,"column":26},"end":{"line":317,"column":9}},"line":310},"14":{"name":"(anonymous_14)","decl":{"start":{"line":405,"column":26},"end":{"line":405,"column":27}},"loc":{"start":{"line":405,"column":46},"end":{"line":474,"column":1}},"line":405},"15":{"name":"(anonymous_15)","decl":{"start":{"line":477,"column":23},"end":{"line":477,"column":24}},"loc":{"start":{"line":477,"column":42},"end":{"line":517,"column":1}},"line":477},"16":{"name":"(anonymous_16)","decl":{"start":{"line":495,"column":22},"end":{"line":495,"column":23}},"loc":{"start":{"line":495,"column":29},"end":{"line":497,"column":47}},"line":495}},"branchMap":{"0":{"loc":{"start":{"line":4,"column":0},"end":{"line":6,"column":1}},"type":"if","locations":[{"start":{"line":4,"column":0},"end":{"line":6,"column":1}},{"start":{},"end":{}}],"line":4},"1":{"loc":{"start":{"line":28,"column":2},"end":{"line":30,"column":3}},"type":"if","locations":[{"start":{"line":28,"column":2},"end":{"line":30,"column":3}},{"start":{},"end":{}}],"line":28},"2":{"loc":{"start":{"line":28,"column":6},"end":{"line":28,"column":64}},"type":"binary-expr","locations":[{"start":{"line":28,"column":6},"end":{"line":28,"column":25}},{"start":{"line":28,"column":29},"end":{"line":28,"column":45}},{"start":{"line":28,"column":49},"end":{"line":28,"column":64}}],"line":28},"3":{"loc":{"start":{"line":40,"column":2},"end":{"line":42,"column":3}},"type":"if","locations":[{"start":{"line":40,"column":2},"end":{"line":42,"column":3}},{"start":{},"end":{}}],"line":40},"4":{"loc":{"start":{"line":44,"column":2},"end":{"line":46,"column":3}},"type":"if","locations":[{"start":{"line":44,"column":2},"end":{"line":46,"column":3}},{"start":{},"end":{}}],"line":44},"5":{"loc":{"start":{"line":44,"column":7},"end":{"line":44,"column":47}},"type":"binary-expr","locations":[{"start":{"line":44,"column":7},"end":{"line":44,"column":19}},{"start":{"line":44,"column":23},"end":{"line":44,"column":47}}],"line":44},"6":{"loc":{"start":{"line":48,"column":2},"end":{"line":50,"column":3}},"type":"if","locations":[{"start":{"line":48,"column":2},"end":{"line":50,"column":3}},{"start":{},"end":{}}],"line":48},"7":{"loc":{"start":{"line":48,"column":7},"end":{"line":48,"column":100}},"type":"binary-expr","locations":[{"start":{"line":48,"column":7},"end":{"line":48,"column":26}},{"start":{"line":48,"column":30},"end":{"line":48,"column":54}},{"start":{"line":48,"column":58},"end":{"line":48,"column":100}}],"line":48},"8":{"loc":{"start":{"line":71,"column":2},"end":{"line":75,"column":3}},"type":"if","locations":[{"start":{"line":71,"column":2},"end":{"line":75,"column":3}},{"start":{},"end":{}}],"line":71},"9":{"loc":{"start":{"line":77,"column":2},"end":{"line":80,"column":3}},"type":"if","locations":[{"start":{"line":77,"column":2},"end":{"line":80,"column":3}},{"start":{},"end":{}}],"line":77},"10":{"loc":{"start":{"line":90,"column":2},"end":{"line":94,"column":3}},"type":"if","locations":[{"start":{"line":90,"column":2},"end":{"line":94,"column":3}},{"start":{},"end":{}}],"line":90},"11":{"loc":{"start":{"line":96,"column":2},"end":{"line":104,"column":3}},"type":"if","locations":[{"start":{"line":96,"column":2},"end":{"line":104,"column":3}},{"start":{},"end":{}}],"line":96},"12":{"loc":{"start":{"line":97,"column":4},"end":{"line":100,"column":18}},"type":"binary-expr","locations":[{"start":{"line":97,"column":4},"end":{"line":97,"column":16}},{"start":{"line":98,"column":7},"end":{"line":98,"column":38}},{"start":{"line":99,"column":7},"end":{"line":99,"column":38}},{"start":{"line":100,"column":7},"end":{"line":100,"column":18}}],"line":97},"13":{"loc":{"start":{"line":131,"column":4},"end":{"line":135,"column":5}},"type":"if","locations":[{"start":{"line":131,"column":4},"end":{"line":135,"column":5}},{"start":{},"end":{}}],"line":131},"14":{"loc":{"start":{"line":137,"column":4},"end":{"line":141,"column":5}},"type":"if","locations":[{"start":{"line":137,"column":4},"end":{"line":141,"column":5}},{"start":{},"end":{}}],"line":137},"15":{"loc":{"start":{"line":137,"column":8},"end":{"line":137,"column":74}},"type":"binary-expr","locations":[{"start":{"line":137,"column":8},"end":{"line":137,"column":36}},{"start":{"line":137,"column":40},"end":{"line":137,"column":74}}],"line":137},"16":{"loc":{"start":{"line":171,"column":4},"end":{"line":176,"column":5}},"type":"if","locations":[{"start":{"line":171,"column":4},"end":{"line":176,"column":5}},{"start":{},"end":{}}],"line":171},"17":{"loc":{"start":{"line":189,"column":25},"end":{"line":208,"column":26}},"type":"cond-expr","locations":[{"start":{"line":191,"column":6},"end":{"line":198,"column":26}},{"start":{"line":201,"column":6},"end":{"line":208,"column":26}}],"line":189},"18":{"loc":{"start":{"line":219,"column":6},"end":{"line":224,"column":7}},"type":"if","locations":[{"start":{"line":219,"column":6},"end":{"line":224,"column":7}},{"start":{},"end":{}}],"line":219},"19":{"loc":{"start":{"line":226,"column":6},"end":{"line":230,"column":7}},"type":"if","locations":[{"start":{"line":226,"column":6},"end":{"line":230,"column":7}},{"start":{},"end":{}}],"line":226},"20":{"loc":{"start":{"line":226,"column":10},"end":{"line":226,"column":78}},"type":"binary-expr","locations":[{"start":{"line":226,"column":10},"end":{"line":226,"column":40}},{"start":{"line":226,"column":44},"end":{"line":226,"column":78}}],"line":226},"21":{"loc":{"start":{"line":240,"column":6},"end":{"line":245,"column":7}},"type":"if","locations":[{"start":{"line":240,"column":6},"end":{"line":245,"column":7}},{"start":{},"end":{}}],"line":240},"22":{"loc":{"start":{"line":253,"column":2},"end":{"line":255,"column":3}},"type":"if","locations":[{"start":{"line":253,"column":2},"end":{"line":255,"column":3}},{"start":{},"end":{}}],"line":253},"23":{"loc":{"start":{"line":256,"column":2},"end":{"line":258,"column":3}},"type":"if","locations":[{"start":{"line":256,"column":2},"end":{"line":258,"column":3}},{"start":{},"end":{}}],"line":256},"24":{"loc":{"start":{"line":259,"column":2},"end":{"line":261,"column":3}},"type":"if","locations":[{"start":{"line":259,"column":2},"end":{"line":261,"column":3}},{"start":{},"end":{}}],"line":259},"25":{"loc":{"start":{"line":271,"column":2},"end":{"line":273,"column":3}},"type":"if","locations":[{"start":{"line":271,"column":2},"end":{"line":273,"column":3}},{"start":{},"end":{}}],"line":271},"26":{"loc":{"start":{"line":275,"column":2},"end":{"line":283,"column":3}},"type":"if","locations":[{"start":{"line":275,"column":2},"end":{"line":283,"column":3}},{"start":{},"end":{}}],"line":275},"27":{"loc":{"start":{"line":296,"column":4},"end":{"line":301,"column":5}},"type":"if","locations":[{"start":{"line":296,"column":4},"end":{"line":301,"column":5}},{"start":{},"end":{}}],"line":296},"28":{"loc":{"start":{"line":296,"column":8},"end":{"line":296,"column":67}},"type":"binary-expr","locations":[{"start":{"line":296,"column":8},"end":{"line":296,"column":26}},{"start":{"line":296,"column":30},"end":{"line":296,"column":45}},{"start":{"line":296,"column":49},"end":{"line":296,"column":67}}],"line":296},"29":{"loc":{"start":{"line":302,"column":4},"end":{"line":305,"column":5}},"type":"if","locations":[{"start":{"line":302,"column":4},"end":{"line":305,"column":5}},{"start":{},"end":{}}],"line":302},"30":{"loc":{"start":{"line":319,"column":4},"end":{"line":321,"column":5}},"type":"if","locations":[{"start":{"line":319,"column":4},"end":{"line":321,"column":5}},{"start":{},"end":{}}],"line":319},"31":{"loc":{"start":{"line":323,"column":4},"end":{"line":356,"column":5}},"type":"if","locations":[{"start":{"line":323,"column":4},"end":{"line":356,"column":5}},{"start":{},"end":{}}],"line":323},"32":{"loc":{"start":{"line":324,"column":6},"end":{"line":332,"column":7}},"type":"if","locations":[{"start":{"line":324,"column":6},"end":{"line":332,"column":7}},{"start":{},"end":{}}],"line":324},"33":{"loc":{"start":{"line":382,"column":6},"end":{"line":384,"column":7}},"type":"if","locations":[{"start":{"line":382,"column":6},"end":{"line":384,"column":7}},{"start":{},"end":{}}],"line":382},"34":{"loc":{"start":{"line":392,"column":4},"end":{"line":394,"column":5}},"type":"if","locations":[{"start":{"line":392,"column":4},"end":{"line":394,"column":5}},{"start":{},"end":{}}],"line":392},"35":{"loc":{"start":{"line":414,"column":2},"end":{"line":417,"column":3}},"type":"if","locations":[{"start":{"line":414,"column":2},"end":{"line":417,"column":3}},{"start":{},"end":{}}],"line":414},"36":{"loc":{"start":{"line":414,"column":6},"end":{"line":414,"column":65}},"type":"binary-expr","locations":[{"start":{"line":414,"column":6},"end":{"line":414,"column":24}},{"start":{"line":414,"column":28},"end":{"line":414,"column":46}},{"start":{"line":414,"column":50},"end":{"line":414,"column":65}}],"line":414},"37":{"loc":{"start":{"line":418,"column":2},"end":{"line":423,"column":3}},"type":"if","locations":[{"start":{"line":418,"column":2},"end":{"line":423,"column":3}},{"start":{},"end":{}}],"line":418},"38":{"loc":{"start":{"line":425,"column":2},"end":{"line":428,"column":3}},"type":"if","locations":[{"start":{"line":425,"column":2},"end":{"line":428,"column":3}},{"start":{},"end":{}}],"line":425},"39":{"loc":{"start":{"line":445,"column":4},"end":{"line":453,"column":5}},"type":"if","locations":[{"start":{"line":445,"column":4},"end":{"line":453,"column":5}},{"start":{},"end":{}}],"line":445},"40":{"loc":{"start":{"line":447,"column":6},"end":{"line":452,"column":7}},"type":"if","locations":[{"start":{"line":447,"column":6},"end":{"line":452,"column":7}},{"start":{},"end":{}}],"line":447},"41":{"loc":{"start":{"line":462,"column":8},"end":{"line":462,"column":33}},"type":"binary-expr","locations":[{"start":{"line":462,"column":8},"end":{"line":462,"column":25}},{"start":{"line":462,"column":29},"end":{"line":462,"column":33}}],"line":462},"42":{"loc":{"start":{"line":467,"column":4},"end":{"line":469,"column":5}},"type":"if","locations":[{"start":{"line":467,"column":4},"end":{"line":469,"column":5}},{"start":{},"end":{}}],"line":467},"43":{"loc":{"start":{"line":486,"column":2},"end":{"line":489,"column":3}},"type":"if","locations":[{"start":{"line":486,"column":2},"end":{"line":489,"column":3}},{"start":{},"end":{}}],"line":486},"44":{"loc":{"start":{"line":491,"column":2},"end":{"line":498,"column":3}},"type":"if","locations":[{"start":{"line":491,"column":2},"end":{"line":498,"column":3}},{"start":{},"end":{}}],"line":491},"45":{"loc":{"start":{"line":493,"column":46},"end":{"line":493,"column":83}},"type":"cond-expr","locations":[{"start":{"line":493,"column":60},"end":{"line":493,"column":71}},{"start":{"line":493,"column":74},"end":{"line":493,"column":83}}],"line":493},"46":{"loc":{"start":{"line":500,"column":2},"end":{"line":511,"column":3}},"type":"if","locations":[{"start":{"line":500,"column":2},"end":{"line":511,"column":3}},{"start":{"line":505,"column":7},"end":{"line":511,"column":3}}],"line":500},"47":{"loc":{"start":{"line":505,"column":7},"end":{"line":511,"column":3}},"type":"if","locations":[{"start":{"line":505,"column":7},"end":{"line":511,"column":3}},{"start":{},"end":{}}],"line":505}},"s":{"0":1,"1":1,"2":1,"3":0,"4":1,"5":1,"6":1,"7":1,"8":1,"9":1,"10":0,"11":0,"12":1,"13":1,"14":1,"15":1,"16":0,"17":0,"18":0,"19":0,"20":0,"21":0,"22":0,"23":0,"24":0,"25":0,"26":0,"27":0,"28":0,"29":0,"30":0,"31":0,"32":0,"33":1,"34":0,"35":0,"36":0,"37":0,"38":0,"39":0,"40":0,"41":0,"42":0,"43":0,"44":0,"45":0,"46":0,"47":0,"48":0,"49":0,"50":0,"51":0,"52":0,"53":0,"54":0,"55":0,"56":0,"57":0,"58":0,"59":0,"60":0,"61":0,"62":0,"63":0,"64":0,"65":0,"66":0,"67":0,"68":0,"69":0,"70":0,"71":0,"72":0,"73":0,"74":0,"75":0,"76":0,"77":0,"78":0,"79":0,"80":0,"81":0,"82":0,"83":0,"84":1,"85":0,"86":0,"87":0,"88":0,"89":0,"90":0,"91":0,"92":0,"93":0,"94":0,"95":0,"96":0,"97":0,"98":0,"99":0,"100":1,"101":0,"102":0,"103":0,"104":0,"105":0,"106":0,"107":0,"108":0,"109":0,"110":0,"111":0,"112":0,"113":0,"114":0,"115":0,"116":0,"117":0,"118":0,"119":0,"120":0,"121":0,"122":0,"123":0,"124":0,"125":0,"126":0,"127":0,"128":0,"129":0,"130":0,"131":0,"132":0,"133":0,"134":0,"135":0,"136":0,"137":0,"138":0,"139":1,"140":0,"141":0,"142":0,"143":0,"144":0,"145":0,"146":0,"147":0,"148":0,"149":0,"150":0,"151":0,"152":0,"153":0,"154":0,"155":0,"156":0,"157":0,"158":0,"159":0,"160":0,"161":0,"162":0,"163":0,"164":0,"165":0,"166":0,"167":0,"168":0,"169":0,"170":0,"171":0,"172":0,"173":0,"174":1,"175":0,"176":0,"177":0,"178":0,"179":0,"180":0,"181":0,"182":0,"183":0,"184":0,"185":0,"186":0,"187":0,"188":0,"189":0,"190":0,"191":0,"192":0,"193":0,"194":0,"195":0,"196":0},"f":{"0":0,"1":0,"2":0,"3":0,"4":0,"5":0,"6":0,"7":0,"8":0,"9":0,"10":0,"11":0,"12":0,"13":0,"14":0,"15":0,"16":0},"b":{"0":[0,1],"1":[0,0],"2":[0,0,0],"3":[0,0],"4":[0,0],"5":[0,0],"6":[0,0],"7":[0,0,0],"8":[0,0],"9":[0,0],"10":[0,0],"11":[0,0],"12":[0,0,0,0],"13":[0,0],"14":[0,0],"15":[0,0],"16":[0,0],"17":[0,0],"18":[0,0],"19":[0,0],"20":[0,0],"21":[0,0],"22":[0,0],"23":[0,0],"24":[0,0],"25":[0,0],"26":[0,0],"27":[0,0],"28":[0,0,0],"29":[0,0],"30":[0,0],"31":[0,0],"32":[0,0],"33":[0,0],"34":[0,0],"35":[0,0],"36":[0,0,0],"37":[0,0],"38":[0,0],"39":[0,0],"40":[0,0],"41":[0,0],"42":[0,0],"43":[0,0],"44":[0,0],"45":[0,0],"46":[0,0],"47":[0,0]},"_coverageSchema":"1a1c01bbd47fc00a2c39e90264f33305004495a9","hash":"2ff7edabdb14186fd5f930b6805ce9ce9fd91bc3"}
,"/home/neimhin/dev/scealai/api/controllers/profile.js": {"path":"/home/neimhin/dev/scealai/api/controllers/profile.js","statementMap":{"0":{"start":{"line":1,"column":15},"end":{"line":1,"column":34}},"1":{"start":{"line":2,"column":11},"end":{"line":2,"column":33}},"2":{"start":{"line":4,"column":0},"end":{"line":18,"column":2}},"3":{"start":{"line":6,"column":4},"end":{"line":16,"column":5}},"4":{"start":{"line":7,"column":6},"end":{"line":9,"column":9}},"5":{"start":{"line":11,"column":6},"end":{"line":15,"column":11}},"6":{"start":{"line":14,"column":10},"end":{"line":14,"column":37}},"7":{"start":{"line":20,"column":0},"end":{"line":33,"column":2}},"8":{"start":{"line":21,"column":2},"end":{"line":32,"column":3}},"9":{"start":{"line":22,"column":4},"end":{"line":22,"column":57}},"10":{"start":{"line":24,"column":4},"end":{"line":31,"column":7}},"11":{"start":{"line":25,"column":6},"end":{"line":27,"column":7}},"12":{"start":{"line":26,"column":8},"end":{"line":26,"column":61}},"13":{"start":{"line":28,"column":6},"end":{"line":30,"column":7}},"14":{"start":{"line":29,"column":8},"end":{"line":29,"column":35}},"15":{"start":{"line":35,"column":0},"end":{"line":44,"column":2}},"16":{"start":{"line":36,"column":2},"end":{"line":43,"column":5}},"17":{"start":{"line":37,"column":4},"end":{"line":39,"column":5}},"18":{"start":{"line":38,"column":6},"end":{"line":38,"column":63}},"19":{"start":{"line":40,"column":4},"end":{"line":42,"column":5}},"20":{"start":{"line":41,"column":6},"end":{"line":41,"column":37}}},"fnMap":{"0":{"name":"(anonymous_0)","decl":{"start":{"line":4,"column":29},"end":{"line":4,"column":30}},"loc":{"start":{"line":4,"column":48},"end":{"line":18,"column":1}},"line":4},"1":{"name":"(anonymous_1)","decl":{"start":{"line":13,"column":14},"end":{"line":13,"column":15}},"loc":{"start":{"line":13,"column":34},"end":{"line":15,"column":9}},"line":13},"2":{"name":"(anonymous_2)","decl":{"start":{"line":20,"column":26},"end":{"line":20,"column":27}},"loc":{"start":{"line":20,"column":45},"end":{"line":33,"column":1}},"line":20},"3":{"name":"(anonymous_3)","decl":{"start":{"line":24,"column":40},"end":{"line":24,"column":41}},"loc":{"start":{"line":24,"column":60},"end":{"line":31,"column":5}},"line":24},"4":{"name":"(anonymous_4)","decl":{"start":{"line":35,"column":29},"end":{"line":35,"column":30}},"loc":{"start":{"line":35,"column":48},"end":{"line":44,"column":1}},"line":35},"5":{"name":"(anonymous_5)","decl":{"start":{"line":36,"column":37},"end":{"line":36,"column":38}},"loc":{"start":{"line":36,"column":61},"end":{"line":43,"column":3}},"line":36}},"branchMap":{"0":{"loc":{"start":{"line":6,"column":4},"end":{"line":16,"column":5}},"type":"if","locations":[{"start":{"line":6,"column":4},"end":{"line":16,"column":5}},{"start":{"line":10,"column":11},"end":{"line":16,"column":5}}],"line":6},"1":{"loc":{"start":{"line":21,"column":2},"end":{"line":32,"column":3}},"type":"if","locations":[{"start":{"line":21,"column":2},"end":{"line":32,"column":3}},{"start":{"line":23,"column":9},"end":{"line":32,"column":3}}],"line":21},"2":{"loc":{"start":{"line":25,"column":6},"end":{"line":27,"column":7}},"type":"if","locations":[{"start":{"line":25,"column":6},"end":{"line":27,"column":7}},{"start":{},"end":{}}],"line":25},"3":{"loc":{"start":{"line":28,"column":6},"end":{"line":30,"column":7}},"type":"if","locations":[{"start":{"line":28,"column":6},"end":{"line":30,"column":7}},{"start":{},"end":{}}],"line":28},"4":{"loc":{"start":{"line":37,"column":4},"end":{"line":39,"column":5}},"type":"if","locations":[{"start":{"line":37,"column":4},"end":{"line":39,"column":5}},{"start":{},"end":{}}],"line":37},"5":{"loc":{"start":{"line":40,"column":4},"end":{"line":42,"column":5}},"type":"if","locations":[{"start":{"line":40,"column":4},"end":{"line":42,"column":5}},{"start":{},"end":{}}],"line":40}},"s":{"0":1,"1":1,"2":1,"3":0,"4":0,"5":0,"6":0,"7":1,"8":0,"9":0,"10":0,"11":0,"12":0,"13":0,"14":0,"15":1,"16":0,"17":0,"18":0,"19":0,"20":0},"f":{"0":0,"1":0,"2":0,"3":0,"4":0,"5":0},"b":{"0":[0,0],"1":[0,0],"2":[0,0],"3":[0,0],"4":[0,0],"5":[0,0]},"_coverageSchema":"1a1c01bbd47fc00a2c39e90264f33305004495a9","hash":"a68e9bf20ca7362ca4995c8af16792de2af65f49"}
,"/home/neimhin/dev/scealai/api/endpoints_functions/gramadoir/insert.js": {"path":"/home/neimhin/dev/scealai/api/endpoints_functions/gramadoir/insert.js","statementMap":{"0":{"start":{"line":1,"column":17},"end":{"line":1,"column":36}},"1":{"start":{"line":2,"column":65},"end":{"line":2,"column":95}},"2":{"start":{"line":4,"column":0},"end":{"line":13,"column":1}},"3":{"start":{"line":6,"column":4},"end":{"line":7,"column":8}},"4":{"start":{"line":8,"column":2},"end":{"line":12,"column":50}},"5":{"start":{"line":12,"column":39},"end":{"line":12,"column":48}}},"fnMap":{"0":{"name":"(anonymous_0)","decl":{"start":{"line":4,"column":17},"end":{"line":4,"column":18}},"loc":{"start":{"line":4,"column":43},"end":{"line":13,"column":1}},"line":4},"1":{"name":"(anonymous_1)","decl":{"start":{"line":12,"column":30},"end":{"line":12,"column":31}},"loc":{"start":{"line":12,"column":39},"end":{"line":12,"column":48}},"line":12}},"branchMap":{},"s":{"0":1,"1":1,"2":1,"3":0,"4":0,"5":0},"f":{"0":0,"1":0},"b":{},"_coverageSchema":"1a1c01bbd47fc00a2c39e90264f33305004495a9","hash":"be7390f8411134b392a9f5dc11708f86da58a894"}
,"/home/neimhin/dev/scealai/api/endpoints_functions/story/feedbackAudio.js": {"path":"/home/neimhin/dev/scealai/api/endpoints_functions/story/feedbackAudio.js","statementMap":{"0":{"start":{"line":1,"column":16},"end":{"line":1,"column":34}},"1":{"start":{"line":2,"column":17},"end":{"line":2,"column":36}},"2":{"start":{"line":3,"column":13},"end":{"line":3,"column":28}},"3":{"start":{"line":4,"column":14},"end":{"line":4,"column":43}},"4":{"start":{"line":7,"column":15},"end":{"line":7,"column":34}},"5":{"start":{"line":8,"column":14},"end":{"line":8,"column":42}},"6":{"start":{"line":11,"column":0},"end":{"line":21,"column":7}},"7":{"start":{"line":14,"column":6},"end":{"line":19,"column":7}},"8":{"start":{"line":15,"column":8},"end":{"line":17,"column":57}},"9":{"start":{"line":18,"column":8},"end":{"line":18,"column":24}},"10":{"start":{"line":20,"column":6},"end":{"line":20,"column":50}},"11":{"start":{"line":24,"column":0},"end":{"line":76,"column":2}},"12":{"start":{"line":25,"column":2},"end":{"line":29,"column":3}},"13":{"start":{"line":26,"column":4},"end":{"line":28,"column":7}},"14":{"start":{"line":30,"column":2},"end":{"line":75,"column":5}},"15":{"start":{"line":31,"column":4},"end":{"line":74,"column":5}},"16":{"start":{"line":32,"column":6},"end":{"line":32,"column":23}},"17":{"start":{"line":33,"column":6},"end":{"line":33,"column":32}},"18":{"start":{"line":34,"column":11},"end":{"line":74,"column":5}},"19":{"start":{"line":35,"column":6},"end":{"line":71,"column":7}},"20":{"start":{"line":38,"column":8},"end":{"line":45,"column":9}},"21":{"start":{"line":39,"column":10},"end":{"line":39,"column":65}},"22":{"start":{"line":41,"column":10},"end":{"line":44,"column":49}},"23":{"start":{"line":47,"column":8},"end":{"line":47,"column":45}},"24":{"start":{"line":48,"column":8},"end":{"line":48,"column":42}},"25":{"start":{"line":50,"column":23},"end":{"line":52,"column":10}},"26":{"start":{"line":54,"column":31},"end":{"line":54,"column":65}},"27":{"start":{"line":56,"column":8},"end":{"line":58,"column":11}},"28":{"start":{"line":57,"column":10},"end":{"line":57,"column":27}},"29":{"start":{"line":60,"column":8},"end":{"line":62,"column":11}},"30":{"start":{"line":61,"column":10},"end":{"line":61,"column":30}},"31":{"start":{"line":64,"column":8},"end":{"line":66,"column":11}},"32":{"start":{"line":65,"column":10},"end":{"line":65,"column":20}},"33":{"start":{"line":70,"column":8},"end":{"line":70,"column":23}},"34":{"start":{"line":73,"column":6},"end":{"line":73,"column":62}}},"fnMap":{"0":{"name":"(anonymous_0)","decl":{"start":{"line":13,"column":4},"end":{"line":13,"column":5}},"loc":{"start":{"line":13,"column":21},"end":{"line":21,"column":5}},"line":13},"1":{"name":"(anonymous_1)","decl":{"start":{"line":24,"column":17},"end":{"line":24,"column":18}},"loc":{"start":{"line":24,"column":37},"end":{"line":76,"column":1}},"line":24},"2":{"name":"(anonymous_2)","decl":{"start":{"line":30,"column":32},"end":{"line":30,"column":33}},"loc":{"start":{"line":30,"column":48},"end":{"line":75,"column":3}},"line":30},"3":{"name":"(anonymous_3)","decl":{"start":{"line":56,"column":34},"end":{"line":56,"column":35}},"loc":{"start":{"line":56,"column":45},"end":{"line":58,"column":9}},"line":56},"4":{"name":"(anonymous_4)","decl":{"start":{"line":60,"column":35},"end":{"line":60,"column":36}},"loc":{"start":{"line":60,"column":41},"end":{"line":62,"column":9}},"line":60},"5":{"name":"(anonymous_5)","decl":{"start":{"line":64,"column":33},"end":{"line":64,"column":34}},"loc":{"start":{"line":64,"column":39},"end":{"line":66,"column":9}},"line":64}},"branchMap":{"0":{"loc":{"start":{"line":14,"column":6},"end":{"line":19,"column":7}},"type":"if","locations":[{"start":{"line":14,"column":6},"end":{"line":19,"column":7}},{"start":{},"end":{}}],"line":14},"1":{"loc":{"start":{"line":20,"column":21},"end":{"line":20,"column":48}},"type":"binary-expr","locations":[{"start":{"line":20,"column":21},"end":{"line":20,"column":35}},{"start":{"line":20,"column":39},"end":{"line":20,"column":48}}],"line":20},"2":{"loc":{"start":{"line":25,"column":2},"end":{"line":29,"column":3}},"type":"if","locations":[{"start":{"line":25,"column":2},"end":{"line":29,"column":3}},{"start":{},"end":{}}],"line":25},"3":{"loc":{"start":{"line":31,"column":4},"end":{"line":74,"column":5}},"type":"if","locations":[{"start":{"line":31,"column":4},"end":{"line":74,"column":5}},{"start":{"line":34,"column":11},"end":{"line":74,"column":5}}],"line":31},"4":{"loc":{"start":{"line":34,"column":11},"end":{"line":74,"column":5}},"type":"if","locations":[{"start":{"line":34,"column":11},"end":{"line":74,"column":5}},{"start":{"line":72,"column":11},"end":{"line":74,"column":5}}],"line":34},"5":{"loc":{"start":{"line":35,"column":6},"end":{"line":71,"column":7}},"type":"if","locations":[{"start":{"line":35,"column":6},"end":{"line":71,"column":7}},{"start":{"line":67,"column":13},"end":{"line":71,"column":7}}],"line":35}},"s":{"0":1,"1":1,"2":1,"3":1,"4":1,"5":1,"6":1,"7":1,"8":0,"9":0,"10":1,"11":1,"12":0,"13":0,"14":0,"15":0,"16":0,"17":0,"18":0,"19":0,"20":0,"21":0,"22":0,"23":0,"24":0,"25":0,"26":0,"27":0,"28":0,"29":0,"30":0,"31":0,"32":0,"33":0,"34":0},"f":{"0":1,"1":0,"2":0,"3":0,"4":0,"5":0},"b":{"0":[0,1],"1":[1,1],"2":[0,0],"3":[0,0],"4":[0,0],"5":[0,0]},"_coverageSchema":"1a1c01bbd47fc00a2c39e90264f33305004495a9","hash":"b01c7f309d509cb4b1b74c4e1bbb7149d8989522"}
,"/home/neimhin/dev/scealai/api/endpoints_functions/story/getStoryById.js": {"path":"/home/neimhin/dev/scealai/api/endpoints_functions/story/getStoryById.js","statementMap":{"0":{"start":{"line":1,"column":14},"end":{"line":1,"column":43}},"1":{"start":{"line":2,"column":22},"end":{"line":2,"column":53}},"2":{"start":{"line":5,"column":16},"end":{"line":5,"column":51}},"3":{"start":{"line":6,"column":2},"end":{"line":8,"column":3}},"4":{"start":{"line":7,"column":4},"end":{"line":7,"column":70}},"5":{"start":{"line":9,"column":2},"end":{"line":9,"column":21}},"6":{"start":{"line":10,"column":2},"end":{"line":10,"column":37}},"7":{"start":{"line":13,"column":0},"end":{"line":13,"column":30}}},"fnMap":{"0":{"name":"getStoryById","decl":{"start":{"line":4,"column":15},"end":{"line":4,"column":27}},"loc":{"start":{"line":4,"column":38},"end":{"line":11,"column":1}},"line":4}},"branchMap":{"0":{"loc":{"start":{"line":6,"column":2},"end":{"line":8,"column":3}},"type":"if","locations":[{"start":{"line":6,"column":2},"end":{"line":8,"column":3}},{"start":{},"end":{}}],"line":6}},"s":{"0":1,"1":1,"2":0,"3":0,"4":0,"5":0,"6":0,"7":1},"f":{"0":0},"b":{"0":[0,0]},"_coverageSchema":"1a1c01bbd47fc00a2c39e90264f33305004495a9","hash":"ab3614b79e38f230ba83c4f1dc5bc90f4897c1ce"}
,"/home/neimhin/dev/scealai/api/endpoints_functions/story/updateStoryAndCheckGrammar.js": {"path":"/home/neimhin/dev/scealai/api/endpoints_functions/story/updateStoryAndCheckGrammar.js","statementMap":{"0":{"start":{"line":1,"column":14},"end":{"line":1,"column":43}},"1":{"start":{"line":2,"column":29},"end":{"line":2,"column":59}},"2":{"start":{"line":3,"column":15},"end":{"line":3,"column":38}},"3":{"start":{"line":5,"column":0},"end":{"line":66,"column":2}},"4":{"start":{"line":6,"column":22},"end":{"line":6,"column":41}},"5":{"start":{"line":8,"column":26},"end":{"line":8,"column":52}},"6":{"start":{"line":9,"column":2},"end":{"line":13,"column":3}},"7":{"start":{"line":10,"column":4},"end":{"line":12,"column":7}},"8":{"start":{"line":16,"column":2},"end":{"line":16,"column":30}},"9":{"start":{"line":21,"column":4},"end":{"line":21,"column":67}},"10":{"start":{"line":24,"column":4},"end":{"line":24,"column":46}},"11":{"start":{"line":27,"column":4},"end":{"line":27,"column":46}},"12":{"start":{"line":30,"column":25},"end":{"line":30,"column":27}},"13":{"start":{"line":32,"column":2},"end":{"line":36,"column":18}},"14":{"start":{"line":34,"column":8},"end":{"line":34,"column":28}},"15":{"start":{"line":35,"column":8},"end":{"line":35,"column":46}},"16":{"start":{"line":38,"column":2},"end":{"line":40,"column":3}},"17":{"start":{"line":39,"column":4},"end":{"line":39,"column":54}},"18":{"start":{"line":42,"column":2},"end":{"line":46,"column":16}},"19":{"start":{"line":44,"column":6},"end":{"line":44,"column":26}},"20":{"start":{"line":45,"column":6},"end":{"line":45,"column":51}},"21":{"start":{"line":48,"column":2},"end":{"line":52,"column":16}},"22":{"start":{"line":50,"column":6},"end":{"line":50,"column":26}},"23":{"start":{"line":51,"column":6},"end":{"line":51,"column":49}},"24":{"start":{"line":54,"column":15},"end":{"line":54,"column":18}},"25":{"start":{"line":56,"column":2},"end":{"line":62,"column":3}},"26":{"start":{"line":57,"column":4},"end":{"line":57,"column":17}},"27":{"start":{"line":58,"column":9},"end":{"line":62,"column":3}},"28":{"start":{"line":59,"column":4},"end":{"line":59,"column":42}},"29":{"start":{"line":60,"column":9},"end":{"line":62,"column":3}},"30":{"start":{"line":61,"column":4},"end":{"line":61,"column":40}},"31":{"start":{"line":64,"column":2},"end":{"line":64,"column":51}},"32":{"start":{"line":65,"column":2},"end":{"line":65,"column":56}}},"fnMap":{"0":{"name":"(anonymous_0)","decl":{"start":{"line":5,"column":17},"end":{"line":5,"column":18}},"loc":{"start":{"line":5,"column":37},"end":{"line":66,"column":1}},"line":5},"1":{"name":"(anonymous_1)","decl":{"start":{"line":33,"column":37},"end":{"line":33,"column":38}},"loc":{"start":{"line":33,"column":48},"end":{"line":36,"column":7}},"line":33},"2":{"name":"(anonymous_2)","decl":{"start":{"line":43,"column":42},"end":{"line":43,"column":43}},"loc":{"start":{"line":43,"column":53},"end":{"line":46,"column":5}},"line":43},"3":{"name":"(anonymous_3)","decl":{"start":{"line":49,"column":40},"end":{"line":49,"column":41}},"loc":{"start":{"line":49,"column":51},"end":{"line":52,"column":5}},"line":49}},"branchMap":{"0":{"loc":{"start":{"line":9,"column":2},"end":{"line":13,"column":3}},"type":"if","locations":[{"start":{"line":9,"column":2},"end":{"line":13,"column":3}},{"start":{},"end":{}}],"line":9},"1":{"loc":{"start":{"line":33,"column":6},"end":{"line":36,"column":17}},"type":"binary-expr","locations":[{"start":{"line":33,"column":6},"end":{"line":36,"column":8}},{"start":{"line":36,"column":12},"end":{"line":36,"column":17}}],"line":33},"2":{"loc":{"start":{"line":38,"column":2},"end":{"line":40,"column":3}},"type":"if","locations":[{"start":{"line":38,"column":2},"end":{"line":40,"column":3}},{"start":{},"end":{}}],"line":38},"3":{"loc":{"start":{"line":43,"column":4},"end":{"line":46,"column":15}},"type":"binary-expr","locations":[{"start":{"line":43,"column":4},"end":{"line":46,"column":6}},{"start":{"line":46,"column":10},"end":{"line":46,"column":15}}],"line":43},"4":{"loc":{"start":{"line":49,"column":4},"end":{"line":52,"column":15}},"type":"binary-expr","locations":[{"start":{"line":49,"column":4},"end":{"line":52,"column":6}},{"start":{"line":52,"column":10},"end":{"line":52,"column":15}}],"line":49},"5":{"loc":{"start":{"line":56,"column":2},"end":{"line":62,"column":3}},"type":"if","locations":[{"start":{"line":56,"column":2},"end":{"line":62,"column":3}},{"start":{"line":58,"column":9},"end":{"line":62,"column":3}}],"line":56},"6":{"loc":{"start":{"line":58,"column":9},"end":{"line":62,"column":3}},"type":"if","locations":[{"start":{"line":58,"column":9},"end":{"line":62,"column":3}},{"start":{"line":60,"column":9},"end":{"line":62,"column":3}}],"line":58},"7":{"loc":{"start":{"line":60,"column":9},"end":{"line":62,"column":3}},"type":"if","locations":[{"start":{"line":60,"column":9},"end":{"line":62,"column":3}},{"start":{},"end":{}}],"line":60},"8":{"loc":{"start":{"line":65,"column":20},"end":{"line":65,"column":33}},"type":"binary-expr","locations":[{"start":{"line":65,"column":20},"end":{"line":65,"column":26}},{"start":{"line":65,"column":30},"end":{"line":65,"column":33}}],"line":65}},"s":{"0":1,"1":1,"2":1,"3":1,"4":0,"5":0,"6":0,"7":0,"8":0,"9":0,"10":0,"11":0,"12":0,"13":0,"14":0,"15":0,"16":0,"17":0,"18":0,"19":0,"20":0,"21":0,"22":0,"23":0,"24":0,"25":0,"26":0,"27":0,"28":0,"29":0,"30":0,"31":0,"32":0},"f":{"0":0,"1":0,"2":0,"3":0},"b":{"0":[0,0],"1":[0,0],"2":[0,0],"3":[0,0],"4":[0,0],"5":[0,0],"6":[0,0],"7":[0,0],"8":[0,0]},"_coverageSchema":"1a1c01bbd47fc00a2c39e90264f33305004495a9","hash":"895ec74f7d0ed3b12c356d7994d04643a718adf7"}
,"/home/neimhin/dev/scealai/api/endpoints_functions/story/viewFeedback.js": {"path":"/home/neimhin/dev/scealai/api/endpoints_functions/story/viewFeedback.js","statementMap":{"0":{"start":{"line":1,"column":14},"end":{"line":1,"column":43}},"1":{"start":{"line":2,"column":22},"end":{"line":2,"column":53}},"2":{"start":{"line":3,"column":17},"end":{"line":3,"column":36}},"3":{"start":{"line":5,"column":0},"end":{"line":22,"column":2}},"4":{"start":{"line":6,"column":2},"end":{"line":10,"column":3}},"5":{"start":{"line":7,"column":4},"end":{"line":9,"column":7}},"6":{"start":{"line":11,"column":16},"end":{"line":11,"column":51}},"7":{"start":{"line":12,"column":2},"end":{"line":18,"column":3}},"8":{"start":{"line":13,"column":4},"end":{"line":13,"column":40}},"9":{"start":{"line":14,"column":4},"end":{"line":14,"column":17}},"10":{"start":{"line":15,"column":4},"end":{"line":17,"column":7}},"11":{"start":{"line":20,"column":2},"end":{"line":21,"column":57}}},"fnMap":{"0":{"name":"(anonymous_0)","decl":{"start":{"line":5,"column":17},"end":{"line":5,"column":18}},"loc":{"start":{"line":5,"column":37},"end":{"line":22,"column":1}},"line":5}},"branchMap":{"0":{"loc":{"start":{"line":6,"column":2},"end":{"line":10,"column":3}},"type":"if","locations":[{"start":{"line":6,"column":2},"end":{"line":10,"column":3}},{"start":{},"end":{}}],"line":6},"1":{"loc":{"start":{"line":12,"column":2},"end":{"line":18,"column":3}},"type":"if","locations":[{"start":{"line":12,"column":2},"end":{"line":18,"column":3}},{"start":{},"end":{}}],"line":12}},"s":{"0":1,"1":1,"2":1,"3":1,"4":0,"5":0,"6":0,"7":0,"8":0,"9":0,"10":0,"11":0},"f":{"0":0},"b":{"0":[0,0],"1":[0,0]},"_coverageSchema":"1a1c01bbd47fc00a2c39e90264f33305004495a9","hash":"37e883d03a555ca685cb305bf42ee17980c2c83d"}
,"/home/neimhin/dev/scealai/api/endpoints_functions/user/getUserCount.js": {"path":"/home/neimhin/dev/scealai/api/endpoints_functions/user/getUserCount.js","statementMap":{"0":{"start":{"line":1,"column":13},"end":{"line":1,"column":41}},"1":{"start":{"line":8,"column":16},"end":{"line":8,"column":53}},"2":{"start":{"line":9,"column":18},"end":{"line":9,"column":70}},"3":{"start":{"line":10,"column":18},"end":{"line":10,"column":70}},"4":{"start":{"line":11,"column":16},"end":{"line":11,"column":66}},"5":{"start":{"line":12,"column":2},"end":{"line":17,"column":5}},"6":{"start":{"line":20,"column":0},"end":{"line":20,"column":30}}},"fnMap":{"0":{"name":"getUserCount","decl":{"start":{"line":7,"column":15},"end":{"line":7,"column":27}},"loc":{"start":{"line":7,"column":38},"end":{"line":18,"column":1}},"line":7}},"branchMap":{},"s":{"0":1,"1":0,"2":0,"3":0,"4":0,"5":0,"6":1},"f":{"0":0},"b":{},"_coverageSchema":"1a1c01bbd47fc00a2c39e90264f33305004495a9","hash":"12c1a294991d44cedf59aebea0c761037e093ecb"}
,"/home/neimhin/dev/scealai/api/endpoints_functions/user/searchUser.js": {"path":"/home/neimhin/dev/scealai/api/endpoints_functions/user/searchUser.js","statementMap":{"0":{"start":{"line":1,"column":13},"end":{"line":1,"column":41}},"1":{"start":{"line":2,"column":35},"end":{"line":2,"column":66}},"2":{"start":{"line":11,"column":2},"end":{"line":20,"column":4}},"3":{"start":{"line":22,"column":2},"end":{"line":22,"column":22}},"4":{"start":{"line":25,"column":2},"end":{"line":25,"column":24}},"5":{"start":{"line":26,"column":2},"end":{"line":26,"column":29}},"6":{"start":{"line":29,"column":2},"end":{"line":31,"column":3}},"7":{"start":{"line":30,"column":4},"end":{"line":30,"column":86}},"8":{"start":{"line":32,"column":2},"end":{"line":34,"column":3}},"9":{"start":{"line":33,"column":4},"end":{"line":33,"column":80}},"10":{"start":{"line":37,"column":22},"end":{"line":37,"column":59}},"11":{"start":{"line":38,"column":21},"end":{"line":41,"column":3}},"12":{"start":{"line":42,"column":16},"end":{"line":46,"column":17}},"13":{"start":{"line":47,"column":20},"end":{"line":47,"column":65}},"14":{"start":{"line":49,"column":2},"end":{"line":51,"column":3}},"15":{"start":{"line":50,"column":4},"end":{"line":50,"column":77}},"16":{"start":{"line":52,"column":2},"end":{"line":52,"column":21}},"17":{"start":{"line":53,"column":2},"end":{"line":53,"column":64}},"18":{"start":{"line":56,"column":0},"end":{"line":56,"column":28}}},"fnMap":{"0":{"name":"searchUser","decl":{"start":{"line":9,"column":15},"end":{"line":9,"column":25}},"loc":{"start":{"line":9,"column":36},"end":{"line":54,"column":1}},"line":9}},"branchMap":{"0":{"loc":{"start":{"line":12,"column":18},"end":{"line":12,"column":68}},"type":"cond-expr","locations":[{"start":{"line":12,"column":42},"end":{"line":12,"column":63}},{"start":{"line":12,"column":66},"end":{"line":12,"column":68}}],"line":12},"1":{"loc":{"start":{"line":13,"column":11},"end":{"line":13,"column":47}},"type":"cond-expr","locations":[{"start":{"line":13,"column":28},"end":{"line":13,"column":42}},{"start":{"line":13,"column":45},"end":{"line":13,"column":47}}],"line":13},"2":{"loc":{"start":{"line":14,"column":17},"end":{"line":14,"column":64}},"type":"cond-expr","locations":[{"start":{"line":14,"column":40},"end":{"line":14,"column":60}},{"start":{"line":14,"column":63},"end":{"line":14,"column":64}}],"line":14},"3":{"loc":{"start":{"line":15,"column":11},"end":{"line":19,"column":5}},"type":"cond-expr","locations":[{"start":{"line":15,"column":28},"end":{"line":15,"column":42}},{"start":{"line":15,"column":45},"end":{"line":19,"column":5}}],"line":15},"4":{"loc":{"start":{"line":29,"column":2},"end":{"line":31,"column":3}},"type":"if","locations":[{"start":{"line":29,"column":2},"end":{"line":31,"column":3}},{"start":{},"end":{}}],"line":29},"5":{"loc":{"start":{"line":29,"column":6},"end":{"line":29,"column":27}},"type":"binary-expr","locations":[{"start":{"line":29,"column":6},"end":{"line":29,"column":15}},{"start":{"line":29,"column":19},"end":{"line":29,"column":27}}],"line":29},"6":{"loc":{"start":{"line":32,"column":2},"end":{"line":34,"column":3}},"type":"if","locations":[{"start":{"line":32,"column":2},"end":{"line":34,"column":3}},{"start":{},"end":{}}],"line":32},"7":{"loc":{"start":{"line":49,"column":2},"end":{"line":51,"column":3}},"type":"if","locations":[{"start":{"line":49,"column":2},"end":{"line":51,"column":3}},{"start":{},"end":{}}],"line":49}},"s":{"0":1,"1":1,"2":0,"3":0,"4":0,"5":0,"6":0,"7":0,"8":0,"9":0,"10":0,"11":0,"12":0,"13":0,"14":0,"15":0,"16":0,"17":0,"18":1},"f":{"0":0},"b":{"0":[0,0],"1":[0,0],"2":[0,0],"3":[0,0],"4":[0,0],"5":[0,0],"6":[0,0],"7":[0,0]},"_coverageSchema":"1a1c01bbd47fc00a2c39e90264f33305004495a9","hash":"d273c394347fdb190c9fd00d79f554d5fe2186de"}
,"/home/neimhin/dev/scealai/api/models/album.js": {"path":"/home/neimhin/dev/scealai/api/models/album.js","statementMap":{"0":{"start":{"line":1,"column":17},"end":{"line":1,"column":36}},"1":{"start":{"line":2,"column":15},"end":{"line":2,"column":30}},"2":{"start":{"line":4,"column":16},"end":{"line":8,"column":2}},"3":{"start":{"line":10,"column":12},"end":{"line":17,"column":2}},"4":{"start":{"line":19,"column":17},"end":{"line":19,"column":47}},"5":{"start":{"line":20,"column":21},"end":{"line":20,"column":59}},"6":{"start":{"line":22,"column":0},"end":{"line":25,"column":1}}},"fnMap":{},"branchMap":{},"s":{"0":1,"1":1,"2":1,"3":1,"4":1,"5":1,"6":1},"f":{},"b":{},"_coverageSchema":"1a1c01bbd47fc00a2c39e90264f33305004495a9","hash":"a0d7a852435024d6acf38021a81cdfa54b1dec67"}
,"/home/neimhin/dev/scealai/api/models/chatbot.js": {"path":"/home/neimhin/dev/scealai/api/models/chatbot.js","statementMap":{"0":{"start":{"line":2,"column":17},"end":{"line":2,"column":36}},"1":{"start":{"line":3,"column":15},"end":{"line":3,"column":30}},"2":{"start":{"line":6,"column":14},"end":{"line":14,"column":1}},"3":{"start":{"line":16,"column":10},"end":{"line":25,"column":1}},"4":{"start":{"line":27,"column":15},"end":{"line":27,"column":41}},"5":{"start":{"line":29,"column":14},"end":{"line":44,"column":1}},"6":{"start":{"line":46,"column":19},"end":{"line":46,"column":53}},"7":{"start":{"line":49,"column":18},"end":{"line":52,"column":2}},"8":{"start":{"line":54,"column":23},"end":{"line":54,"column":65}},"9":{"start":{"line":58,"column":21},"end":{"line":70,"column":1}},"10":{"start":{"line":72,"column":26},"end":{"line":72,"column":75}},"11":{"start":{"line":74,"column":22},"end":{"line":82,"column":1}},"12":{"start":{"line":84,"column":27},"end":{"line":84,"column":78}},"13":{"start":{"line":86,"column":0},"end":{"line":92,"column":1}}},"fnMap":{},"branchMap":{},"s":{"0":1,"1":1,"2":1,"3":1,"4":1,"5":1,"6":1,"7":1,"8":1,"9":1,"10":1,"11":1,"12":1,"13":1},"f":{},"b":{},"_coverageSchema":"1a1c01bbd47fc00a2c39e90264f33305004495a9","hash":"320eb99eea9dfbb3348d95c473158402622fecd2"}
,"/home/neimhin/dev/scealai/api/models/classroom.js": {"path":"/home/neimhin/dev/scealai/api/models/classroom.js","statementMap":{"0":{"start":{"line":1,"column":17},"end":{"line":1,"column":36}},"1":{"start":{"line":2,"column":15},"end":{"line":2,"column":30}},"2":{"start":{"line":4,"column":16},"end":{"line":13,"column":2}},"3":{"start":{"line":15,"column":0},"end":{"line":15,"column":56}}},"fnMap":{},"branchMap":{},"s":{"0":1,"1":1,"2":1,"3":1},"f":{},"b":{},"_coverageSchema":"1a1c01bbd47fc00a2c39e90264f33305004495a9","hash":"dff2d62b3cad716064e883c0295c5ba127f7f553"}
,"/home/neimhin/dev/scealai/api/models/event.js": {"path":"/home/neimhin/dev/scealai/api/models/event.js","statementMap":{"0":{"start":{"line":1,"column":17},"end":{"line":1,"column":36}},"1":{"start":{"line":3,"column":12},"end":{"line":30,"column":2}},"2":{"start":{"line":32,"column":0},"end":{"line":32,"column":48}}},"fnMap":{},"branchMap":{},"s":{"0":1,"1":1,"2":1},"f":{},"b":{},"_coverageSchema":"1a1c01bbd47fc00a2c39e90264f33305004495a9","hash":"98f10bd16c7f44636116d871fe37d66f92cb6f44"}
,"/home/neimhin/dev/scealai/api/models/gramadoir.js": {"path":"/home/neimhin/dev/scealai/api/models/gramadoir.js","statementMap":{"0":{"start":{"line":1,"column":17},"end":{"line":1,"column":36}},"1":{"start":{"line":2,"column":15},"end":{"line":2,"column":30}},"2":{"start":{"line":4,"column":26},"end":{"line":14,"column":2}},"3":{"start":{"line":16,"column":23},"end":{"line":27,"column":2}},"4":{"start":{"line":29,"column":27},"end":{"line":36,"column":2}},"5":{"start":{"line":39,"column":30},"end":{"line":52,"column":2}},"6":{"start":{"line":54,"column":0},"end":{"line":57,"column":1}}},"fnMap":{},"branchMap":{},"s":{"0":1,"1":1,"2":1,"3":1,"4":1,"5":1,"6":1},"f":{},"b":{},"_coverageSchema":"1a1c01bbd47fc00a2c39e90264f33305004495a9","hash":"25d98612eb0898722fad7a99f2cee4b10df02ef0"}
,"/home/neimhin/dev/scealai/api/models/message.js": {"path":"/home/neimhin/dev/scealai/api/models/message.js","statementMap":{"0":{"start":{"line":1,"column":17},"end":{"line":1,"column":36}},"1":{"start":{"line":2,"column":15},"end":{"line":2,"column":30}},"2":{"start":{"line":4,"column":14},"end":{"line":35,"column":2}},"3":{"start":{"line":37,"column":0},"end":{"line":37,"column":52}}},"fnMap":{},"branchMap":{},"s":{"0":1,"1":1,"2":1,"3":1},"f":{},"b":{},"_coverageSchema":"1a1c01bbd47fc00a2c39e90264f33305004495a9","hash":"353f660444f865ea541167b152651c0a6d84489e"}
,"/home/neimhin/dev/scealai/api/models/profile.js": {"path":"/home/neimhin/dev/scealai/api/models/profile.js","statementMap":{"0":{"start":{"line":1,"column":17},"end":{"line":1,"column":36}},"1":{"start":{"line":2,"column":15},"end":{"line":2,"column":30}},"2":{"start":{"line":4,"column":14},"end":{"line":70,"column":2}},"3":{"start":{"line":72,"column":0},"end":{"line":72,"column":52}}},"fnMap":{},"branchMap":{},"s":{"0":1,"1":1,"2":1,"3":1},"f":{},"b":{},"_coverageSchema":"1a1c01bbd47fc00a2c39e90264f33305004495a9","hash":"4bd95c1d34338ccecb4507609794ca2a867e6b21"}
,"/home/neimhin/dev/scealai/api/models/recording.js": {"path":"/home/neimhin/dev/scealai/api/models/recording.js","statementMap":{"0":{"start":{"line":1,"column":17},"end":{"line":1,"column":36}},"1":{"start":{"line":2,"column":15},"end":{"line":2,"column":30}},"2":{"start":{"line":4,"column":23},"end":{"line":14,"column":2}},"3":{"start":{"line":16,"column":0},"end":{"line":16,"column":66}}},"fnMap":{},"branchMap":{},"s":{"0":1,"1":1,"2":1,"3":1},"f":{},"b":{},"_coverageSchema":"1a1c01bbd47fc00a2c39e90264f33305004495a9","hash":"961c6e3d32a6e79470a20785aa76fb05f2c257e4"}
,"/home/neimhin/dev/scealai/api/models/story.js": {"path":"/home/neimhin/dev/scealai/api/models/story.js","statementMap":{"0":{"start":{"line":1,"column":17},"end":{"line":1,"column":36}},"1":{"start":{"line":2,"column":15},"end":{"line":2,"column":30}},"2":{"start":{"line":4,"column":12},"end":{"line":45,"column":2}},"3":{"start":{"line":47,"column":0},"end":{"line":47,"column":48}}},"fnMap":{},"branchMap":{},"s":{"0":1,"1":1,"2":1,"3":1},"f":{},"b":{},"_coverageSchema":"1a1c01bbd47fc00a2c39e90264f33305004495a9","hash":"527f2a4bf035d2f948448d6eea56292df7443852"}
,"/home/neimhin/dev/scealai/api/models/studentStats.js": {"path":"/home/neimhin/dev/scealai/api/models/studentStats.js","statementMap":{"0":{"start":{"line":1,"column":17},"end":{"line":1,"column":36}},"1":{"start":{"line":2,"column":15},"end":{"line":2,"column":30}},"2":{"start":{"line":4,"column":19},"end":{"line":26,"column":2}},"3":{"start":{"line":28,"column":0},"end":{"line":28,"column":62}}},"fnMap":{},"branchMap":{},"s":{"0":1,"1":1,"2":1,"3":1},"f":{},"b":{},"_coverageSchema":"1a1c01bbd47fc00a2c39e90264f33305004495a9","hash":"63751ca6435c396ec95d3653da33539ed42dae16"}
,"/home/neimhin/dev/scealai/api/models/teacherCode.js": {"path":"/home/neimhin/dev/scealai/api/models/teacherCode.js","statementMap":{"0":{"start":{"line":1,"column":17},"end":{"line":1,"column":36}},"1":{"start":{"line":2,"column":15},"end":{"line":2,"column":30}},"2":{"start":{"line":4,"column":18},"end":{"line":10,"column":2}},"3":{"start":{"line":12,"column":0},"end":{"line":12,"column":60}}},"fnMap":{},"branchMap":{},"s":{"0":1,"1":1,"2":1,"3":1},"f":{},"b":{},"_coverageSchema":"1a1c01bbd47fc00a2c39e90264f33305004495a9","hash":"19fbff14b5e5066600920fca6178bb71de24920c"}
[...]
7,"column":8},"end":{"line":90,"column":9}},"type":"if","locations":[{"start":{"line":87,"column":8},"end":{"line":90,"column":9}},{"start":{},"end":{}}],"line":87},"8":{"loc":{"start":{"line":91,"column":8},"end":{"line":95,"column":9}},"type":"if","locations":[{"start":{"line":91,"column":8},"end":{"line":95,"column":9}},{"start":{"line":93,"column":15},"end":{"line":95,"column":9}}],"line":91},"9":{"loc":{"start":{"line":102,"column":8},"end":{"line":106,"column":51}},"type":"if","locations":[{"start":{"line":102,"column":8},"end":{"line":106,"column":51}},{"start":{"line":106,"column":13},"end":{"line":106,"column":51}}],"line":102},"10":{"loc":{"start":{"line":115,"column":2},"end":{"line":118,"column":3}},"type":"if","locations":[{"start":{"line":115,"column":2},"end":{"line":118,"column":3}},{"start":{},"end":{}}],"line":115},"11":{"loc":{"start":{"line":119,"column":2},"end":{"line":123,"column":3}},"type":"if","locations":[{"start":{"line":119,"column":2},"end":{"line":123,"column":3}},{"start":{},"end":{}}],"line":119},"12":{"loc":{"start":{"line":127,"column":4},"end":{"line":130,"column":5}},"type":"if","locations":[{"start":{"line":127,"column":4},"end":{"line":130,"column":5}},{"start":{},"end":{}}],"line":127},"13":{"loc":{"start":{"line":131,"column":4},"end":{"line":143,"column":5}},"type":"if","locations":[{"start":{"line":131,"column":4},"end":{"line":143,"column":5}},{"start":{"line":139,"column":11},"end":{"line":143,"column":5}}],"line":131},"14":{"loc":{"start":{"line":151,"column":8},"end":{"line":161,"column":9}},"type":"if","locations":[{"start":{"line":151,"column":8},"end":{"line":161,"column":9}},{"start":{"line":159,"column":15},"end":{"line":161,"column":9}}],"line":151},"15":{"loc":{"start":{"line":169,"column":8},"end":{"line":171,"column":9}},"type":"if","locations":[{"start":{"line":169,"column":8},"end":{"line":171,"column":9}},{"start":{},"end":{}}],"line":169},"16":{"loc":{"start":{"line":172,"column":8},"end":{"line":202,"column":9}},"type":"if","locations":[{"start":{"line":172,"column":8},"end":{"line":202,"column":9}},{"start":{"line":200,"column":15},"end":{"line":202,"column":9}}],"line":172}},"s":{"0":1,"1":1,"2":1,"3":1,"4":1,"5":1,"6":0,"7":0,"8":1,"9":1,"10":1,"11":1,"12":1,"13":1,"14":1,"15":1,"16":1,"17":1,"18":1,"19":1,"20":1,"21":1,"22":1,"23":1,"24":1,"25":1,"26":1,"27":1,"28":0,"29":0,"30":0,"31":0,"32":0,"33":0,"34":0,"35":1,"36":0,"37":0,"38":0,"39":0,"40":0,"41":0,"42":0,"43":1,"44":0,"45":0,"46":0,"47":0,"48":0,"49":0,"50":0,"51":1,"52":0,"53":0,"54":0,"55":0,"56":0,"57":1,"58":1,"59":0,"60":0,"61":0,"62":0,"63":0,"64":0,"65":0,"66":0,"67":0,"68":0,"69":0,"70":0,"71":0,"72":0,"73":0,"74":0,"75":1,"76":0,"77":0,"78":0,"79":0,"80":0,"81":0,"82":0,"83":0,"84":1,"85":0,"86":0,"87":0,"88":0,"89":0,"90":0,"91":0,"92":0,"93":0,"94":0,"95":0,"96":0,"97":0,"98":0,"99":0,"100":0,"101":0,"102":1},"f":{"0":1,"1":0,"2":0,"3":0,"4":0,"5":0,"6":0,"7":0,"8":0,"9":0,"10":0,"11":0,"12":0,"13":0,"14":0,"15":0,"16":0,"17":0,"18":0,"19":0,"20":0,"21":0,"22":0},"b":{"0":[0,1],"1":[1,0],"2":[0,0],"3":[0,0],"4":[0,0],"5":[0,0],"6":[0,0],"7":[0,0],"8":[0,0],"9":[0,0],"10":[0,0],"11":[0,0],"12":[0,0],"13":[0,0],"14":[0,0],"15":[0,0],"16":[0,0]},"_coverageSchema":"1a1c01bbd47fc00a2c39e90264f33305004495a9","hash":"225c50fa5d184d74450511dbe54f9bf3bc98f61d"}
,"/home/neimhin/dev/scealai/api/routes/version.route.js": {"path":"/home/neimhin/dev/scealai/api/routes/version.route.js","statementMap":{"0":{"start":{"line":1,"column":22},"end":{"line":1,"column":49}},"1":{"start":{"line":2,"column":13},"end":{"line":2,"column":28}},"2":{"start":{"line":4,"column":0},"end":{"line":6,"column":3}},"3":{"start":{"line":5,"column":2},"end":{"line":5,"column":63}},"4":{"start":{"line":8,"column":0},"end":{"line":8,"column":31}}},"fnMap":{"0":{"name":"(anonymous_0)","decl":{"start":{"line":4,"column":22},"end":{"line":4,"column":23}},"loc":{"start":{"line":4,"column":36},"end":{"line":6,"column":1}},"line":4}},"branchMap":{},"s":{"0":1,"1":1,"2":1,"3":0,"4":1},"f":{"0":0},"b":{},"_coverageSchema":"1a1c01bbd47fc00a2c39e90264f33305004495a9","hash":"565c43d5f3d5d6b260e6dd07f7469adea5ec94cd"}
,"/home/neimhin/dev/scealai/api/utils/APIError.js": {"path":"/home/neimhin/dev/scealai/api/utils/APIError.js","statementMap":{"0":{"start":{"line":3,"column":8},"end":{"line":3,"column":23}},"1":{"start":{"line":4,"column":8},"end":{"line":4,"column":29}},"2":{"start":{"line":10,"column":8},"end":{"line":10,"column":28}},"3":{"start":{"line":16,"column":8},"end":{"line":16,"column":28}},"4":{"start":{"line":22,"column":8},"end":{"line":22,"column":28}},"5":{"start":{"line":26,"column":0},"end":{"line":26,"column":67}}},"fnMap":{"0":{"name":"(anonymous_0)","decl":{"start":{"line":2,"column":4},"end":{"line":2,"column":5}},"loc":{"start":{"line":2,"column":33},"end":{"line":5,"column":5}},"line":2},"1":{"name":"(anonymous_1)","decl":{"start":{"line":9,"column":4},"end":{"line":9,"column":5}},"loc":{"start":{"line":9,"column":25},"end":{"line":11,"column":5}},"line":9},"2":{"name":"(anonymous_2)","decl":{"start":{"line":15,"column":4},"end":{"line":15,"column":5}},"loc":{"start":{"line":15,"column":25},"end":{"line":17,"column":5}},"line":15},"3":{"name":"(anonymous_3)","decl":{"start":{"line":21,"column":4},"end":{"line":21,"column":5}},"loc":{"start":{"line":21,"column":25},"end":{"line":23,"column":5}},"line":21}},"branchMap":{},"s":{"0":0,"1":0,"2":0,"3":0,"4":0,"5":1},"f":{"0":0,"1":0,"2":0,"3":0},"b":{},"_coverageSchema":"1a1c01bbd47fc00a2c39e90264f33305004495a9","hash":"95f3ec29ad06be047262b181cd02ae7d81b66249"}
,"/home/neimhin/dev/scealai/api/utils/dbUrl.js": {"path":"/home/neimhin/dev/scealai/api/utils/dbUrl.js","statementMap":{"0":{"start":{"line":1,"column":0},"end":{"line":11,"column":5}},"1":{"start":{"line":2,"column":17},"end":{"line":2,"column":33}},"2":{"start":{"line":4,"column":2},"end":{"line":4,"column":83}},"3":{"start":{"line":4,"column":38},"end":{"line":4,"column":83}},"4":{"start":{"line":6,"column":2},"end":{"line":10,"column":61}}},"fnMap":{"0":{"name":"(anonymous_0)","decl":{"start":{"line":1,"column":1},"end":{"line":1,"column":2}},"loc":{"start":{"line":1,"column":5},"end":{"line":11,"column":1}},"line":1}},"branchMap":{"0":{"loc":{"start":{"line":4,"column":2},"end":{"line":4,"column":83}},"type":"if","locations":[{"start":{"line":4,"column":2},"end":{"line":4,"column":83}},{"start":{},"end":{}}],"line":4},"1":{"loc":{"start":{"line":7,"column":5},"end":{"line":7,"column":56}},"type":"binary-expr","locations":[{"start":{"line":7,"column":5},"end":{"line":7,"column":30}},{"start":{"line":7,"column":36},"end":{"line":7,"column":56}}],"line":7},"2":{"loc":{"start":{"line":8,"column":5},"end":{"line":8,"column":58}},"type":"binary-expr","locations":[{"start":{"line":8,"column":5},"end":{"line":8,"column":32}},{"start":{"line":8,"column":36},"end":{"line":8,"column":58}}],"line":8},"3":{"loc":{"start":{"line":9,"column":5},"end":{"line":9,"column":54}},"type":"binary-expr","locations":[{"start":{"line":9,"column":5},"end":{"line":9,"column":28}},{"start":{"line":9,"column":36},"end":{"line":9,"column":54}}],"line":9},"4":{"loc":{"start":{"line":10,"column":5},"end":{"line":10,"column":45}},"type":"binary-expr","locations":[{"start":{"line":10,"column":5},"end":{"line":10,"column":19}},{"start":{"line":10,"column":36},"end":{"line":10,"column":45}}],"line":10}},"s":{"0":1,"1":1,"2":1,"3":1,"4":0},"f":{"0":1},"b":{"0":[1,0],"1":[0,0],"2":[0,0],"3":[0,0],"4":[0,0]},"_coverageSchema":"1a1c01bbd47fc00a2c39e90264f33305004495a9","hash":"583ce6d732837422045038850b9ea8fbaa414a2b"}
,"/home/neimhin/dev/scealai/api/utils/errorHandler.js": {"path":"/home/neimhin/dev/scealai/api/utils/errorHandler.js","statementMap":{"0":{"start":{"line":5,"column":17},"end":{"line":5,"column":38}},"1":{"start":{"line":6,"column":15},"end":{"line":6,"column":35}},"2":{"start":{"line":16,"column":2},"end":{"line":17,"column":27}},"3":{"start":{"line":17,"column":4},"end":{"line":17,"column":27}},"4":{"start":{"line":19,"column":2},"end":{"line":19,"column":70}},"5":{"start":{"line":20,"column":2},"end":{"line":20,"column":21}},"6":{"start":{"line":22,"column":2},"end":{"line":23,"column":27}},"7":{"start":{"line":23,"column":6},"end":{"line":23,"column":27}},"8":{"start":{"line":24,"column":2},"end":{"line":25,"column":45}},"9":{"start":{"line":25,"column":4},"end":{"line":25,"column":45}},"10":{"start":{"line":26,"column":2},"end":{"line":27,"column":45}},"11":{"start":{"line":27,"column":4},"end":{"line":27,"column":45}},"12":{"start":{"line":28,"column":2},"end":{"line":28,"column":57}},"13":{"start":{"line":30,"column":2},"end":{"line":30,"column":50}},"14":{"start":{"line":33,"column":0},"end":{"line":33,"column":30}}},"fnMap":{"0":{"name":"errorHandler","decl":{"start":{"line":15,"column":9},"end":{"line":15,"column":21}},"loc":{"start":{"line":15,"column":43},"end":{"line":31,"column":1}},"line":15}},"branchMap":{"0":{"loc":{"start":{"line":16,"column":2},"end":{"line":17,"column":27}},"type":"if","locations":[{"start":{"line":16,"column":2},"end":{"line":17,"column":27}},{"start":{},"end":{}}],"line":16},"1":{"loc":{"start":{"line":19,"column":21},"end":{"line":19,"column":37}},"type":"binary-expr","locations":[{"start":{"line":19,"column":21},"end":{"line":19,"column":30}},{"start":{"line":19,"column":34},"end":{"line":19,"column":37}}],"line":19},"2":{"loc":{"start":{"line":22,"column":2},"end":{"line":23,"column":27}},"type":"if","locations":[{"start":{"line":22,"column":2},"end":{"line":23,"column":27}},{"start":{},"end":{}}],"line":22},"3":{"loc":{"start":{"line":24,"column":2},"end":{"line":25,"column":45}},"type":"if","locations":[{"start":{"line":24,"column":2},"end":{"line":25,"column":45}},{"start":{},"end":{}}],"line":24},"4":{"loc":{"start":{"line":26,"column":2},"end":{"line":27,"column":45}},"type":"if","locations":[{"start":{"line":26,"column":2},"end":{"line":27,"column":45}},{"start":{},"end":{}}],"line":26},"5":{"loc":{"start":{"line":28,"column":2},"end":{"line":28,"column":57}},"type":"if","locations":[{"start":{"line":28,"column":2},"end":{"line":28,"column":57}},{"start":{},"end":{}}],"line":28}},"s":{"0":1,"1":1,"2":0,"3":0,"4":0,"5":0,"6":0,"7":0,"8":0,"9":0,"10":0,"11":0,"12":0,"13":0,"14":1},"f":{"0":0},"b":{"0":[0,0],"1":[0,0],"2":[0,0],"3":[0,0],"4":[0,0],"5":[0,0]},"_coverageSchema":"1a1c01bbd47fc00a2c39e90264f33305004495a9","hash":"9016b6d73fbd9ada52dd1618086a206da55da631"}
,"/home/neimhin/dev/scealai/api/utils/grammar.js": {"path":"/home/neimhin/dev/scealai/api/utils/grammar.js","statementMap":{"0":{"start":{"line":2,"column":16},"end":{"line":2,"column":34}},"1":{"start":{"line":3,"column":21},"end":{"line":3,"column":49}},"2":{"start":{"line":4,"column":15},"end":{"line":4,"column":35}},"3":{"start":{"line":6,"column":20},"end":{"line":6,"column":42}},"4":{"start":{"line":7,"column":50},"end":{"line":7,"column":80}},"5":{"start":{"line":8,"column":14},"end":{"line":8,"column":40}},"6":{"start":{"line":9,"column":13},"end":{"line":9,"column":38}},"7":{"start":{"line":18,"column":2},"end":{"line":18,"column":71}},"8":{"start":{"line":18,"column":32},"end":{"line":18,"column":71}},"9":{"start":{"line":19,"column":2},"end":{"line":28,"column":5}},"10":{"start":{"line":20,"column":4},"end":{"line":27,"column":9}},"11":{"start":{"line":25,"column":8},"end":{"line":25,"column":39}},"12":{"start":{"line":25,"column":19},"end":{"line":25,"column":37}},"13":{"start":{"line":26,"column":8},"end":{"line":26,"column":27}},"14":{"start":{"line":43,"column":16},"end":{"line":43,"column":45}},"15":{"start":{"line":44,"column":15},"end":{"line":44,"column":42}},"16":{"start":{"line":45,"column":15},"end":{"line":45,"column":62}},"17":{"start":{"line":46,"column":2},"end":{"line":46,"column":114}},"18":{"start":{"line":46,"column":21},"end":{"line":46,"column":114}},"19":{"start":{"line":46,"column":49},"end":{"line":46,"column":113}},"20":{"start":{"line":47,"column":2},"end":{"line":47,"column":113}},"21":{"start":{"line":47,"column":21},"end":{"line":47,"column":113}},"22":{"start":{"line":47,"column":49},"end":{"line":47,"column":112}},"23":{"start":{"line":48,"column":2},"end":{"line":48,"column":123}},"24":{"start":{"line":48,"column":21},"end":{"line":48,"column":123}},"25":{"start":{"line":48,"column":49},"end":{"line":48,"column":122}},"26":{"start":{"line":50,"column":2},"end":{"line":67,"column":7}},"27":{"start":{"line":51,"column":4},"end":{"line":66,"column":8}},"28":{"start":{"line":63,"column":10},"end":{"line":63,"column":40}},"29":{"start":{"line":63,"column":20},"end":{"line":63,"column":38}},"30":{"start":{"line":64,"column":10},"end":{"line":64,"column":27}},"31":{"start":{"line":84,"column":2},"end":{"line":110,"column":5}},"32":{"start":{"line":85,"column":17},"end":{"line":88,"column":5}},"33":{"start":{"line":90,"column":21},"end":{"line":90,"column":48}},"34":{"start":{"line":92,"column":4},"end":{"line":92,"column":70}},"35":{"start":{"line":94,"column":4},"end":{"line":109,"column":7}},"36":{"start":{"line":103,"column":6},"end":{"line":108,"column":7}},"37":{"start":{"line":104,"column":8},"end":{"line":104,"column":26}},"38":{"start":{"line":105,"column":8},"end":{"line":105,"column":27}},"39":{"start":{"line":107,"column":8},"end":{"line":107,"column":36}},"40":{"start":{"line":113,"column":0},"end":{"line":113,"column":55}},"41":{"start":{"line":114,"column":0},"end":{"line":114,"column":67}},"42":{"start":{"line":115,"column":0},"end":{"line":115,"column":73}}},"fnMap":{"0":{"name":"upsertGramadoirCacheItem","decl":{"start":{"line":17,"column":15},"end":{"line":17,"column":39}},"loc":{"start":{"line":17,"column":53},"end":{"line":29,"column":1}},"line":17},"1":{"name":"(anonymous_1)","decl":{"start":{"line":19,"column":21},"end":{"line":19,"column":22}},"loc":{"start":{"line":19,"column":41},"end":{"line":28,"column":3}},"line":19},"2":{"name":"(anonymous_2)","decl":{"start":{"line":24,"column":6},"end":{"line":24,"column":7}},"loc":{"start":{"line":24,"column":17},"end":{"line":27,"column":7}},"line":24},"3":{"name":"upsertStoryGramadoirVersion","decl":{"start":{"line":41,"column":15},"end":{"line":41,"column":42}},"loc":{"start":{"line":42,"column":48},"end":{"line":68,"column":1}},"line":42},"4":{"name":"(anonymous_4)","decl":{"start":{"line":46,"column":40},"end":{"line":46,"column":41}},"loc":{"start":{"line":46,"column":49},"end":{"line":46,"column":113}},"line":46},"5":{"name":"(anonymous_5)","decl":{"start":{"line":47,"column":40},"end":{"line":47,"column":41}},"loc":{"start":{"line":47,"column":49},"end":{"line":47,"column":112}},"line":47},"6":{"name":"(anonymous_6)","decl":{"start":{"line":48,"column":40},"end":{"line":48,"column":41}},"loc":{"start":{"line":48,"column":49},"end":{"line":48,"column":122}},"line":48},"7":{"name":"(anonymous_7)","decl":{"start":{"line":50,"column":21},"end":{"line":50,"column":22}},"loc":{"start":{"line":50,"column":41},"end":{"line":67,"column":5}},"line":50},"8":{"name":"(anonymous_8)","decl":{"start":{"line":62,"column":8},"end":{"line":62,"column":9}},"loc":{"start":{"line":62,"column":15},"end":{"line":65,"column":9}},"line":62},"9":{"name":"requestGrammarTags","decl":{"start":{"line":83,"column":9},"end":{"line":83,"column":27}},"loc":{"start":{"line":83,"column":44},"end":{"line":111,"column":1}},"line":83},"10":{"name":"(anonymous_10)","decl":{"start":{"line":84,"column":22},"end":{"line":84,"column":23}},"loc":{"start":{"line":84,"column":43},"end":{"line":110,"column":3}},"line":84},"11":{"name":"(anonymous_11)","decl":{"start":{"line":102,"column":7},"end":{"line":102,"column":8}},"loc":{"start":{"line":102,"column":35},"end":{"line":109,"column":5}},"line":102}},"branchMap":{"0":{"loc":{"start":{"line":18,"column":2},"end":{"line":18,"column":71}},"type":"if","locations":[{"start":{"line":18,"column":2},"end":{"line":18,"column":71}},{"start":{},"end":{}}],"line":18},"1":{"loc":{"start":{"line":25,"column":8},"end":{"line":25,"column":39}},"type":"if","locations":[{"start":{"line":25,"column":8},"end":{"line":25,"column":39}},{"start":{},"end":{}}],"line":25},"2":{"loc":{"start":{"line":46,"column":2},"end":{"line":46,"column":114}},"type":"if","locations":[{"start":{"line":46,"column":2},"end":{"line":46,"column":114}},{"start":{},"end":{}}],"line":46},"3":{"loc":{"start":{"line":47,"column":2},"end":{"line":47,"column":113}},"type":"if","locations":[{"start":{"line":47,"column":2},"end":{"line":47,"column":113}},{"start":{},"end":{}}],"line":47},"4":{"loc":{"start":{"line":48,"column":2},"end":{"line":48,"column":123}},"type":"if","locations":[{"start":{"line":48,"column":2},"end":{"line":48,"column":123}},{"start":{},"end":{}}],"line":48},"5":{"loc":{"start":{"line":57,"column":25},"end":{"line":57,"column":48}},"type":"binary-expr","locations":[{"start":{"line":57,"column":25},"end":{"line":57,"column":34}},{"start":{"line":57,"column":38},"end":{"line":57,"column":48}}],"line":57},"6":{"loc":{"start":{"line":63,"column":10},"end":{"line":63,"column":40}},"type":"if","locations":[{"start":{"line":63,"column":10},"end":{"line":63,"column":40}},{"start":{},"end":{}}],"line":63},"7":{"loc":{"start":{"line":103,"column":6},"end":{"line":108,"column":7}},"type":"if","locations":[{"start":{"line":103,"column":6},"end":{"line":108,"column":7}},{"start":{"line":106,"column":13},"end":{"line":108,"column":7}}],"line":103}},"s":{"0":1,"1":1,"2":1,"3":1,"4":1,"5":1,"6":1,"7":0,"8":0,"9":0,"10":0,"11":0,"12":0,"13":0,"14":0,"15":0,"16":0,"17":0,"18":0,"19":0,"20":0,"21":0,"22":0,"23":0,"24":0,"25":0,"26":0,"27":0,"28":0,"29":0,"30":0,"31":0,"32":0,"33":0,"34":0,"35":0,"36":0,"37":0,"38":0,"39":0,"40":1,"41":1,"42":1},"f":{"0":0,"1":0,"2":0,"3":0,"4":0,"5":0,"6":0,"7":0,"8":0,"9":0,"10":0,"11":0},"b":{"0":[0,0],"1":[0,0],"2":[0,0],"3":[0,0],"4":[0,0],"5":[0,0],"6":[0,0],"7":[0,0]},"_coverageSchema":"1a1c01bbd47fc00a2c39e90264f33305004495a9","hash":"4498f5a240b3241ac0abf5bb6ffbc7367388e53d"}
,"/home/neimhin/dev/scealai/api/utils/jwtAuthMw.js": {"path":"/home/neimhin/dev/scealai/api/utils/jwtAuthMw.js","statementMap":{"0":{"start":{"line":1,"column":12},"end":{"line":1,"column":34}},"1":{"start":{"line":2,"column":0},"end":{"line":5,"column":3}}},"fnMap":{},"branchMap":{},"s":{"0":1,"1":1},"f":{},"b":{},"_coverageSchema":"1a1c01bbd47fc00a2c39e90264f33305004495a9","hash":"3a66541fd9ee281dab767df143559798931cd36e"}
,"/home/neimhin/dev/scealai/api/utils/makeEndpoints.js": {"path":"/home/neimhin/dev/scealai/api/utils/makeEndpoints.js","statementMap":{"0":{"start":{"line":1,"column":16},"end":{"line":1,"column":34}},"1":{"start":{"line":20,"column":17},"end":{"line":20,"column":37}},"2":{"start":{"line":21,"column":2},"end":{"line":21,"column":24}},"3":{"start":{"line":23,"column":2},"end":{"line":34,"column":3}},"4":{"start":{"line":24,"column":4},"end":{"line":33,"column":5}},"5":{"start":{"line":25,"column":6},"end":{"line":32,"column":9}},"6":{"start":{"line":26,"column":8},"end":{"line":31,"column":9}},"7":{"start":{"line":27,"column":10},"end":{"line":27,"column":31}},"8":{"start":{"line":29,"column":10},"end":{"line":29,"column":50}},"9":{"start":{"line":30,"column":10},"end":{"line":30,"column":22}},"10":{"start":{"line":36,"column":2},"end":{"line":36,"column":16}},"11":{"start":{"line":39,"column":0},"end":{"line":39,"column":31}}},"fnMap":{"0":{"name":"makeEndpoints","decl":{"start":{"line":19,"column":9},"end":{"line":19,"column":22}},"loc":{"start":{"line":19,"column":33},"end":{"line":37,"column":1}},"line":19},"1":{"name":"(anonymous_1)","decl":{"start":{"line":25,"column":41},"end":{"line":25,"column":42}},"loc":{"start":{"line":25,"column":67},"end":{"line":32,"column":7}},"line":25}},"branchMap":{},"s":{"0":1,"1":3,"2":3,"3":3,"4":5,"5":7,"6":0,"7":0,"8":0,"9":0,"10":3,"11":1},"f":{"0":3,"1":0},"b":{},"_coverageSchema":"1a1c01bbd47fc00a2c39e90264f33305004495a9","hash":"7e7b84deec9ff9faa0ce0966647f48e0bc7bcc4c"}
}
