TN:
SF:DB.js
FNF:0
FNH:0
DA:1,1
LF:1
LH:1
BRF:0
BRH:0
end_of_record
TN:
SF:abair_base_url.js
FNF:0
FNH:0
DA:1,1
LF:1
LH:1
BRF:0
BRH:0
end_of_record
TN:
SF:logger.js
FN:9,(anonymous_0)
FN:20,(anonymous_1)
FNF:2
FNH:1
FNDA:0,(anonymous_0)
FNDA:1,(anonymous_1)
DA:1,1
DA:2,1
DA:3,1
DA:6,1
DA:9,1
DA:11,0
DA:14,1
DA:16,1
DA:17,1
DA:19,1
DA:22,1
DA:23,1
DA:27,1
DA:81,1
DA:82,1
DA:93,1
DA:94,1
DA:107,1
LF:18
LH:17
BRF:0
BRH:0
end_of_record
TN:
SF:endpoints_functions/story/feedbackAudio.js
FN:13,(anonymous_0)
FN:24,(anonymous_1)
FN:30,(anonymous_2)
FN:56,(anonymous_3)
FN:60,(anonymous_4)
FN:64,(anonymous_5)
FNF:6
FNH:2
FNDA:1,(anonymous_0)
FNDA:1,(anonymous_1)
FNDA:0,(anonymous_2)
FNDA:0,(anonymous_3)
FNDA:0,(anonymous_4)
FNDA:0,(anonymous_5)
DA:1,1
DA:2,1
DA:3,1
DA:4,1
DA:7,1
DA:8,1
DA:11,1
DA:14,1
DA:15,0
DA:18,0
DA:20,1
DA:24,1
DA:25,1
DA:26,1
DA:30,0
DA:31,0
DA:32,0
DA:33,0
DA:34,0
DA:35,0
DA:38,0
DA:39,0
DA:41,0
DA:47,0
DA:48,0
DA:50,0
DA:54,0
DA:56,0
DA:57,0
DA:60,0
DA:61,0
DA:64,0
DA:65,0
DA:70,0
DA:73,0
LF:35
LH:12
BRDA:14,0,0,0
BRDA:14,0,1,1
BRDA:20,1,0,1
BRDA:20,1,1,1
BRDA:25,2,0,1
BRDA:25,2,1,0
BRDA:31,3,0,0
BRDA:31,3,1,0
BRDA:34,4,0,0
BRDA:34,4,1,0
BRDA:35,5,0,0
BRDA:35,5,1,0
BRF:12
BRH:4
end_of_record
TN:
SF:endpoints_functions/story/getStoryById.js
FN:4,getStoryById
FNF:1
FNH:1
FNDA:2,getStoryById
DA:1,1
DA:2,1
DA:5,2
DA:6,2
DA:7,1
DA:9,1
DA:10,1
DA:13,1
LF:8
LH:8
BRDA:6,0,0,1
BRDA:6,0,1,1
BRF:2
BRH:2
end_of_record
TN:
SF:endpoints_functions/story/updateStoryAndCheckGrammar.js
FN:5,(anonymous_0)
FN:33,(anonymous_1)
FN:43,(anonymous_2)
FN:49,(anonymous_3)
FNF:4
FNH:0
FNDA:0,(anonymous_0)
FNDA:0,(anonymous_1)
FNDA:0,(anonymous_2)
FNDA:0,(anonymous_3)
DA:1,1
DA:2,1
DA:3,1
DA:5,1
DA:6,0
DA:8,0
DA:9,0
DA:10,0
DA:16,0
DA:21,0
DA:24,0
DA:27,0
DA:30,0
DA:32,0
DA:34,0
DA:35,0
DA:38,0
DA:39,0
DA:42,0
DA:44,0
DA:45,0
DA:48,0
DA:50,0
DA:51,0
DA:54,0
DA:56,0
DA:57,0
DA:58,0
DA:59,0
DA:60,0
DA:61,0
DA:64,0
DA:65,0
LF:33
LH:4
BRDA:9,0,0,0
BRDA:9,0,1,0
BRDA:33,1,0,0
BRDA:33,1,1,0
BRDA:38,2,0,0
BRDA:38,2,1,0
BRDA:43,3,0,0
BRDA:43,3,1,0
BRDA:49,4,0,0
BRDA:49,4,1,0
BRDA:56,5,0,0
BRDA:56,5,1,0
BRDA:58,6,0,0
BRDA:58,6,1,0
BRDA:60,7,0,0
BRDA:60,7,1,0
BRDA:65,8,0,0
BRDA:65,8,1,0
BRF:18
BRH:0
end_of_record
TN:
SF:endpoints_functions/story/viewFeedback.js
FN:5,(anonymous_0)
FNF:1
FNH:1
FNDA:2,(anonymous_0)
DA:1,1
DA:2,1
DA:3,1
DA:5,1
DA:6,2
DA:7,1
DA:11,1
DA:12,1
DA:13,1
DA:14,1
DA:15,1
DA:20,0
LF:12
LH:11
BRDA:6,0,0,1
BRDA:6,0,1,1
BRDA:12,1,0,1
BRDA:12,1,1,0
BRF:4
BRH:3
end_of_record
TN:
SF:models/gramadoir.js
FNF:0
FNH:0
DA:1,1
DA:2,1
DA:4,1
DA:16,1
DA:29,1
DA:39,1
DA:54,1
LF:7
LH:7
BRF:0
BRH:0
end_of_record
TN:
SF:models/story.js
FNF:0
FNH:0
DA:1,1
DA:2,1
DA:4,1
DA:47,1
LF:4
LH:4
BRF:0
BRH:0
end_of_record
TN:
SF:models/user.js
FN:71,(anonymous_0)
FN:81,(anonymous_1)
FN:91,(anonymous_2)
FN:99,(anonymous_3)
FN:113,(anonymous_4)
FN:122,(anonymous_5)
FN:142,(anonymous_6)
FNF:7
FNH:0
FNDA:0,(anonymous_0)
FNDA:0,(anonymous_1)
FNDA:0,(anonymous_2)
FNDA:0,(anonymous_3)
FNDA:0,(anonymous_4)
FNDA:0,(anonymous_5)
FNDA:0,(anonymous_6)
DA:1,1
DA:2,1
DA:3,1
DA:5,1
DA:7,1
DA:16,1
DA:25,1
DA:71,1
DA:72,0
DA:73,0
DA:81,1
DA:82,0
DA:91,1
DA:92,0
DA:93,0
DA:95,0
DA:96,0
DA:99,1
DA:100,0
DA:101,0
DA:103,0
DA:113,1
DA:114,0
DA:122,1
DA:123,0
DA:124,0
DA:127,0
DA:132,0
DA:134,0
DA:142,1
DA:144,0
DA:145,0
DA:147,0
DA:152,0
DA:154,0
DA:161,1
LF:36
LH:15
BRDA:92,0,0,0
BRDA:92,0,1,0
BRDA:123,1,0,0
BRDA:123,1,1,0
BRDA:144,2,0,0
BRDA:144,2,1,0
BRF:6
BRH:0
end_of_record
TN:
SF:routes/story.route.js
FN:24,(anonymous_0)
FN:38,(anonymous_1)
FN:62,(anonymous_2)
FN:76,(anonymous_3)
FN:77,(anonymous_4)
FN:88,(anonymous_5)
FN:89,(anonymous_6)
FN:100,(anonymous_7)
FN:101,(anonymous_8)
FN:115,(anonymous_9)
FN:116,(anonymous_10)
FN:140,(anonymous_11)
FN:142,(anonymous_12)
FN:151,(anonymous_13)
FN:152,(anonymous_14)
FN:165,(anonymous_15)
FN:166,(anonymous_16)
FN:176,(anonymous_17)
FN:177,(anonymous_18)
FN:186,(anonymous_19)
FN:187,(anonymous_20)
FN:200,(anonymous_21)
FN:201,(anonymous_22)
FN:217,(anonymous_23)
FN:218,(anonymous_24)
FN:226,(anonymous_25)
FN:245,(anonymous_26)
FN:249,(anonymous_27)
FN:259,(anonymous_28)
FN:260,(anonymous_29)
FN:269,(anonymous_30)
FN:271,(anonymous_31)
FN:282,(anonymous_32)
FN:328,(anonymous_33)
FN:338,(anonymous_34)
FN:357,(anonymous_35)
FN:358,(anonymous_36)
FN:360,(anonymous_37)
FN:377,(anonymous_38)
FN:379,(anonymous_39)
FN:391,synthesiseStory
FN:418,(anonymous_41)
FN:430,(anonymous_42)
FN:462,(anonymous_43)
FN:463,(anonymous_44)
FN:486,(anonymous_45)
FNF:46
FNH:3
FNDA:1,(anonymous_0)
FNDA:1,(anonymous_1)
FNDA:1,(anonymous_2)
FNDA:0,(anonymous_3)
FNDA:0,(anonymous_4)
FNDA:0,(anonymous_5)
FNDA:0,(anonymous_6)
FNDA:0,(anonymous_7)
FNDA:0,(anonymous_8)
FNDA:0,(anonymous_9)
FNDA:0,(anonymous_10)
FNDA:0,(anonymous_11)
FNDA:0,(anonymous_12)
FNDA:0,(anonymous_13)
FNDA:0,(anonymous_14)
FNDA:0,(anonymous_15)
FNDA:0,(anonymous_16)
FNDA:0,(anonymous_17)
FNDA:0,(anonymous_18)
FNDA:0,(anonymous_19)
FNDA:0,(anonymous_20)
FNDA:0,(anonymous_21)
FNDA:0,(anonymous_22)
FNDA:0,(anonymous_23)
FNDA:0,(anonymous_24)
FNDA:0,(anonymous_25)
FNDA:0,(anonymous_26)
FNDA:0,(anonymous_27)
FNDA:0,(anonymous_28)
FNDA:0,(anonymous_29)
FNDA:0,(anonymous_30)
FNDA:0,(anonymous_31)
FNDA:0,(anonymous_32)
FNDA:0,(anonymous_33)
FNDA:0,(anonymous_34)
FNDA:0,(anonymous_35)
FNDA:0,(anonymous_36)
FNDA:0,(anonymous_37)
FNDA:0,(anonymous_38)
FNDA:0,(anonymous_39)
FNDA:0,synthesiseStory
FNDA:0,(anonymous_41)
FNDA:0,(anonymous_42)
FNDA:0,(anonymous_43)
FNDA:0,(anonymous_44)
FNDA:0,(anonymous_45)
DA:1,1
DA:2,1
DA:3,1
DA:4,1
DA:5,1
DA:6,1
DA:7,1
DA:8,1
DA:9,1
DA:10,1
DA:11,1
DA:12,1
DA:13,1
DA:14,1
DA:15,1
DA:16,1
DA:18,1
DA:19,1
DA:22,1
DA:25,1
DA:26,0
DA:29,0
DA:31,1
DA:38,1
DA:41,1
DA:43,1
DA:45,1
DA:47,1
DA:49,1
DA:62,1
DA:63,1
DA:64,1
DA:65,1
DA:66,1
DA:67,1
DA:68,0
DA:69,1
DA:76,1
DA:77,0
DA:78,0
DA:79,0
DA:80,0
DA:82,0
DA:88,1
DA:89,0
DA:90,0
DA:91,0
DA:92,0
DA:94,0
DA:100,1
DA:101,0
DA:102,0
DA:103,0
DA:104,0
DA:106,0
DA:113,1
DA:116,0
DA:117,0
DA:118,0
DA:119,0
DA:121,0
DA:122,0
DA:124,0
DA:125,0
DA:127,0
DA:128,0
DA:130,0
DA:131,0
DA:133,0
DA:134,0
DA:136,0
DA:137,0
DA:140,0
DA:141,0
DA:143,0
DA:151,1
DA:152,0
DA:153,0
DA:155,0
DA:156,0
DA:159,0
DA:165,1
DA:166,0
DA:167,0
DA:168,0
DA:169,0
DA:171,0
DA:176,1
DA:177,0
DA:178,0
DA:179,0
DA:180,0
DA:182,0
DA:186,1
DA:187,0
DA:188,0
DA:189,0
DA:190,0
DA:192,0
DA:193,0
DA:195,0
DA:200,1
DA:201,0
DA:202,0
DA:203,0
DA:204,0
DA:206,0
DA:207,0
DA:208,0
DA:209,0
DA:210,0
DA:212,0
DA:217,1
DA:218,0
DA:219,0
DA:220,0
DA:221,0
DA:223,0
DA:224,0
DA:225,0
DA:226,0
DA:227,0
DA:228,0
DA:231,0
DA:232,0
DA:233,0
DA:235,0
DA:239,0
DA:240,0
DA:241,0
DA:243,0
DA:245,0
DA:246,0
DA:249,0
DA:250,0
DA:254,0
DA:259,1
DA:260,0
DA:261,0
DA:262,0
DA:263,0
DA:265,0
DA:266,0
DA:267,0
DA:269,0
DA:270,0
DA:272,0
DA:275,0
DA:280,1
DA:283,0
DA:284,0
DA:290,0
DA:292,0
DA:293,0
DA:299,0
DA:303,0
DA:307,0
DA:309,0
DA:317,0
DA:321,0
DA:322,0
DA:328,0
DA:329,0
DA:330,0
DA:335,0
DA:338,0
DA:339,0
DA:340,0
DA:349,0
DA:350,0
DA:351,0
DA:357,1
DA:358,0
DA:359,0
DA:360,0
DA:361,0
DA:362,0
DA:364,0
DA:368,0
DA:377,1
DA:378,0
DA:379,0
DA:380,0
DA:381,0
DA:383,0
DA:387,0
DA:393,0
DA:394,0
DA:395,0
DA:406,0
DA:415,0
DA:416,0
DA:418,0
DA:420,0
DA:431,0
DA:432,0
DA:434,0
DA:435,0
DA:436,0
DA:438,0
DA:439,0
DA:440,0
DA:443,0
DA:444,0
DA:448,0
DA:449,0
DA:452,0
DA:454,0
DA:456,0
DA:462,1
DA:463,0
DA:464,0
DA:465,0
DA:466,0
DA:467,0
DA:469,0
DA:470,0
DA:475,0
DA:477,0
DA:478,0
DA:487,0
DA:488,0
DA:491,0
DA:492,0
DA:497,0
DA:501,0
DA:507,1
LF:227
LH:50
BRDA:25,0,0,0
BRDA:25,0,1,1
BRDA:31,1,0,1
BRDA:31,1,1,1
BRDA:78,2,0,0
BRDA:78,2,1,0
BRDA:90,3,0,0
BRDA:90,3,1,0
BRDA:102,4,0,0
BRDA:102,4,1,0
BRDA:117,5,0,0
BRDA:117,5,1,0
BRDA:121,6,0,0
BRDA:121,6,1,0
BRDA:124,7,0,0
BRDA:124,7,1,0
BRDA:127,8,0,0
BRDA:127,8,1,0
BRDA:130,9,0,0
BRDA:130,9,1,0
BRDA:133,10,0,0
BRDA:133,10,1,0
BRDA:136,11,0,0
BRDA:136,11,1,0
BRDA:153,12,0,0
BRDA:153,12,1,0
BRDA:155,13,0,0
BRDA:155,13,1,0
BRDA:167,14,0,0
BRDA:167,14,1,0
BRDA:178,15,0,0
BRDA:178,15,1,0
BRDA:188,16,0,0
BRDA:188,16,1,0
BRDA:192,17,0,0
BRDA:192,17,1,0
BRDA:202,18,0,0
BRDA:202,18,1,0
BRDA:206,19,0,0
BRDA:206,19,1,0
BRDA:219,20,0,0
BRDA:219,20,1,0
BRDA:223,21,0,0
BRDA:223,21,1,0
BRDA:227,22,0,0
BRDA:227,22,1,0
BRDA:261,23,0,0
BRDA:261,23,1,0
BRDA:265,24,0,0
BRDA:265,24,1,0
BRDA:266,25,0,0
BRDA:266,25,1,0
BRDA:292,26,0,0
BRDA:292,26,1,0
BRDA:318,27,0,0
BRDA:318,27,1,0
BRDA:321,28,0,0
BRDA:321,28,1,0
BRDA:329,29,0,0
BRDA:329,29,1,0
BRDA:339,30,0,0
BRDA:339,30,1,0
BRDA:359,31,0,0
BRDA:359,31,1,0
BRDA:361,32,0,0
BRDA:361,32,1,0
BRDA:378,33,0,0
BRDA:378,33,1,0
BRDA:380,34,0,0
BRDA:380,34,1,0
BRDA:393,35,0,0
BRDA:393,35,1,0
BRDA:394,36,0,0
BRDA:394,36,1,0
BRDA:395,37,0,0
BRDA:395,37,1,0
BRDA:431,38,0,0
BRDA:431,38,1,0
BRDA:432,39,0,0
BRDA:432,39,1,0
BRDA:443,40,0,0
BRDA:443,40,1,0
BRDA:448,41,0,0
BRDA:448,41,1,0
BRDA:465,42,0,0
BRDA:465,42,1,0
BRDA:469,43,0,0
BRDA:469,43,1,0
BRDA:487,44,0,0
BRDA:487,44,1,0
BRDA:489,45,0,0
BRDA:489,45,1,0
BRDA:491,46,0,0
BRDA:491,46,1,0
BRF:94
BRH:3
end_of_record
TN:
SF:utils/APIError.js
FN:2,(anonymous_0)
FN:9,(anonymous_1)
FN:15,(anonymous_2)
FN:21,(anonymous_3)
FNF:4
FNH:2
FNDA:1,(anonymous_0)
FNDA:0,(anonymous_1)
FNDA:1,(anonymous_2)
FNDA:0,(anonymous_3)
DA:3,1
DA:4,1
DA:10,0
DA:16,1
DA:22,0
DA:26,1
LF:6
LH:4
BRF:0
BRH:0
end_of_record
TN:
SF:utils/dbUrl.js
FNF:0
FNH:0
DA:1,1
DA:3,1
LF:2
LH:2
BRDA:4,0,0,1
BRDA:4,0,1,0
BRDA:5,1,0,0
BRDA:5,1,1,0
BRDA:6,2,0,0
BRDA:6,2,1,0
BRDA:7,3,0,0
BRDA:7,3,1,0
BRDA:8,4,0,0
BRDA:8,4,1,0
BRF:10
BRH:1
end_of_record
TN:
SF:utils/grammar.js
FN:17,upsertGramadoirCacheItem
FN:19,(anonymous_1)
FN:24,(anonymous_2)
FN:41,upsertStoryGramadoirVersion
FN:46,(anonymous_4)
FN:47,(anonymous_5)
FN:48,(anonymous_6)
FN:50,(anonymous_7)
FN:62,(anonymous_8)
FN:83,requestGrammarTags
FN:84,(anonymous_10)
FN:102,(anonymous_11)
FNF:12
FNH:0
FNDA:0,upsertGramadoirCacheItem
FNDA:0,(anonymous_1)
FNDA:0,(anonymous_2)
FNDA:0,upsertStoryGramadoirVersion
FNDA:0,(anonymous_4)
FNDA:0,(anonymous_5)
FNDA:0,(anonymous_6)
FNDA:0,(anonymous_7)
FNDA:0,(anonymous_8)
FNDA:0,requestGrammarTags
FNDA:0,(anonymous_10)
FNDA:0,(anonymous_11)
DA:2,1
DA:3,1
DA:4,1
DA:6,1
DA:7,1
DA:8,1
DA:9,1
DA:18,0
DA:19,0
DA:20,0
DA:25,0
DA:26,0
DA:43,0
DA:44,0
DA:45,0
DA:46,0
DA:47,0
DA:48,0
DA:50,0
DA:51,0
DA:63,0
DA:64,0
DA:84,0
DA:85,0
DA:90,0
DA:92,0
DA:94,0
DA:103,0
DA:104,0
DA:105,0
DA:107,0
DA:113,1
DA:114,1
DA:115,1
LF:34
LH:10
BRDA:18,0,0,0
BRDA:18,0,1,0
BRDA:25,1,0,0
BRDA:25,1,1,0
BRDA:46,2,0,0
BRDA:46,2,1,0
BRDA:47,3,0,0
BRDA:47,3,1,0
BRDA:48,4,0,0
BRDA:48,4,1,0
BRDA:57,5,0,0
BRDA:57,5,1,0
BRDA:63,6,0,0
BRDA:63,6,1,0
BRDA:103,7,0,0
BRDA:103,7,1,0
BRF:16
BRH:0
end_of_record
TN:
SF:utils/makeEndpoints.js
FN:19,makeEndpoints
FN:25,(anonymous_1)
FNF:2
FNH:2
FNDA:1,makeEndpoints
FNDA:5,(anonymous_1)
DA:1,1
DA:20,1
DA:21,1
DA:23,1
DA:24,2
DA:25,4
DA:26,5
DA:27,5
DA:29,1
DA:30,1
DA:36,1
DA:39,1
LF:12
LH:12
BRF:0
BRH:0
end_of_record
