TN:
SF:src/abairconfig.ts
FNF:0
FNH:0
LF:0
LH:0
BRF:0
BRH:0
end_of_record
TN:
SF:src/polyfills.ts
FNF:0
FNH:0
DA:64,1
LF:1
LH:1
BRF:0
BRH:0
end_of_record
TN:
SF:src/app/app.component.ts
FN:46,(anonymous_1)
FN:55,(anonymous_2)
FN:56,(anonymous_3)
FN:61,(anonymous_4)
FN:63,(anonymous_5)
FN:72,(anonymous_6)
FN:75,(anonymous_7)
FN:79,(anonymous_8)
FN:83,(anonymous_9)
FN:96,(anonymous_10)
FN:106,(anonymous_11)
FN:111,(anonymous_12)
FN:116,(anonymous_13)
FN:121,(anonymous_14)
FN:130,(anonymous_15)
FN:135,(anonymous_16)
FN:141,(anonymous_17)
FN:160,(anonymous_18)
FN:166,(anonymous_19)
FNF:19
FNH:1
FNDA:1,(anonymous_1)
FNDA:0,(anonymous_2)
FNDA:0,(anonymous_3)
FNDA:0,(anonymous_4)
FNDA:0,(anonymous_5)
FNDA:0,(anonymous_6)
FNDA:0,(anonymous_7)
FNDA:0,(anonymous_8)
FNDA:0,(anonymous_9)
FNDA:0,(anonymous_10)
FNDA:0,(anonymous_11)
FNDA:0,(anonymous_12)
FNDA:0,(anonymous_13)
FNDA:0,(anonymous_14)
FNDA:0,(anonymous_15)
FNDA:0,(anonymous_16)
FNDA:0,(anonymous_17)
FNDA:0,(anonymous_18)
FNDA:0,(anonymous_19)
DA:33,1
DA:35,1
DA:36,1
DA:37,1
DA:38,1
DA:39,1
DA:40,1
DA:41,1
DA:42,1
DA:43,1
DA:44,1
DA:48,1
DA:49,1
DA:50,1
DA:51,1
DA:52,1
DA:53,1
DA:55,1
DA:56,1
DA:57,0
DA:60,1
DA:61,0
DA:63,1
DA:64,0
DA:73,0
DA:74,0
DA:75,0
DA:76,0
DA:79,0
DA:80,0
DA:83,0
DA:84,0
DA:85,0
DA:86,0
DA:87,0
DA:91,0
DA:97,0
DA:98,0
DA:100,0
DA:101,0
DA:107,0
DA:112,0
DA:113,0
DA:117,0
DA:118,0
DA:122,0
DA:123,0
DA:126,0
DA:131,0
DA:132,0
DA:136,0
DA:137,0
DA:161,0
DA:167,0
DA:168,0
DA:170,0
LF:56
LH:21
BRDA:91,0,0,0
BRDA:97,1,0,0
BRDA:97,1,1,0
BRDA:122,2,0,0
BRDA:122,2,1,0
BRDA:167,3,0,0
BRF:6
BRH:0
end_of_record
TN:
SF:src/app/auth-guard.service.ts
FN:10,(anonymous_1)
FN:12,(anonymous_2)
FNF:2
FNH:1
FNDA:1,(anonymous_1)
FNDA:0,(anonymous_2)
DA:8,1
DA:10,1
DA:13,0
DA:14,0
DA:15,0
DA:17,0
LF:6
LH:2
BRDA:13,0,0,0
BRF:1
BRH:0
end_of_record
TN:
SF:src/app/authentication.service.ts
FN:63,(anonymous_1)
FN:67,(anonymous_2)
FN:72,(anonymous_3)
FN:79,(anonymous_4)
FN:96,(anonymous_5)
FN:106,(anonymous_6)
FN:120,(anonymous_7)
FN:131,(anonymous_8)
FN:135,(anonymous_9)
FN:143,(anonymous_10)
FN:147,(anonymous_11)
FN:152,(anonymous_12)
FN:159,(anonymous_13)
FN:163,(anonymous_14)
FNF:14
FNH:4
FNDA:57,(anonymous_1)
FNDA:0,(anonymous_2)
FNDA:26,(anonymous_3)
FNDA:26,(anonymous_4)
FNDA:12,(anonymous_5)
FNDA:0,(anonymous_6)
FNDA:0,(anonymous_7)
FNDA:0,(anonymous_8)
FNDA:0,(anonymous_9)
FNDA:0,(anonymous_10)
FNDA:0,(anonymous_11)
FNDA:0,(anonymous_12)
FNDA:0,(anonymous_13)
FNDA:0,(anonymous_14)
DA:55,1
DA:57,57
DA:59,57
DA:61,57
DA:64,57
DA:65,57
DA:68,0
DA:69,0
DA:73,26
DA:74,26
DA:76,26
DA:80,26
DA:82,26
DA:84,0
DA:85,0
DA:87,0
DA:89,0
DA:92,26
DA:97,12
DA:99,12
DA:100,0
DA:102,12
DA:113,0
DA:114,0
DA:116,0
DA:119,0
DA:121,0
DA:122,0
DA:124,0
DA:128,0
DA:132,0
DA:136,0
DA:144,0
DA:148,0
DA:153,0
DA:154,0
DA:160,0
DA:164,0
DA:165,0
DA:166,0
LF:40
LH:15
BRDA:73,0,0,26
BRDA:82,1,0,0
BRDA:82,1,1,26
BRDA:99,2,0,0
BRDA:99,2,1,12
BRDA:113,3,0,0
BRDA:113,3,1,0
BRDA:121,4,0,0
BRDA:153,5,0,0
BRF:9
BRH:3
end_of_record
TN:
SF:src/app/can-deactivate.guard.ts
FN:12,(anonymous_1)
FN:27,(anonymous_2)
FNF:2
FNH:0
FNDA:0,(anonymous_1)
FNDA:0,(anonymous_2)
DA:11,1
DA:17,0
DA:18,0
DA:19,0
DA:26,1
DA:30,0
DA:31,0
DA:32,0
LF:8
LH:2
BRDA:17,0,0,0
BRDA:30,1,0,0
BRF:2
BRH:0
end_of_record
TN:
SF:src/app/classroom.service.ts
FN:14,(anonymous_1)
FN:19,(anonymous_2)
FN:23,(anonymous_3)
FN:27,(anonymous_4)
FN:31,(anonymous_5)
FN:35,(anonymous_6)
FN:39,(anonymous_7)
FN:43,(anonymous_8)
FN:47,(anonymous_9)
FN:51,(anonymous_10)
FN:55,(anonymous_11)
FN:59,(anonymous_12)
FN:63,(anonymous_13)
FN:68,(anonymous_14)
FN:78,(anonymous_15)
FN:82,(anonymous_16)
FNF:16
FNH:2
FNDA:15,(anonymous_1)
FNDA:0,(anonymous_2)
FNDA:0,(anonymous_3)
FNDA:0,(anonymous_4)
FNDA:0,(anonymous_5)
FNDA:0,(anonymous_6)
FNDA:0,(anonymous_7)
FNDA:0,(anonymous_8)
FNDA:0,(anonymous_9)
FNDA:0,(anonymous_10)
FNDA:0,(anonymous_11)
FNDA:1,(anonymous_12)
FNDA:0,(anonymous_13)
FNDA:0,(anonymous_14)
FNDA:0,(anonymous_15)
FNDA:0,(anonymous_16)
DA:12,1
DA:14,15
DA:15,15
DA:17,15
DA:20,0
DA:24,0
DA:28,0
DA:32,0
DA:36,0
DA:40,0
DA:44,0
DA:48,0
DA:52,0
DA:56,0
DA:60,1
DA:65,0
DA:69,0
DA:70,0
DA:71,0
DA:72,0
DA:73,0
DA:75,0
DA:79,0
DA:83,0
LF:24
LH:5
BRF:0
BRH:0
end_of_record
TN:
SF:src/app/classroom.ts
FNF:0
FNH:0
LF:0
LH:0
BRF:0
BRH:0
end_of_record
TN:
SF:src/app/engagement.service.ts
FN:15,(anonymous_1)
FN:19,(anonymous_2)
FN:23,(anonymous_3)
FN:39,(anonymous_4)
FN:50,(anonymous_5)
FN:54,(anonymous_6)
FN:58,(anonymous_7)
FN:80,(anonymous_8)
FNF:8
FNH:2
FNDA:35,(anonymous_1)
FNDA:0,(anonymous_2)
FNDA:0,(anonymous_3)
FNDA:0,(anonymous_4)
FNDA:2,(anonymous_5)
FNDA:0,(anonymous_6)
FNDA:0,(anonymous_7)
FNDA:0,(anonymous_8)
DA:13,1
DA:15,35
DA:17,35
DA:20,0
DA:24,0
DA:25,0
DA:28,0
DA:29,0
DA:30,0
DA:31,0
DA:33,0
DA:40,0
DA:41,0
DA:42,0
DA:43,0
DA:44,0
DA:45,0
DA:46,0
DA:51,2
DA:55,0
DA:59,0
DA:60,0
DA:63,0
DA:64,0
DA:65,0
DA:66,0
DA:67,0
DA:68,0
DA:71,0
DA:72,0
DA:81,0
LF:31
LH:4
BRDA:24,0,0,0
BRDA:30,1,0,0
BRDA:40,2,0,0
BRDA:59,3,0,0
BRDA:67,4,0,0
BRF:5
BRH:0
end_of_record
TN:
SF:src/app/event.ts
FN:22,(anonymous_0)
FNF:1
FNH:1
FNDA:1,(anonymous_0)
DA:22,1
DA:23,1
DA:24,1
DA:25,1
DA:26,1
DA:27,1
DA:28,1
DA:29,1
DA:30,1
DA:31,1
DA:32,1
DA:33,1
DA:34,1
DA:35,1
DA:36,1
DA:37,1
LF:16
LH:16
BRDA:22,0,0,1
BRDA:22,0,1,1
BRF:2
BRH:2
end_of_record
TN:
SF:src/app/grammar.service.ts
FN:36,getGramadoirRuleSubCategory
FN:281,(anonymous_2)
FN:303,(anonymous_3)
FN:310,(anonymous_4)
FN:320,(anonymous_5)
FN:324,(anonymous_6)
FN:346,(anonymous_7)
FN:379,(anonymous_8)
FN:399,(anonymous_9)
FN:402,(anonymous_10)
FN:423,(anonymous_11)
FN:424,(anonymous_12)
FN:426,(anonymous_13)
FN:428,(anonymous_14)
FN:447,(anonymous_15)
FN:451,(anonymous_16)
FN:468,(anonymous_17)
FN:479,(anonymous_18)
FN:490,(anonymous_19)
FN:496,(anonymous_20)
FN:506,(anonymous_21)
FN:539,(anonymous_22)
FN:598,(anonymous_23)
FN:610,(anonymous_24)
FN:630,(anonymous_25)
FN:635,(anonymous_26)
FN:640,(anonymous_27)
FN:645,(anonymous_28)
FN:650,(anonymous_29)
FN:655,(anonymous_30)
FN:671,(anonymous_32)
FN:689,(anonymous_33)
FN:699,(anonymous_34)
FNF:33
FNH:2
FNDA:0,getGramadoirRuleSubCategory
FNDA:1,(anonymous_2)
FNDA:4,(anonymous_3)
FNDA:0,(anonymous_4)
FNDA:0,(anonymous_5)
FNDA:0,(anonymous_6)
FNDA:0,(anonymous_7)
FNDA:0,(anonymous_8)
FNDA:0,(anonymous_9)
FNDA:0,(anonymous_10)
FNDA:0,(anonymous_11)
FNDA:0,(anonymous_12)
FNDA:0,(anonymous_13)
FNDA:0,(anonymous_14)
FNDA:0,(anonymous_15)
FNDA:0,(anonymous_16)
FNDA:0,(anonymous_17)
FNDA:0,(anonymous_18)
FNDA:0,(anonymous_19)
FNDA:0,(anonymous_20)
FNDA:0,(anonymous_21)
FNDA:0,(anonymous_22)
FNDA:0,(anonymous_23)
FNDA:0,(anonymous_24)
FNDA:0,(anonymous_25)
FNDA:0,(anonymous_26)
FNDA:0,(anonymous_27)
FNDA:0,(anonymous_28)
FNDA:0,(anonymous_29)
FNDA:0,(anonymous_30)
FNDA:0,(anonymous_32)
FNDA:0,(anonymous_33)
FNDA:0,(anonymous_34)
DA:37,0
DA:38,0
DA:40,0
DA:43,1
DA:44,1
DA:45,1
DA:46,1
DA:47,1
DA:48,1
DA:49,1
DA:83,1
DA:175,1
DA:264,1
DA:281,1
DA:282,1
DA:283,1
DA:289,1
DA:290,4
DA:291,4
DA:293,4
DA:294,4
DA:295,4
DA:296,4
DA:298,4
DA:304,4
DA:305,4
DA:306,4
DA:307,4
DA:310,4
DA:311,0
DA:312,0
DA:313,0
DA:314,0
DA:315,0
DA:316,0
DA:321,0
DA:326,0
DA:327,0
DA:329,0
DA:335,0
DA:340,0
DA:353,0
DA:354,0
DA:355,0
DA:357,0
DA:358,0
DA:360,0
DA:364,0
DA:365,0
DA:367,0
DA:368,0
DA:370,0
DA:374,0
DA:375,0
DA:377,0
DA:379,0
DA:380,0
DA:396,0
DA:400,0
DA:401,0
DA:402,0
DA:403,0
DA:417,0
DA:424,0
DA:425,0
DA:427,0
DA:428,0
DA:429,0
DA:437,0
DA:439,0
DA:442,0
DA:448,0
DA:452,0
DA:461,0
DA:462,0
DA:465,0
DA:469,0
DA:480,0
DA:491,0
DA:492,0
DA:497,0
DA:498,0
DA:508,0
DA:509,0
DA:512,0
DA:513,0
DA:514,0
DA:517,0
DA:518,0
DA:519,0
DA:520,0
DA:523,0
DA:525,0
DA:526,0
DA:527,0
DA:532,0
DA:541,0
DA:542,0
DA:545,0
DA:546,0
DA:547,0
DA:550,0
DA:551,0
DA:552,0
DA:553,0
DA:556,0
DA:558,0
DA:560,0
DA:573,0
DA:585,0
DA:586,0
DA:591,0
DA:599,0
DA:600,0
DA:601,0
DA:602,0
DA:603,0
DA:604,0
DA:607,0
DA:611,0
DA:613,0
DA:614,0
DA:616,0
DA:617,0
DA:618,0
DA:619,0
DA:620,0
DA:621,0
DA:622,0
DA:625,0
DA:631,0
DA:636,0
DA:641,0
DA:646,0
DA:651,0
DA:656,0
DA:676,0
DA:677,0
DA:679,0
DA:681,0
DA:682,0
DA:683,0
DA:690,0
DA:691,0
DA:693,0
DA:701,0
DA:702,0
DA:703,0
DA:704,0
DA:705,0
DA:706,0
DA:707,0
DA:708,0
DA:710,0
DA:712,0
LF:155
LH:26
BRDA:37,0,0,0
BRDA:281,1,0,1
BRDA:281,1,1,1
BRDA:311,2,0,0
BRDA:313,3,0,0
BRDA:315,4,0,0
BRDA:315,5,0,0
BRDA:315,5,1,0
BRDA:357,6,0,0
BRDA:357,6,1,0
BRDA:367,7,0,0
BRDA:367,7,1,0
BRDA:374,8,0,0
BRDA:461,9,0,0
BRDA:497,10,0,0
BRDA:499,11,0,0
BRDA:499,11,1,0
BRDA:513,12,0,0
BRDA:517,13,0,0
BRDA:517,14,0,0
BRDA:517,14,1,0
BRDA:523,15,0,0
BRDA:525,16,0,0
BRDA:546,17,0,0
BRDA:550,18,0,0
BRDA:550,19,0,0
BRDA:550,19,1,0
BRDA:556,20,0,0
BRDA:558,21,0,0
BRDA:566,22,0,0
BRDA:566,22,1,0
BRDA:579,23,0,0
BRDA:579,23,1,0
BRDA:636,24,0,0
BRDA:636,24,1,0
BRDA:656,25,0,0
BRDA:656,25,1,0
BRDA:656,25,2,0
BRDA:656,25,3,0
BRDA:674,26,0,0
BRDA:681,27,0,0
BRDA:690,28,0,0
BRDA:701,29,0,0
BRDA:701,29,1,0
BRDA:703,30,0,0
BRDA:703,30,1,0
BRDA:705,31,0,0
BRDA:705,31,1,0
BRDA:707,32,0,0
BRDA:707,32,1,0
BRF:50
BRH:2
end_of_record
TN:
SF:src/app/message.service.ts
FN:19,(anonymous_1)
FN:28,(anonymous_2)
FN:42,(anonymous_3)
FN:50,(anonymous_4)
FN:58,(anonymous_5)
FN:65,(anonymous_6)
FN:72,(anonymous_7)
FN:79,(anonymous_8)
FN:92,(anonymous_9)
FN:113,(anonymous_10)
FN:120,(anonymous_11)
FN:129,(anonymous_12)
FN:136,(anonymous_13)
FN:143,(anonymous_14)
FNF:14
FNH:1
FNDA:12,(anonymous_1)
FNDA:0,(anonymous_2)
FNDA:0,(anonymous_3)
FNDA:0,(anonymous_4)
FNDA:0,(anonymous_5)
FNDA:0,(anonymous_6)
FNDA:0,(anonymous_7)
FNDA:0,(anonymous_8)
FNDA:0,(anonymous_9)
FNDA:0,(anonymous_10)
FNDA:0,(anonymous_11)
FNDA:0,(anonymous_12)
FNDA:0,(anonymous_13)
FNDA:0,(anonymous_14)
DA:17,1
DA:19,12
DA:20,12
DA:21,12
DA:23,12
DA:30,0
DA:41,0
DA:43,0
DA:51,0
DA:52,0
DA:59,0
DA:66,0
DA:73,0
DA:80,0
DA:81,0
DA:82,0
DA:83,0
DA:86,0
DA:93,0
DA:94,0
DA:95,0
DA:96,0
DA:97,0
DA:98,0
DA:102,0
DA:103,0
DA:104,0
DA:107,0
DA:114,0
DA:121,0
DA:122,0
DA:123,0
DA:130,0
DA:137,0
DA:144,0
LF:35
LH:5
BRDA:82,0,0,0
BRDA:97,1,0,0
BRDA:103,2,0,0
BRF:3
BRH:0
end_of_record
TN:
SF:src/app/notification-service.service.ts
FN:23,(anonymous_1)
FN:32,(anonymous_2)
FN:37,(anonymous_3)
FN:47,(anonymous_4)
FN:61,(anonymous_5)
FN:64,(anonymous_6)
FN:78,(anonymous_7)
FN:91,(anonymous_8)
FN:103,(anonymous_9)
FNF:9
FNH:2
FNDA:9,(anonymous_1)
FNDA:1,(anonymous_2)
FNDA:0,(anonymous_3)
FNDA:0,(anonymous_4)
FNDA:0,(anonymous_5)
FNDA:0,(anonymous_6)
FNDA:0,(anonymous_7)
FNDA:0,(anonymous_8)
FNDA:0,(anonymous_9)
DA:14,1
DA:15,9
DA:16,9
DA:17,9
DA:18,9
DA:19,9
DA:20,9
DA:23,9
DA:24,9
DA:33,1
DA:34,1
DA:36,0
DA:37,0
DA:38,0
DA:39,0
DA:40,0
DA:41,0
DA:42,0
DA:45,0
DA:47,0
DA:48,0
DA:49,0
DA:50,0
DA:51,0
DA:54,0
DA:57,0
DA:60,0
DA:61,0
DA:62,0
DA:63,0
DA:64,0
DA:65,0
DA:66,0
DA:67,0
DA:69,0
DA:79,0
DA:80,0
DA:81,0
DA:82,0
DA:83,0
DA:92,0
DA:93,0
DA:94,0
DA:95,0
DA:104,0
DA:105,0
DA:106,0
DA:107,0
DA:108,0
DA:109,0
LF:50
LH:11
BRDA:34,0,0,1
BRDA:36,1,0,0
BRDA:41,2,0,0
BRDA:51,3,0,0
BRDA:51,4,0,0
BRDA:51,4,1,0
BRDA:51,4,2,0
BRDA:60,5,0,0
BRDA:80,6,0,0
BRDA:105,7,0,0
BRF:10
BRH:1
end_of_record
TN:
SF:src/app/profile.service.ts
FN:14,(anonymous_1)
FN:19,(anonymous_2)
FN:26,(anonymous_3)
FN:33,(anonymous_4)
FNF:4
FNH:2
FNDA:8,(anonymous_1)
FNDA:0,(anonymous_2)
FNDA:1,(anonymous_3)
FNDA:0,(anonymous_4)
DA:9,1
DA:11,8
DA:12,8
DA:14,8
DA:20,0
DA:27,1
DA:34,0
LF:7
LH:5
BRF:0
BRH:0
end_of_record
TN:
SF:src/app/recording.service.ts
FN:17,(anonymous_1)
FN:21,(anonymous_2)
FN:25,(anonymous_3)
FN:29,(anonymous_4)
FN:33,(anonymous_5)
FN:39,(anonymous_6)
FN:43,(anonymous_7)
FN:47,(anonymous_8)
FN:51,(anonymous_9)
FN:55,(anonymous_10)
FNF:10
FNH:3
FNDA:23,(anonymous_1)
FNDA:1,(anonymous_2)
FNDA:0,(anonymous_3)
FNDA:0,(anonymous_4)
FNDA:0,(anonymous_5)
FNDA:0,(anonymous_6)
FNDA:1,(anonymous_7)
FNDA:0,(anonymous_8)
FNDA:0,(anonymous_9)
FNDA:0,(anonymous_10)
DA:15,1
DA:17,23
DA:19,23
DA:22,1
DA:26,0
DA:30,0
DA:34,0
DA:35,0
DA:36,0
DA:40,0
DA:44,1
DA:48,0
DA:52,0
DA:56,0
LF:14
LH:5
BRF:0
BRH:0
end_of_record
TN:
SF:src/app/recording.ts
FN:13,(anonymous_0)
FNF:1
FNH:0
FNDA:0,(anonymous_0)
DA:14,0
DA:15,0
DA:16,0
DA:17,0
DA:18,0
DA:19,0
DA:20,0
LF:7
LH:0
BRDA:13,0,0,0
BRDA:13,1,0,0
BRDA:13,2,0,0
BRDA:13,3,0,0
BRF:4
BRH:0
end_of_record
TN:
SF:src/app/role-guard.service.ts
FN:11,(anonymous_1)
FN:13,(anonymous_2)
FNF:2
FNH:1
FNDA:1,(anonymous_1)
FNDA:0,(anonymous_2)
DA:9,1
DA:11,1
DA:14,0
DA:15,0
DA:16,0
DA:18,0
DA:19,0
DA:20,0
DA:22,0
LF:9
LH:2
BRDA:18,0,0,0
BRDA:18,1,0,0
BRDA:18,1,1,0
BRF:3
BRH:0
end_of_record
TN:
SF:src/app/serializable.ts
FN:2,(anonymous_0)
FNF:1
FNH:0
FNDA:0,(anonymous_0)
DA:3,0
DA:4,0
DA:5,0
LF:3
LH:0
BRF:0
BRH:0
end_of_record
TN:
SF:src/app/stats.service.ts
FN:16,(anonymous_1)
FN:19,(anonymous_2)
FN:23,(anonymous_3)
FN:29,(anonymous_4)
FN:35,(anonymous_5)
FN:46,(anonymous_6)
FN:53,(anonymous_7)
FN:60,(anonymous_8)
FN:67,(anonymous_9)
FN:74,(anonymous_10)
FN:82,(anonymous_11)
FN:86,(anonymous_12)
FN:94,(anonymous_13)
FNF:13
FNH:3
FNDA:10,(anonymous_1)
FNDA:1,(anonymous_2)
FNDA:0,(anonymous_3)
FNDA:0,(anonymous_4)
FNDA:0,(anonymous_5)
FNDA:0,(anonymous_6)
FNDA:0,(anonymous_7)
FNDA:0,(anonymous_8)
FNDA:0,(anonymous_9)
FNDA:0,(anonymous_10)
FNDA:0,(anonymous_11)
FNDA:0,(anonymous_12)
FNDA:1,(anonymous_13)
DA:11,1
DA:13,10
DA:14,10
DA:16,10
DA:20,1
DA:24,0
DA:25,0
DA:26,0
DA:30,0
DA:31,0
DA:32,0
DA:36,0
DA:37,0
DA:47,0
DA:54,0
DA:61,0
DA:68,0
DA:75,0
DA:83,0
DA:87,0
DA:95,1
LF:21
LH:6
BRF:0
BRH:0
end_of_record
TN:
SF:src/app/stop-sound.guard.ts
FN:12,(anonymous_1)
FNF:1
FNH:0
FNDA:0,(anonymous_1)
DA:10,1
DA:17,0
DA:18,0
DA:20,0
LF:4
LH:1
BRF:0
BRH:0
end_of_record
TN:
SF:src/app/story.service.ts
FN:23,(anonymous_1)
FN:34,(anonymous_2)
FN:47,(anonymous_3)
FN:57,(anonymous_4)
FN:61,(anonymous_5)
FN:65,(anonymous_6)
FN:68,(anonymous_7)
FN:77,(anonymous_8)
FN:81,(anonymous_9)
FN:85,(anonymous_10)
FN:91,(anonymous_11)
FN:95,(anonymous_12)
FN:99,(anonymous_13)
FN:103,(anonymous_14)
FN:107,(anonymous_15)
FN:111,(anonymous_16)
FN:115,(anonymous_17)
FN:119,(anonymous_18)
FN:125,(anonymous_19)
FN:129,(anonymous_20)
FN:137,(anonymous_21)
FN:141,(anonymous_22)
FNF:22
FNH:4
FNDA:23,(anonymous_1)
FNDA:0,(anonymous_2)
FNDA:0,(anonymous_3)
FNDA:0,(anonymous_4)
FNDA:3,(anonymous_5)
FNDA:2,(anonymous_6)
FNDA:2,(anonymous_7)
FNDA:0,(anonymous_8)
FNDA:0,(anonymous_9)
FNDA:0,(anonymous_10)
FNDA:0,(anonymous_11)
FNDA:0,(anonymous_12)
FNDA:0,(anonymous_13)
FNDA:0,(anonymous_14)
FNDA:0,(anonymous_15)
FNDA:0,(anonymous_16)
FNDA:0,(anonymous_17)
FNDA:0,(anonymous_18)
FNDA:0,(anonymous_19)
FNDA:0,(anonymous_20)
FNDA:0,(anonymous_21)
FNDA:0,(anonymous_22)
DA:19,1
DA:24,23
DA:25,23
DA:26,23
DA:27,23
DA:28,23
DA:29,23
DA:32,23
DA:35,0
DA:46,0
DA:48,0
DA:53,0
DA:58,0
DA:62,3
DA:66,2
DA:67,2
DA:68,2
DA:69,2
DA:70,2
DA:73,0
DA:74,0
DA:78,0
DA:82,0
DA:86,0
DA:92,0
DA:96,0
DA:100,0
DA:104,0
DA:108,0
DA:112,0
DA:116,0
DA:120,0
DA:121,0
DA:122,0
DA:126,0
DA:130,0
DA:138,0
DA:142,0
LF:38
LH:14
BRDA:67,0,0,2
BRF:1
BRH:1
end_of_record
TN:
SF:src/app/story.ts
FNF:0
FNH:0
LF:0
LH:0
BRF:0
BRH:0
end_of_record
TN:
SF:src/app/studentStats.ts
FN:1,(anonymous_0)
FNF:1
FNH:1
FNDA:1,(anonymous_0)
DA:6,1
DA:7,1
LF:2
LH:2
BRF:0
BRH:0
end_of_record
TN:
SF:src/app/synth-item.ts
FN:11,(anonymous_0)
FN:24,(anonymous_1)
FN:27,(anonymous_2)
FN:32,(anonymous_3)
FNF:4
FNH:2
FNDA:2,(anonymous_0)
FNDA:2,(anonymous_1)
FNDA:0,(anonymous_2)
FNDA:0,(anonymous_3)
DA:7,2
DA:10,2
DA:14,2
DA:16,2
DA:17,2
DA:18,2
DA:19,2
DA:25,2
DA:28,0
DA:33,0
LF:10
LH:8
BRF:0
BRH:0
end_of_record
TN:
SF:src/app/translation.service.ts
FN:10,(anonymous_1)
FN:21,(anonymous_2)
FN:33,(anonymous_3)
FN:38,(anonymous_4)
FN:40,(anonymous_5)
FN:48,(anonymous_6)
FN:58,(anonymous_7)
FN:62,(anonymous_8)
FN:66,(anonymous_9)
FN:70,(anonymous_10)
FN:81,(anonymous_11)
FN:85,(anonymous_12)
FNF:12
FNH:5
FNDA:1,(anonymous_1)
FNDA:1,(anonymous_2)
FNDA:47,(anonymous_3)
FNDA:0,(anonymous_4)
FNDA:0,(anonymous_5)
FNDA:0,(anonymous_6)
FNDA:4,(anonymous_7)
FNDA:4,(anonymous_8)
FNDA:0,(anonymous_9)
FNDA:0,(anonymous_10)
FNDA:0,(anonymous_11)
FNDA:0,(anonymous_12)
DA:10,1
DA:11,1
DA:12,1
DA:13,1
DA:14,587
DA:15,587
DA:17,1
DA:21,1
DA:22,1
DA:23,1
DA:29,1
DA:33,47
DA:35,47
DA:36,47
DA:39,0
DA:40,0
DA:41,0
DA:44,0
DA:49,0
DA:51,0
DA:53,0
DA:54,0
DA:59,4
DA:63,4
DA:67,0
DA:71,0
DA:72,0
DA:75,0
DA:76,0
DA:82,0
DA:86,0
LF:31
LH:16
BRDA:21,0,0,1
BRDA:21,0,1,1
BRDA:39,1,0,0
BRDA:39,1,1,0
BRDA:51,2,0,0
BRDA:51,2,1,0
BRDA:53,3,0,0
BRDA:67,4,0,0
BRDA:67,4,1,0
BRDA:71,5,0,0
BRDA:71,5,1,0
BRF:11
BRH:2
end_of_record
TN:
SF:src/app/translation.ts
FNF:0
FNH:0
LF:0
LH:0
BRF:0
BRH:0
end_of_record
TN:
SF:src/app/user.service.ts
FN:15,(anonymous_1)
FN:17,(anonymous_2)
FN:21,(anonymous_3)
FN:25,(anonymous_4)
FN:37,(anonymous_5)
FN:41,(anonymous_6)
FN:45,(anonymous_7)
FN:49,(anonymous_8)
FN:53,(anonymous_9)
FNF:9
FNH:2
FNDA:18,(anonymous_1)
FNDA:0,(anonymous_2)
FNDA:0,(anonymous_3)
FNDA:0,(anonymous_4)
FNDA:1,(anonymous_5)
FNDA:0,(anonymous_6)
FNDA:0,(anonymous_7)
FNDA:0,(anonymous_8)
FNDA:0,(anonymous_9)
DA:11,1
DA:13,18
DA:15,18
DA:18,0
DA:22,0
DA:26,0
DA:38,1
DA:42,0
DA:46,0
DA:50,0
DA:54,0
LF:11
LH:4
BRF:0
BRH:0
end_of_record
TN:
SF:src/app/user.ts
FNF:0
FNH:0
LF:0
LH:0
BRF:0
BRH:0
end_of_record
TN:
SF:src/app/about/about.component.ts
FN:11,(anonymous_1)
FN:13,(anonymous_2)
FNF:2
FNH:2
FNDA:1,(anonymous_1)
FNDA:1,(anonymous_2)
DA:9,1
DA:11,1
LF:2
LH:2
BRF:0
BRH:0
end_of_record
TN:
SF:src/app/about-lara/about-lara.component.ts
FN:11,(anonymous_1)
FN:13,(anonymous_2)
FNF:2
FNH:2
FNDA:1,(anonymous_1)
FNDA:1,(anonymous_2)
DA:9,1
DA:11,1
LF:2
LH:2
BRF:0
BRH:0
end_of_record
TN:
SF:src/app/about-taidhgin/about-taidhgin.component.ts
FN:11,(anonymous_1)
FN:13,(anonymous_2)
FNF:2
FNH:1
FNDA:1,(anonymous_1)
FNDA:0,(anonymous_2)
DA:9,1
DA:11,1
LF:2
LH:2
BRF:0
BRH:0
end_of_record
TN:
SF:src/app/admin-components/admin-classroom/admin-classroom.component.ts
FN:15,(anonymous_1)
FN:23,(anonymous_2)
FN:27,(anonymous_3)
FN:28,(anonymous_4)
FN:30,(anonymous_5)
FN:36,(anonymous_6)
FN:37,(anonymous_7)
FN:39,(anonymous_8)
FN:46,(anonymous_9)
FN:48,(anonymous_10)
FN:54,(anonymous_11)
FNF:11
FNH:7
FNDA:1,(anonymous_1)
FNDA:1,(anonymous_2)
FNDA:1,(anonymous_3)
FNDA:1,(anonymous_4)
FNDA:1,(anonymous_5)
FNDA:1,(anonymous_6)
FNDA:1,(anonymous_7)
FNDA:0,(anonymous_8)
FNDA:0,(anonymous_9)
FNDA:0,(anonymous_10)
FNDA:0,(anonymous_11)
DA:13,1
DA:15,1
DA:16,1
DA:17,1
DA:18,1
DA:21,1
DA:24,1
DA:28,1
DA:29,1
DA:31,1
DA:37,1
DA:38,1
DA:39,0
DA:40,0
DA:41,0
DA:47,0
DA:48,0
DA:49,0
DA:55,0
LF:19
LH:12
BRF:0
BRH:0
end_of_record
TN:
SF:src/app/admin-components/admin-dashboard/admin-dashboard.component.ts
FN:11,(anonymous_1)
FN:13,(anonymous_2)
FNF:2
FNH:2
FNDA:1,(anonymous_1)
FNDA:1,(anonymous_2)
DA:9,1
DA:11,1
LF:2
LH:2
BRF:0
BRH:0
end_of_record
TN:
SF:src/app/admin-components/admin-panel/admin-panel.component.ts
FN:14,(anonymous_1)
FN:16,(anonymous_2)
FNF:2
FNH:2
FNDA:1,(anonymous_1)
FNDA:1,(anonymous_2)
DA:10,1
DA:14,1
LF:2
LH:2
BRF:0
BRH:0
end_of_record
TN:
SF:src/app/admin-components/feature-stats/feature-stats.component.ts
FN:29,(anonymous_1)
FN:32,(anonymous_2)
FN:33,(anonymous_3)
FN:34,(anonymous_4)
FN:43,(anonymous_5)
FN:48,(anonymous_6)
FN:49,(anonymous_7)
FN:62,(anonymous_8)
FN:64,(anonymous_9)
FN:79,(anonymous_10)
FN:82,(anonymous_11)
FN:92,(anonymous_12)
FN:101,(anonymous_13)
FN:102,(anonymous_14)
FN:106,(anonymous_15)
FN:146,(anonymous_16)
FN:152,(anonymous_17)
FNF:17
FNH:2
FNDA:1,(anonymous_1)
FNDA:1,(anonymous_2)
FNDA:0,(anonymous_3)
FNDA:0,(anonymous_4)
FNDA:0,(anonymous_5)
FNDA:0,(anonymous_6)
FNDA:0,(anonymous_7)
FNDA:0,(anonymous_8)
FNDA:0,(anonymous_9)
FNDA:0,(anonymous_10)
FNDA:0,(anonymous_11)
FNDA:0,(anonymous_12)
FNDA:0,(anonymous_13)
FNDA:0,(anonymous_14)
FNDA:0,(anonymous_15)
FNDA:0,(anonymous_16)
FNDA:0,(anonymous_17)
DA:13,1
DA:15,1
DA:20,1
DA:21,1
DA:22,1
DA:23,1
DA:26,1
DA:27,1
DA:29,1
DA:33,1
DA:34,0
DA:44,0
DA:45,0
DA:46,0
DA:48,0
DA:49,0
DA:50,0
DA:51,0
DA:52,0
DA:53,0
DA:63,0
DA:64,0
DA:65,0
DA:66,0
DA:69,0
DA:70,0
DA:71,0
DA:73,0
DA:80,0
DA:81,0
DA:82,0
DA:83,0
DA:93,0
DA:96,0
DA:97,0
DA:98,0
DA:99,0
DA:101,0
DA:102,0
DA:103,0
DA:104,0
DA:106,0
DA:107,0
DA:108,0
DA:110,0
DA:113,0
DA:114,0
DA:115,0
DA:116,0
DA:122,0
DA:123,0
DA:139,0
DA:140,0
DA:141,0
DA:143,0
DA:147,0
DA:148,0
DA:149,0
DA:152,0
DA:153,0
DA:155,0
LF:61
LH:10
BRDA:45,0,0,0
BRDA:45,0,1,0
BRDA:46,1,0,0
BRDA:46,1,1,0
BRDA:65,2,0,0
BRDA:81,3,0,0
BRDA:82,4,0,0
BRDA:82,4,1,0
BRDA:96,5,0,0
BRDA:96,5,1,0
BRDA:107,6,0,0
BRDA:107,6,1,0
BRF:12
BRH:0
end_of_record
TN:
SF:src/app/admin-components/find-user/find-user.component.ts
FN:15,(anonymous_1)
FN:21,(anonymous_2)
FN:22,(anonymous_3)
FN:28,(anonymous_4)
FN:35,(anonymous_5)
FN:55,(anonymous_6)
FN:67,(anonymous_7)
FN:71,(anonymous_8)
FN:71,(anonymous_9)
FN:72,(anonymous_10)
FN:73,(anonymous_11)
FN:79,(anonymous_12)
FN:84,(anonymous_13)
FN:91,(anonymous_14)
FNF:14
FNH:4
FNDA:1,(anonymous_1)
FNDA:1,(anonymous_2)
FNDA:0,(anonymous_3)
FNDA:0,(anonymous_4)
FNDA:1,(anonymous_5)
FNDA:0,(anonymous_6)
FNDA:0,(anonymous_7)
FNDA:0,(anonymous_8)
FNDA:0,(anonymous_9)
FNDA:0,(anonymous_10)
FNDA:0,(anonymous_11)
FNDA:2,(anonymous_12)
FNDA:0,(anonymous_13)
FNDA:0,(anonymous_14)
DA:13,1
DA:15,1
DA:18,1
DA:22,1
DA:23,1
DA:29,0
DA:30,0
DA:31,0
DA:36,1
DA:39,1
DA:42,1
DA:44,1
DA:45,1
DA:46,1
DA:47,1
DA:48,1
DA:53,1
DA:56,0
DA:57,0
DA:60,0
DA:61,0
DA:62,0
DA:64,0
DA:68,0
DA:69,0
DA:70,0
DA:71,0
DA:72,0
DA:73,0
DA:74,0
DA:75,0
DA:80,2
DA:81,2
DA:85,0
DA:86,0
DA:87,0
DA:92,0
DA:93,0
DA:94,0
LF:39
LH:16
BRDA:68,0,0,0
BRDA:81,1,0,0
BRDA:81,1,1,2
BRDA:85,2,0,0
BRDA:92,3,0,0
BRF:5
BRH:1
end_of_record
TN:
SF:src/app/admin-components/profile-stats/profile-stats.component.ts
FN:27,(anonymous_1)
FN:32,(anonymous_2)
FN:33,(anonymous_3)
FN:34,(anonymous_4)
FN:44,(anonymous_5)
FN:49,(anonymous_6)
FN:50,(anonymous_7)
FN:66,(anonymous_8)
FN:69,(anonymous_9)
FN:178,(anonymous_10)
FN:181,(anonymous_11)
FN:190,(anonymous_12)
FN:198,(anonymous_13)
FN:199,(anonymous_14)
FN:206,(anonymous_15)
FN:216,(anonymous_16)
FN:256,(anonymous_17)
FNF:17
FNH:2
FNDA:1,(anonymous_1)
FNDA:1,(anonymous_2)
FNDA:0,(anonymous_3)
FNDA:0,(anonymous_4)
FNDA:0,(anonymous_5)
FNDA:0,(anonymous_6)
FNDA:0,(anonymous_7)
FNDA:0,(anonymous_8)
FNDA:0,(anonymous_9)
FNDA:0,(anonymous_10)
FNDA:0,(anonymous_11)
FNDA:0,(anonymous_12)
FNDA:0,(anonymous_13)
FNDA:0,(anonymous_14)
FNDA:0,(anonymous_15)
FNDA:0,(anonymous_16)
FNDA:0,(anonymous_17)
DA:14,1
DA:16,1
DA:21,1
DA:22,1
DA:23,1
DA:24,1
DA:25,1
DA:27,1
DA:33,1
DA:34,0
DA:35,0
DA:45,0
DA:46,0
DA:47,0
DA:49,0
DA:50,0
DA:51,0
DA:52,0
DA:53,0
DA:54,0
DA:55,0
DA:67,0
DA:68,0
DA:69,0
DA:70,0
DA:71,0
DA:72,0
DA:73,0
DA:74,0
DA:75,0
DA:76,0
DA:77,0
DA:78,0
DA:79,0
DA:80,0
DA:81,0
DA:84,0
DA:85,0
DA:86,0
DA:87,0
DA:88,0
DA:91,0
DA:92,0
DA:93,0
DA:94,0
DA:95,0
DA:98,0
DA:99,0
DA:100,0
DA:101,0
DA:102,0
DA:103,0
DA:104,0
DA:105,0
DA:106,0
DA:107,0
DA:108,0
DA:109,0
DA:110,0
DA:111,0
DA:112,0
DA:113,0
DA:114,0
DA:115,0
DA:116,0
DA:117,0
DA:118,0
DA:119,0
DA:120,0
DA:121,0
DA:122,0
DA:125,0
DA:126,0
DA:127,0
DA:128,0
DA:131,0
DA:132,0
DA:133,0
DA:134,0
DA:135,0
DA:136,0
DA:137,0
DA:138,0
DA:139,0
DA:140,0
DA:141,0
DA:142,0
DA:143,0
DA:144,0
DA:145,0
DA:146,0
DA:147,0
DA:148,0
DA:149,0
DA:150,0
DA:151,0
DA:152,0
DA:153,0
DA:154,0
DA:155,0
DA:156,0
DA:157,0
DA:158,0
DA:159,0
DA:160,0
DA:161,0
DA:162,0
DA:163,0
DA:164,0
DA:165,0
DA:166,0
DA:167,0
DA:168,0
DA:170,0
DA:171,0
DA:179,0
DA:180,0
DA:181,0
DA:182,0
DA:191,0
DA:193,0
DA:194,0
DA:195,0
DA:196,0
DA:198,0
DA:199,0
DA:200,0
DA:201,0
DA:202,0
DA:203,0
DA:206,0
DA:208,0
DA:209,0
DA:212,0
DA:213,0
DA:216,0
DA:218,0
DA:220,0
DA:222,0
DA:227,0
DA:233,0
DA:236,0
DA:238,0
DA:239,0
DA:240,0
DA:241,0
DA:242,0
DA:249,0
DA:250,0
DA:252,0
DA:257,0
DA:258,0
DA:259,0
DA:260,0
DA:261,0
DA:262,0
DA:263,0
LF:157
LH:9
BRDA:46,0,0,0
BRDA:46,0,1,0
BRDA:47,1,0,0
BRDA:47,1,1,0
BRDA:71,2,0,0
BRDA:72,3,0,0
BRDA:72,4,0,0
BRDA:73,5,0,0
BRDA:73,6,0,0
BRDA:74,7,0,0
BRDA:74,8,0,0
BRDA:75,9,0,0
BRDA:75,10,0,0
BRDA:76,11,0,0
BRDA:76,12,0,0
BRDA:77,13,0,0
BRDA:77,14,0,0
BRDA:78,15,0,0
BRDA:79,16,0,0
BRDA:81,17,0,0
BRDA:84,18,0,0
BRDA:84,19,0,0
BRDA:85,20,0,0
BRDA:86,21,0,0
BRDA:88,22,0,0
BRDA:91,23,0,0
BRDA:91,24,0,0
BRDA:92,25,0,0
BRDA:93,26,0,0
BRDA:95,27,0,0
BRDA:98,28,0,0
BRDA:98,29,0,0
BRDA:99,30,0,0
BRDA:99,31,0,0
BRDA:100,32,0,0
BRDA:100,33,0,0
BRDA:101,34,0,0
BRDA:101,35,0,0
BRDA:102,36,0,0
BRDA:102,37,0,0
BRDA:103,38,0,0
BRDA:103,39,0,0
BRDA:104,40,0,0
BRDA:104,41,0,0
BRDA:105,42,0,0
BRDA:105,43,0,0
BRDA:106,44,0,0
BRDA:106,45,0,0
BRDA:107,46,0,0
BRDA:107,47,0,0
BRDA:108,48,0,0
BRDA:108,49,0,0
BRDA:109,50,0,0
BRDA:109,51,0,0
BRDA:110,52,0,0
BRDA:110,53,0,0
BRDA:111,54,0,0
BRDA:111,55,0,0
BRDA:112,56,0,0
BRDA:112,57,0,0
BRDA:113,58,0,0
BRDA:113,59,0,0
BRDA:114,60,0,0
BRDA:114,61,0,0
BRDA:115,62,0,0
BRDA:115,63,0,0
BRDA:116,64,0,0
BRDA:116,65,0,0
BRDA:117,66,0,0
BRDA:117,67,0,0
BRDA:118,68,0,0
BRDA:118,69,0,0
BRDA:119,70,0,0
BRDA:120,71,0,0
BRDA:122,72,0,0
BRDA:125,73,0,0
BRDA:125,74,0,0
BRDA:126,75,0,0
BRDA:126,76,0,0
BRDA:127,77,0,0
BRDA:127,78,0,0
BRDA:128,79,0,0
BRDA:128,80,0,0
BRDA:180,81,0,0
BRDA:181,82,0,0
BRDA:181,82,1,0
BRDA:193,83,0,0
BRDA:193,83,1,0
BRDA:208,84,0,0
BRDA:208,84,1,0
BRDA:218,85,0,0
BRDA:218,85,1,0
BRDA:220,86,0,0
BRDA:220,86,1,0
BRF:94
BRH:0
end_of_record
TN:
SF:src/app/admin-components/stats/stats.component.ts
FN:13,(anonymous_1)
FN:19,(anonymous_2)
FN:21,(anonymous_3)
FN:40,(anonymous_4)
FNF:4
FNH:2
FNDA:1,(anonymous_1)
FNDA:1,(anonymous_2)
FNDA:0,(anonymous_3)
FNDA:0,(anonymous_4)
DA:11,1
DA:13,1
DA:16,1
DA:17,1
DA:21,1
DA:23,0
DA:24,0
DA:26,0
DA:27,0
DA:28,0
DA:29,0
DA:30,0
DA:34,0
DA:41,0
DA:42,0
LF:15
LH:5
BRDA:28,0,0,0
BRF:1
BRH:0
end_of_record
TN:
SF:src/app/admin-components/story/story.component.ts
FN:17,(anonymous_1)
FN:28,(anonymous_2)
FN:29,(anonymous_3)
FN:30,(anonymous_4)
FN:37,(anonymous_5)
FN:38,(anonymous_6)
FN:40,(anonymous_7)
FN:46,(anonymous_8)
FN:47,(anonymous_9)
FN:52,(anonymous_10)
FNF:10
FNH:6
FNDA:1,(anonymous_1)
FNDA:1,(anonymous_2)
FNDA:1,(anonymous_3)
FNDA:0,(anonymous_4)
FNDA:1,(anonymous_5)
FNDA:1,(anonymous_6)
FNDA:1,(anonymous_7)
FNDA:0,(anonymous_8)
FNDA:0,(anonymous_9)
FNDA:0,(anonymous_10)
DA:15,1
DA:17,1
DA:18,1
DA:19,1
DA:20,1
DA:21,1
DA:22,1
DA:26,1
DA:29,1
DA:30,1
DA:31,0
DA:32,0
DA:38,1
DA:39,1
DA:41,1
DA:47,0
DA:48,0
DA:53,0
LF:18
LH:13
BRF:0
BRH:0
end_of_record
TN:
SF:src/app/admin-components/story-history/story-history.component.ts
FN:19,(anonymous_1)
FN:32,(anonymous_2)
FN:33,(anonymous_3)
FN:35,(anonymous_4)
FN:38,(anonymous_5)
FN:55,(anonymous_6)
FN:63,(anonymous_7)
FN:78,(anonymous_8)
FN:79,(anonymous_9)
FN:89,(anonymous_10)
FN:90,(anonymous_11)
FN:92,(anonymous_12)
FN:98,(anonymous_13)
FN:131,(anonymous_14)
FNF:14
FNH:6
FNDA:1,(anonymous_1)
FNDA:1,(anonymous_2)
FNDA:1,(anonymous_3)
FNDA:0,(anonymous_4)
FNDA:0,(anonymous_5)
FNDA:0,(anonymous_6)
FNDA:0,(anonymous_7)
FNDA:0,(anonymous_8)
FNDA:0,(anonymous_9)
FNDA:1,(anonymous_10)
FNDA:1,(anonymous_11)
FNDA:1,(anonymous_12)
FNDA:0,(anonymous_13)
FNDA:0,(anonymous_14)
DA:17,1
DA:19,1
DA:20,1
DA:21,1
DA:22,1
DA:23,1
DA:24,1
DA:25,1
DA:28,1
DA:29,1
DA:30,1
DA:33,1
DA:34,1
DA:35,0
DA:36,0
DA:38,0
DA:39,0
DA:40,0
DA:41,0
DA:42,0
DA:43,0
DA:44,0
DA:45,0
DA:47,0
DA:48,0
DA:49,0
DA:56,0
DA:57,0
DA:58,0
DA:59,0
DA:61,0
DA:63,0
DA:64,0
DA:66,0
DA:67,0
DA:68,0
DA:70,0
DA:71,0
DA:73,0
DA:75,0
DA:79,0
DA:80,0
DA:82,0
DA:83,0
DA:85,0
DA:90,1
DA:91,1
DA:93,1
DA:99,0
DA:101,0
DA:102,0
DA:104,0
DA:105,0
DA:106,0
DA:107,0
DA:108,0
DA:110,0
DA:111,0
DA:114,0
DA:115,0
DA:116,0
DA:118,0
DA:119,0
DA:121,0
DA:122,0
DA:124,0
DA:125,0
DA:128,0
DA:132,0
LF:69
LH:16
BRDA:44,0,0,0
BRDA:64,1,0,0
BRDA:64,1,1,0
BRDA:64,2,0,0
BRDA:64,2,1,0
BRDA:82,3,0,0
BRDA:82,3,1,0
BRDA:107,4,0,0
BRDA:110,5,0,0
BRDA:118,6,0,0
BRDA:121,7,0,0
BRDA:124,8,0,0
BRDA:132,9,0,0
BRDA:132,9,1,0
BRF:14
BRH:0
end_of_record
TN:
SF:src/app/admin-components/teachers/teachers.component.ts
FN:28,(anonymous_1)
FN:30,(anonymous_2)
FN:35,(anonymous_3)
FN:41,(anonymous_4)
FN:46,(anonymous_5)
FN:47,(anonymous_6)
FN:52,(anonymous_7)
FN:53,(anonymous_8)
FN:58,(anonymous_9)
FN:60,(anonymous_10)
FN:69,(anonymous_11)
FN:70,(anonymous_12)
FN:77,(anonymous_13)
FN:80,(anonymous_14)
FN:85,(anonymous_15)
FN:89,(anonymous_16)
FNF:16
FNH:4
FNDA:1,(anonymous_1)
FNDA:1,(anonymous_2)
FNDA:0,(anonymous_3)
FNDA:0,(anonymous_4)
FNDA:1,(anonymous_5)
FNDA:0,(anonymous_6)
FNDA:1,(anonymous_7)
FNDA:0,(anonymous_8)
FNDA:0,(anonymous_9)
FNDA:0,(anonymous_10)
FNDA:0,(anonymous_11)
FNDA:0,(anonymous_12)
FNDA:0,(anonymous_13)
FNDA:0,(anonymous_14)
FNDA:0,(anonymous_15)
FNDA:0,(anonymous_16)
DA:15,1
DA:23,1
DA:24,1
DA:26,1
DA:28,1
DA:31,1
DA:32,1
DA:36,0
DA:37,0
DA:40,0
DA:42,0
DA:47,1
DA:48,0
DA:53,1
DA:54,0
DA:59,0
DA:60,0
DA:61,0
DA:62,0
DA:70,0
DA:71,0
DA:72,0
DA:73,0
DA:75,0
DA:76,0
DA:77,0
DA:81,0
DA:82,0
DA:86,0
DA:90,0
LF:30
LH:9
BRDA:59,0,0,0
BRDA:59,0,1,0
BRF:2
BRH:0
end_of_record
TN:
SF:src/app/admin-components/user/user.component.ts
FN:26,(anonymous_1)
FN:50,(anonymous_2)
FN:51,(anonymous_3)
FN:52,(anonymous_4)
FN:59,(anonymous_5)
FN:63,(anonymous_6)
FN:84,(anonymous_7)
FN:88,(anonymous_8)
FN:104,(anonymous_9)
FN:124,(anonymous_10)
FN:128,(anonymous_11)
FN:132,(anonymous_12)
FN:133,(anonymous_13)
FN:139,(anonymous_14)
FN:140,(anonymous_15)
FN:146,(anonymous_16)
FN:147,(anonymous_17)
FN:149,(anonymous_18)
FN:155,(anonymous_19)
FN:158,(anonymous_20)
FN:163,(anonymous_21)
FN:164,(anonymous_22)
FN:169,(anonymous_23)
FN:173,(anonymous_24)
FN:177,(anonymous_25)
FN:181,(anonymous_26)
FN:183,(anonymous_27)
FN:188,(anonymous_28)
FN:191,(anonymous_29)
FN:193,(anonymous_30)
FN:195,(anonymous_31)
FN:200,(anonymous_32)
FN:206,(anonymous_33)
FN:211,(anonymous_34)
FN:215,(anonymous_35)
FN:217,(anonymous_36)
FN:219,(anonymous_37)
FN:226,(anonymous_38)
FN:230,(anonymous_39)
FNF:39
FNH:6
FNDA:1,(anonymous_1)
FNDA:1,(anonymous_2)
FNDA:1,(anonymous_3)
FNDA:0,(anonymous_4)
FNDA:0,(anonymous_5)
FNDA:0,(anonymous_6)
FNDA:0,(anonymous_7)
FNDA:0,(anonymous_8)
FNDA:0,(anonymous_9)
FNDA:0,(anonymous_10)
FNDA:0,(anonymous_11)
FNDA:0,(anonymous_12)
FNDA:0,(anonymous_13)
FNDA:0,(anonymous_14)
FNDA:0,(anonymous_15)
FNDA:1,(anonymous_16)
FNDA:1,(anonymous_17)
FNDA:1,(anonymous_18)
FNDA:0,(anonymous_19)
FNDA:0,(anonymous_20)
FNDA:0,(anonymous_21)
FNDA:0,(anonymous_22)
FNDA:0,(anonymous_23)
FNDA:0,(anonymous_24)
FNDA:0,(anonymous_25)
FNDA:0,(anonymous_26)
FNDA:0,(anonymous_27)
FNDA:0,(anonymous_28)
FNDA:0,(anonymous_29)
FNDA:0,(anonymous_30)
FNDA:0,(anonymous_31)
FNDA:0,(anonymous_32)
FNDA:0,(anonymous_33)
FNDA:0,(anonymous_34)
FNDA:0,(anonymous_35)
FNDA:0,(anonymous_36)
FNDA:0,(anonymous_37)
FNDA:0,(anonymous_38)
FNDA:0,(anonymous_39)
DA:24,1
DA:26,1
DA:27,1
DA:28,1
DA:29,1
DA:30,1
DA:31,1
DA:32,1
DA:33,1
DA:34,1
DA:35,1
DA:36,1
DA:37,1
DA:43,1
DA:44,1
DA:45,1
DA:46,1
DA:48,1
DA:51,1
DA:52,1
DA:53,0
DA:54,0
DA:55,0
DA:56,0
DA:57,0
DA:59,0
DA:60,0
DA:61,0
DA:62,0
DA:63,0
DA:64,0
DA:65,0
DA:70,0
DA:71,0
DA:73,0
DA:76,0
DA:77,0
DA:85,0
DA:89,0
DA:90,0
DA:92,0
DA:93,0
DA:94,0
DA:95,0
DA:96,0
DA:98,0
DA:99,0
DA:101,0
DA:105,0
DA:107,0
DA:108,0
DA:109,0
DA:111,0
DA:112,0
DA:114,0
DA:115,0
DA:117,0
DA:118,0
DA:121,0
DA:125,0
DA:129,0
DA:133,0
DA:134,0
DA:136,0
DA:140,0
DA:141,0
DA:143,0
DA:147,1
DA:148,1
DA:150,1
DA:156,0
DA:159,0
DA:164,0
DA:165,0
DA:170,0
DA:174,0
DA:178,0
DA:180,0
DA:181,0
DA:182,0
DA:183,0
DA:188,0
DA:191,0
DA:192,0
DA:193,0
DA:195,0
DA:200,0
DA:203,0
DA:204,0
DA:205,0
DA:206,0
DA:211,0
DA:215,0
DA:217,0
DA:219,0
DA:222,0
DA:227,0
DA:231,0
LF:98
LH:23
BRDA:54,0,0,0
BRDA:54,0,1,0
BRDA:56,1,0,0
BRDA:64,2,0,0
BRDA:70,3,0,0
BRDA:70,3,1,0
BRDA:95,4,0,0
BRDA:98,5,0,0
BRDA:111,6,0,0
BRDA:114,7,0,0
BRDA:117,8,0,0
BRDA:178,9,0,0
BRDA:180,10,0,0
BRDA:182,11,0,0
BRDA:203,12,0,0
BRDA:204,13,0,0
BRF:16
BRH:0
end_of_record
TN:
SF:src/app/create-quiz/create-quiz.component.ts
FN:18,(anonymous_1)
FN:22,(anonymous_2)
FN:33,(anonymous_3)
FN:37,(anonymous_4)
FN:40,(anonymous_5)
FNF:5
FNH:2
FNDA:1,(anonymous_1)
FNDA:1,(anonymous_2)
FNDA:0,(anonymous_3)
FNDA:0,(anonymous_4)
FNDA:0,(anonymous_5)
DA:9,1
DA:16,1
DA:19,1
DA:20,1
DA:23,1
DA:24,1
DA:26,0
DA:27,0
DA:28,0
DA:35,0
DA:38,0
DA:41,0
DA:43,0
LF:13
LH:6
BRDA:24,0,0,0
BRDA:27,1,0,0
BRDA:41,2,0,0
BRF:3
BRH:0
end_of_record
TN:
SF:src/app/landing/landing.component.ts
FN:13,(anonymous_1)
FN:16,(anonymous_2)
FNF:2
FNH:2
FNDA:1,(anonymous_1)
FNDA:1,(anonymous_2)
DA:11,1
DA:13,1
DA:14,1
DA:17,1
DA:18,0
DA:19,0
DA:21,0
DA:22,0
DA:24,0
DA:25,0
LF:10
LH:4
BRDA:17,0,0,0
BRDA:18,1,0,0
BRDA:21,2,0,0
BRDA:24,3,0,0
BRF:4
BRH:0
end_of_record
TN:
SF:src/app/language/language.component.ts
FN:10,(anonymous_1)
FN:12,(anonymous_2)
FNF:2
FNH:2
FNDA:1,(anonymous_1)
FNDA:1,(anonymous_2)
DA:8,1
LF:1
LH:1
BRF:0
BRH:0
end_of_record
TN:
SF:src/app/login/login.component.ts
FN:57,(anonymous_1)
FN:66,(anonymous_2)
FN:70,(anonymous_3)
FN:88,(anonymous_4)
FN:91,(anonymous_5)
FN:95,(anonymous_6)
FN:103,(anonymous_7)
FN:108,(anonymous_8)
FN:111,(anonymous_9)
FN:114,(anonymous_10)
FN:126,(anonymous_11)
FN:130,(anonymous_12)
FN:142,(anonymous_13)
FN:146,(anonymous_14)
FN:150,(anonymous_15)
FN:154,(anonymous_16)
FN:160,(anonymous_17)
FN:164,(anonymous_18)
FN:167,(anonymous_19)
FNF:19
FNH:2
FNDA:1,(anonymous_1)
FNDA:1,(anonymous_2)
FNDA:0,(anonymous_3)
FNDA:0,(anonymous_4)
FNDA:0,(anonymous_5)
FNDA:0,(anonymous_6)
FNDA:0,(anonymous_7)
FNDA:0,(anonymous_8)
FNDA:0,(anonymous_9)
FNDA:0,(anonymous_10)
FNDA:0,(anonymous_11)
FNDA:0,(anonymous_12)
FNDA:0,(anonymous_13)
FNDA:0,(anonymous_14)
FNDA:0,(anonymous_15)
FNDA:0,(anonymous_16)
FNDA:0,(anonymous_17)
FNDA:0,(anonymous_18)
FNDA:0,(anonymous_19)
DA:17,1
DA:19,1
DA:25,1
DA:35,1
DA:37,1
DA:43,1
DA:44,1
DA:46,1
DA:47,1
DA:48,1
DA:49,1
DA:51,1
DA:52,1
DA:54,1
DA:55,1
DA:58,1
DA:59,1
DA:60,1
DA:61,1
DA:64,1
DA:67,1
DA:72,0
DA:73,0
DA:74,0
DA:75,0
DA:76,0
DA:78,0
DA:79,0
DA:80,0
DA:81,0
DA:82,0
DA:85,0
DA:87,0
DA:89,0
DA:92,0
DA:93,0
DA:96,0
DA:98,0
DA:99,0
DA:104,0
DA:105,0
DA:106,0
DA:107,0
DA:109,0
DA:112,0
DA:116,0
DA:119,0
DA:121,0
DA:122,0
DA:123,0
DA:125,0
DA:127,0
DA:128,0
DA:131,0
DA:132,0
DA:133,0
DA:135,0
DA:136,0
DA:137,0
DA:138,0
DA:139,0
DA:147,0
DA:151,0
DA:155,0
DA:156,0
DA:157,0
DA:158,0
DA:159,0
DA:161,0
DA:162,0
DA:165,0
LF:71
LH:21
BRDA:76,0,0,0
BRDA:76,0,1,0
BRDA:78,1,0,0
BRDA:105,2,0,0
BRDA:121,3,0,0
BRDA:133,4,0,0
BRDA:133,4,1,0
BRDA:135,5,0,0
BRDA:135,5,1,0
BRDA:138,6,0,0
BRDA:158,7,0,0
BRF:11
BRH:0
end_of_record
TN:
SF:src/app/messages/messages.component.ts
FN:87,(anonymous_1)
FN:103,(anonymous_2)
FN:121,(anonymous_3)
FN:126,(anonymous_4)
FN:134,(anonymous_5)
FN:151,(anonymous_6)
FN:185,(anonymous_7)
FN:186,(anonymous_8)
FN:188,(anonymous_9)
FN:209,(anonymous_10)
FN:210,(anonymous_11)
FN:225,(anonymous_12)
FN:235,(anonymous_13)
FN:236,(anonymous_14)
FN:238,(anonymous_15)
FN:249,(anonymous_16)
FN:250,(anonymous_17)
FN:252,(anonymous_18)
FN:263,(anonymous_19)
FN:266,(anonymous_20)
FN:268,(anonymous_21)
FN:276,(anonymous_22)
FN:298,(anonymous_23)
FN:320,(anonymous_24)
FN:338,(anonymous_25)
FN:339,(anonymous_26)
FN:349,(anonymous_27)
FN:356,(anonymous_28)
FN:360,(anonymous_29)
FN:373,(anonymous_30)
FN:380,(anonymous_31)
FN:391,(anonymous_32)
FN:396,(anonymous_33)
FN:402,(anonymous_34)
FN:410,(anonymous_35)
FN:416,(anonymous_36)
FN:421,(anonymous_37)
FN:430,(anonymous_38)
FN:434,(anonymous_39)
FN:445,(anonymous_40)
FN:448,(anonymous_41)
FN:454,(anonymous_42)
FN:469,(anonymous_43)
FN:479,(anonymous_44)
FNF:44
FNH:2
FNDA:1,(anonymous_1)
FNDA:1,(anonymous_2)
FNDA:0,(anonymous_3)
FNDA:0,(anonymous_4)
FNDA:0,(anonymous_5)
FNDA:0,(anonymous_6)
FNDA:0,(anonymous_7)
FNDA:0,(anonymous_8)
FNDA:0,(anonymous_9)
FNDA:0,(anonymous_10)
FNDA:0,(anonymous_11)
FNDA:0,(anonymous_12)
FNDA:0,(anonymous_13)
FNDA:0,(anonymous_14)
FNDA:0,(anonymous_15)
FNDA:0,(anonymous_16)
FNDA:0,(anonymous_17)
FNDA:0,(anonymous_18)
FNDA:0,(anonymous_19)
FNDA:0,(anonymous_20)
FNDA:0,(anonymous_21)
FNDA:0,(anonymous_22)
FNDA:0,(anonymous_23)
FNDA:0,(anonymous_24)
FNDA:0,(anonymous_25)
FNDA:0,(anonymous_26)
FNDA:0,(anonymous_27)
FNDA:0,(anonymous_28)
FNDA:0,(anonymous_29)
FNDA:0,(anonymous_30)
FNDA:0,(anonymous_31)
FNDA:0,(anonymous_32)
FNDA:0,(anonymous_33)
FNDA:0,(anonymous_34)
FNDA:0,(anonymous_35)
FNDA:0,(anonymous_36)
FNDA:0,(anonymous_37)
FNDA:0,(anonymous_38)
FNDA:0,(anonymous_39)
FNDA:0,(anonymous_40)
FNDA:0,(anonymous_41)
FNDA:0,(anonymous_42)
FNDA:0,(anonymous_43)
FNDA:0,(anonymous_44)
DA:25,1
DA:28,1
DA:29,1
DA:30,1
DA:31,1
DA:32,1
DA:33,1
DA:34,1
DA:35,1
DA:36,1
DA:37,1
DA:38,1
DA:39,1
DA:40,1
DA:41,1
DA:42,1
DA:43,1
DA:44,1
DA:45,1
DA:46,1
DA:47,1
DA:56,1
DA:70,1
DA:71,1
DA:74,1
DA:75,1
DA:76,1
DA:77,1
DA:78,1
DA:87,1
DA:88,1
DA:89,1
DA:90,1
DA:91,1
DA:92,1
DA:93,1
DA:94,1
DA:95,1
DA:96,1
DA:104,1
DA:105,1
DA:106,1
DA:107,1
DA:109,1
DA:112,1
DA:114,0
DA:115,0
DA:116,0
DA:117,0
DA:119,0
DA:120,0
DA:121,0
DA:122,0
DA:123,0
DA:124,0
DA:126,0
DA:127,0
DA:130,0
DA:134,0
DA:135,0
DA:136,0
DA:137,0
DA:138,0
DA:141,0
DA:153,0
DA:154,0
DA:155,0
DA:156,0
DA:157,0
DA:158,0
DA:160,0
DA:161,0
DA:162,0
DA:163,0
DA:164,0
DA:165,0
DA:166,0
DA:167,0
DA:171,0
DA:172,0
DA:176,0
DA:177,0
DA:178,0
DA:179,0
DA:180,0
DA:183,0
DA:184,0
DA:185,0
DA:186,0
DA:187,0
DA:189,0
DA:190,0
DA:195,0
DA:196,0
DA:197,0
DA:198,0
DA:201,0
DA:210,0
DA:211,0
DA:212,0
DA:213,0
DA:214,0
DA:215,0
DA:216,0
DA:217,0
DA:223,0
DA:225,0
DA:226,0
DA:227,0
DA:236,0
DA:237,0
DA:239,0
DA:250,0
DA:251,0
DA:252,0
DA:253,0
DA:254,0
DA:255,0
DA:264,0
DA:265,0
DA:266,0
DA:267,0
DA:268,0
DA:277,0
DA:278,0
DA:279,0
DA:280,0
DA:281,0
DA:284,0
DA:285,0
DA:288,0
DA:299,0
DA:300,0
DA:301,0
DA:303,0
DA:304,0
DA:305,0
DA:307,0
DA:308,0
DA:310,0
DA:312,0
DA:313,0
DA:314,0
DA:315,0
DA:317,0
DA:318,0
DA:320,0
DA:321,0
DA:325,0
DA:326,0
DA:327,0
DA:330,0
DA:339,0
DA:340,0
DA:341,0
DA:350,0
DA:356,0
DA:357,0
DA:358,0
DA:359,0
DA:360,0
DA:361,0
DA:362,0
DA:374,0
DA:381,0
DA:382,0
DA:383,0
DA:384,0
DA:385,0
DA:392,0
DA:393,0
DA:394,0
DA:395,0
DA:396,0
DA:403,0
DA:404,0
DA:411,0
DA:412,0
DA:417,0
DA:422,0
DA:423,0
DA:424,0
DA:426,0
DA:431,0
DA:432,0
DA:433,0
DA:434,0
DA:436,0
DA:437,0
DA:438,0
DA:446,0
DA:447,0
DA:448,0
DA:449,0
DA:453,0
DA:459,0
DA:460,0
DA:461,0
DA:462,0
DA:464,0
DA:470,0
DA:471,0
DA:472,0
DA:474,0
DA:480,0
LF:205
LH:45
BRDA:112,0,0,1
BRDA:114,1,0,0
BRDA:119,2,0,0
BRDA:137,3,0,0
BRDA:137,3,1,0
BRDA:137,4,0,0
BRDA:137,4,1,0
BRDA:137,4,2,0
BRDA:137,4,3,0
BRDA:153,5,0,0
BRDA:153,5,1,0
BRDA:160,6,0,0
BRDA:162,7,0,0
BRDA:162,7,1,0
BRDA:176,8,0,0
BRDA:183,9,0,0
BRDA:212,10,0,0
BRDA:212,10,1,0
BRDA:216,11,0,0
BRDA:225,12,0,0
BRDA:225,12,1,0
BRDA:277,13,0,0
BRDA:277,13,1,0
BRDA:284,14,0,0
BRDA:284,14,1,0
BRDA:299,15,0,0
BRDA:303,16,0,0
BRDA:312,17,0,0
BRDA:314,18,0,0
BRDA:317,19,0,0
BRDA:325,20,0,0
BRDA:325,20,1,0
BRDA:340,21,0,0
BRDA:362,22,0,0
BRDA:422,23,0,0
BRDA:432,24,0,0
BRDA:446,25,0,0
BRDA:446,25,1,0
BRDA:446,26,0,0
BRDA:446,26,1,0
BRDA:449,27,0,0
BRDA:461,28,0,0
BRDA:461,28,1,0
BRDA:461,29,0,0
BRDA:461,29,1,0
BRDA:470,30,0,0
BRDA:470,30,1,0
BRF:47
BRH:1
end_of_record
TN:
SF:src/app/pipes/filter.pipe.ts
FN:18,(anonymous_1)
FN:29,(anonymous_2)
FNF:2
FNH:1
FNDA:1,(anonymous_1)
FNDA:0,(anonymous_2)
DA:10,1
DA:19,1
DA:20,0
DA:22,1
DA:23,1
DA:25,0
DA:29,0
DA:30,0
DA:31,0
DA:32,0
DA:33,0
LF:11
LH:4
BRDA:19,0,0,0
BRDA:22,1,0,1
BRDA:30,2,0,0
BRDA:32,3,0,0
BRDA:33,4,0,0
BRDA:33,4,1,0
BRF:6
BRH:1
end_of_record
TN:
SF:src/app/pipes/safe-html.pipe.ts
FN:8,(anonymous_1)
FN:10,(anonymous_2)
FNF:2
FNH:0
FNDA:0,(anonymous_1)
FNDA:0,(anonymous_2)
DA:7,1
DA:8,0
DA:11,0
LF:3
LH:1
BRF:0
BRH:0
end_of_record
TN:
SF:src/app/profile/profile.component.ts
FN:42,(anonymous_1)
FN:54,(anonymous_2)
FN:59,(anonymous_3)
FN:62,(anonymous_4)
FN:81,(anonymous_5)
FN:82,(anonymous_6)
FN:94,(anonymous_7)
FN:95,(anonymous_8)
FN:104,(anonymous_9)
FN:105,(anonymous_10)
FN:109,(anonymous_11)
FN:113,(anonymous_12)
FN:121,(anonymous_13)
FN:129,(anonymous_14)
FN:140,(anonymous_15)
FN:142,(anonymous_16)
FN:144,(anonymous_17)
FN:149,(anonymous_18)
FN:152,(anonymous_19)
FN:157,(anonymous_20)
FN:159,(anonymous_21)
FN:164,(anonymous_22)
FN:168,(anonymous_23)
FN:170,(anonymous_24)
FN:172,(anonymous_25)
FN:180,(anonymous_26)
FN:202,(anonymous_27)
FN:217,(anonymous_28)
FN:224,(anonymous_29)
FN:236,(anonymous_30)
FN:240,(anonymous_31)
FNF:31
FNH:3
FNDA:1,(anonymous_1)
FNDA:1,(anonymous_2)
FNDA:0,(anonymous_3)
FNDA:0,(anonymous_4)
FNDA:0,(anonymous_5)
FNDA:0,(anonymous_6)
FNDA:1,(anonymous_7)
FNDA:0,(anonymous_8)
FNDA:0,(anonymous_9)
FNDA:0,(anonymous_10)
FNDA:0,(anonymous_11)
FNDA:0,(anonymous_12)
FNDA:0,(anonymous_13)
FNDA:0,(anonymous_14)
FNDA:0,(anonymous_15)
FNDA:0,(anonymous_16)
FNDA:0,(anonymous_17)
FNDA:0,(anonymous_18)
FNDA:0,(anonymous_19)
FNDA:0,(anonymous_20)
FNDA:0,(anonymous_21)
FNDA:0,(anonymous_22)
FNDA:0,(anonymous_23)
FNDA:0,(anonymous_24)
FNDA:0,(anonymous_25)
FNDA:0,(anonymous_26)
FNDA:0,(anonymous_27)
FNDA:0,(anonymous_28)
FNDA:0,(anonymous_29)
FNDA:0,(anonymous_30)
FNDA:0,(anonymous_31)
DA:24,1
DA:31,1
DA:32,1
DA:33,1
DA:34,1
DA:35,1
DA:36,1
DA:38,1
DA:42,1
DA:43,1
DA:44,1
DA:45,1
DA:46,1
DA:47,1
DA:48,1
DA:49,1
DA:50,1
DA:51,1
DA:52,1
DA:55,1
DA:56,1
DA:57,1
DA:58,1
DA:60,0
DA:61,0
DA:63,0
DA:64,0
DA:65,0
DA:67,0
DA:68,0
DA:72,0
DA:82,0
DA:83,0
DA:84,0
DA:85,0
DA:86,0
DA:87,0
DA:88,0
DA:89,0
DA:95,1
DA:96,0
DA:97,0
DA:98,0
DA:105,0
DA:106,0
DA:108,0
DA:114,0
DA:115,0
DA:117,0
DA:122,0
DA:123,0
DA:130,0
DA:131,0
DA:132,0
DA:135,0
DA:136,0
DA:137,0
DA:140,0
DA:141,0
DA:142,0
DA:144,0
DA:149,0
DA:152,0
DA:156,0
DA:157,0
DA:158,0
DA:159,0
DA:164,0
DA:168,0
DA:170,0
DA:172,0
DA:174,0
DA:181,0
DA:182,0
DA:183,0
DA:186,0
DA:187,0
DA:188,0
DA:191,0
DA:193,0
DA:194,0
DA:195,0
DA:196,0
DA:199,0
DA:200,0
DA:201,0
DA:203,0
DA:207,0
DA:208,0
DA:212,0
DA:213,0
DA:214,0
DA:218,0
DA:219,0
DA:220,0
DA:221,0
DA:223,0
DA:224,0
DA:226,0
DA:229,0
DA:232,0
DA:237,0
DA:241,0
DA:242,0
LF:104
LH:24
BRDA:60,0,0,0
BRDA:60,0,1,0
BRDA:63,1,0,0
BRDA:63,1,1,0
BRDA:83,2,0,0
BRDA:97,3,0,0
BRDA:114,4,0,0
BRDA:114,4,1,0
BRDA:131,5,0,0
BRDA:135,6,0,0
BRDA:136,7,0,0
BRDA:156,8,0,0
BRDA:181,9,0,0
BRDA:186,10,0,0
BRDA:193,11,0,0
BRDA:199,12,0,0
BRDA:207,13,0,0
BRDA:218,14,0,0
BRDA:218,14,1,0
BRDA:218,15,0,0
BRDA:218,15,1,0
BRDA:219,16,0,0
BRDA:219,16,1,0
BRDA:220,17,0,0
BRDA:220,17,1,0
BRF:25
BRH:0
end_of_record
TN:
SF:src/app/register-profile/register-profile.component.ts
FN:14,(anonymous_1)
FN:277,(anonymous_2)
FN:292,(anonymous_3)
FN:309,(anonymous_4)
FN:333,(anonymous_5)
FN:337,(anonymous_6)
FN:382,(anonymous_7)
FN:387,(anonymous_8)
FN:436,(anonymous_9)
FNF:9
FNH:2
FNDA:1,(anonymous_1)
FNDA:0,(anonymous_2)
FNDA:0,(anonymous_3)
FNDA:0,(anonymous_4)
FNDA:1,(anonymous_5)
FNDA:0,(anonymous_6)
FNDA:0,(anonymous_7)
FNDA:0,(anonymous_8)
FNDA:0,(anonymous_9)
DA:12,1
DA:14,1
DA:15,1
DA:16,1
DA:17,1
DA:22,1
DA:30,1
DA:32,1
DA:45,1
DA:47,1
DA:85,1
DA:87,1
DA:91,1
DA:99,1
DA:102,1
DA:114,1
DA:126,1
DA:138,1
DA:149,1
DA:157,1
DA:171,1
DA:184,1
DA:190,1
DA:192,1
DA:202,1
DA:210,1
DA:212,1
DA:220,1
DA:222,1
DA:231,1
DA:243,1
DA:251,1
DA:253,1
DA:260,1
DA:262,1
DA:271,1
DA:273,1
DA:275,1
DA:278,0
DA:286,1
DA:293,0
DA:298,1
DA:310,0
DA:322,1
DA:331,1
DA:334,1
DA:335,1
DA:337,0
DA:338,0
DA:339,0
DA:340,0
DA:341,0
DA:342,0
DA:343,0
DA:344,0
DA:346,0
DA:364,0
DA:365,0
DA:366,0
DA:373,0
DA:374,0
DA:375,0
DA:376,0
DA:377,0
DA:378,0
DA:379,0
DA:380,0
DA:388,0
DA:389,0
DA:391,0
DA:436,0
DA:437,0
DA:438,0
DA:439,0
DA:440,0
LF:75
LH:44
BRDA:278,0,0,0
BRDA:278,0,1,0
BRDA:278,0,2,0
BRDA:278,0,3,0
BRDA:278,0,4,0
BRDA:278,0,5,0
BRDA:293,1,0,0
BRDA:293,1,1,0
BRDA:293,1,2,0
BRDA:311,2,0,0
BRDA:311,2,1,0
BRDA:311,2,2,0
BRDA:311,2,3,0
BRDA:311,2,4,0
BRDA:311,2,5,0
BRDA:311,2,6,0
BRDA:311,2,7,0
BRDA:335,3,0,1
BRDA:338,4,0,0
BRDA:359,5,0,0
BRDA:359,5,1,0
BRDA:360,6,0,0
BRDA:360,6,1,0
BRDA:361,7,0,0
BRDA:361,7,1,0
BRDA:389,8,0,0
BRDA:395,9,0,0
BRDA:395,9,1,0
BRDA:397,10,0,0
BRDA:397,10,1,0
BRDA:401,11,0,0
BRDA:401,11,1,0
BRDA:402,12,0,0
BRDA:402,12,1,0
BRDA:403,13,0,0
BRDA:403,13,1,0
BRDA:404,14,0,0
BRDA:404,14,1,0
BRDA:405,15,0,0
BRDA:405,15,1,0
BRDA:406,16,0,0
BRDA:406,16,1,0
BRDA:407,17,0,0
BRDA:407,17,1,0
BRDA:408,18,0,0
BRDA:408,18,1,0
BRDA:409,19,0,0
BRDA:409,19,1,0
BRDA:412,20,0,0
BRDA:412,20,1,0
BRDA:413,21,0,0
BRDA:413,21,1,0
BRDA:419,22,0,0
BRDA:419,22,1,0
BRDA:420,23,0,0
BRDA:420,23,1,0
BRDA:421,24,0,0
BRDA:421,24,1,0
BRDA:437,25,0,0
BRDA:437,25,1,0
BRDA:439,26,0,0
BRF:61
BRH:1
end_of_record
TN:
SF:src/app/resources/resources.component.ts
FN:12,(anonymous_1)
FN:14,(anonymous_2)
FNF:2
FNH:2
FNDA:1,(anonymous_1)
FNDA:1,(anonymous_2)
DA:10,1
DA:12,1
LF:2
LH:2
BRF:0
BRH:0
end_of_record
TN:
SF:src/app/services/quill-highlight.service.ts
FN:33,(anonymous_1)
FN:84,(anonymous_2)
FN:92,(anonymous_3)
FN:98,(anonymous_4)
FN:121,(anonymous_5)
FN:122,(anonymous_6)
FN:161,(anonymous_7)
FN:162,(anonymous_8)
FN:192,(anonymous_9)
FN:198,(anonymous_10)
FN:211,(anonymous_11)
FN:243,(anonymous_12)
FN:246,(anonymous_13)
FN:254,(anonymous_14)
FN:263,(anonymous_15)
FN:266,(anonymous_16)
FN:282,(anonymous_17)
FN:294,(anonymous_18)
FN:299,(anonymous_19)
FN:305,(anonymous_20)
FN:308,(anonymous_21)
FN:326,(anonymous_22)
FN:339,(anonymous_23)
FN:343,(anonymous_24)
FN:348,(anonymous_25)
FNF:25
FNH:2
FNDA:1,(anonymous_1)
FNDA:3,(anonymous_2)
FNDA:0,(anonymous_3)
FNDA:0,(anonymous_4)
FNDA:0,(anonymous_5)
FNDA:0,(anonymous_6)
FNDA:0,(anonymous_7)
FNDA:0,(anonymous_8)
FNDA:0,(anonymous_9)
FNDA:0,(anonymous_10)
FNDA:0,(anonymous_11)
FNDA:0,(anonymous_12)
FNDA:0,(anonymous_13)
FNDA:0,(anonymous_14)
FNDA:0,(anonymous_15)
FNDA:0,(anonymous_16)
FNDA:0,(anonymous_17)
FNDA:0,(anonymous_18)
FNDA:0,(anonymous_19)
FNDA:0,(anonymous_20)
FNDA:0,(anonymous_21)
FNDA:0,(anonymous_22)
FNDA:0,(anonymous_23)
FNDA:0,(anonymous_24)
FNDA:0,(anonymous_25)
DA:18,1
DA:33,1
DA:34,1
DA:35,1
DA:45,1
DA:48,1
DA:53,1
DA:56,1
DA:61,1
DA:64,1
DA:69,1
DA:74,1
DA:75,3
DA:76,3
DA:77,3
DA:78,3
DA:80,3
DA:81,3
DA:85,3
DA:86,3
DA:87,3
DA:88,3
DA:89,3
DA:93,0
DA:94,0
DA:95,0
DA:101,0
DA:103,0
DA:107,0
DA:110,0
DA:113,0
DA:116,0
DA:122,0
DA:123,0
DA:125,0
DA:126,0
DA:129,0
DA:136,0
DA:146,0
DA:147,0
DA:148,0
DA:150,0
DA:151,0
DA:155,0
DA:162,0
DA:163,0
DA:165,0
DA:166,0
DA:169,0
DA:176,0
DA:181,0
DA:182,0
DA:183,0
DA:185,0
DA:186,0
DA:192,0
DA:193,0
DA:194,0
DA:196,0
DA:198,0
DA:199,0
DA:200,0
DA:205,0
DA:208,0
DA:215,0
DA:218,0
DA:220,0
DA:228,0
DA:231,0
DA:233,0
DA:244,0
DA:245,0
DA:247,0
DA:248,0
DA:257,0
DA:258,0
DA:259,0
DA:264,0
DA:265,0
DA:268,0
DA:279,0
DA:284,0
DA:286,0
DA:287,0
DA:293,0
DA:294,0
DA:295,0
DA:300,0
DA:305,0
DA:309,0
DA:314,0
DA:319,0
DA:330,0
DA:331,0
DA:335,0
DA:336,0
DA:339,0
DA:340,0
DA:343,0
DA:344,0
DA:354,0
DA:357,0
DA:358,0
DA:359,0
DA:362,0
DA:365,0
DA:368,0
DA:372,0
DA:373,0
DA:375,0
DA:378,0
DA:380,0
DA:383,0
DA:384,0
DA:386,0
DA:390,0
DA:391,0
DA:393,0
DA:394,0
DA:395,0
DA:399,0
DA:402,0
DA:408,0
DA:413,0
LF:124
LH:23
BRDA:33,0,0,1
BRDA:33,0,1,1
BRDA:93,1,0,0
BRDA:94,2,0,0
BRDA:101,3,0,0
BRDA:127,4,0,0
BRDA:127,4,1,0
BRDA:167,5,0,0
BRDA:167,5,1,0
BRDA:247,6,0,0
BRDA:257,7,0,0
BRDA:264,8,0,0
BRDA:284,9,0,0
BRDA:293,10,0,0
BRDA:293,10,1,0
BRDA:372,11,0,0
BRDA:372,11,1,0
BRDA:383,12,0,0
BRDA:393,13,0,0
BRDA:393,13,1,0
BRDA:404,14,0,0
BRDA:404,14,1,0
BRDA:410,15,0,0
BRDA:410,15,1,0
BRF:24
BRH:2
end_of_record
TN:
SF:src/app/services/synthesis-bank.service.ts
FN:8,(anonymous_1)
FN:11,(anonymous_2)
FN:15,(anonymous_3)
FN:23,(anonymous_4)
FN:27,(anonymous_5)
FNF:5
FNH:3
FNDA:9,(anonymous_1)
FNDA:0,(anonymous_2)
FNDA:0,(anonymous_3)
FNDA:3,(anonymous_4)
FNDA:3,(anonymous_5)
DA:6,1
DA:12,0
DA:16,0
DA:17,0
DA:18,0
DA:24,3
DA:28,3
DA:29,3
DA:30,3
DA:32,0
LF:10
LH:5
BRDA:17,0,0,0
BRDA:28,1,0,3
BRF:2
BRH:1
end_of_record
TN:
SF:src/app/services/synthesis.service.ts
FN:65,(anonymous_1)
FN:74,(anonymous_2)
FN:85,(anonymous_3)
FN:90,(anonymous_4)
FN:108,(anonymous_5)
FN:119,(anonymous_6)
FN:124,(anonymous_7)
FN:133,(anonymous_8)
FN:160,(anonymous_9)
FN:174,(anonymous_10)
FN:183,(anonymous_11)
FN:195,(anonymous_12)
FN:202,(anonymous_13)
FN:218,(anonymous_14)
FN:243,(anonymous_16)
FN:253,(anonymous_17)
FN:256,(anonymous_18)
FN:264,(anonymous_19)
FN:274,(anonymous_20)
FN:280,(anonymous_21)
FN:286,(anonymous_22)
FN:294,(anonymous_23)
FN:299,(anonymous_24)
FN:304,(anonymous_25)
FNF:24
FNH:7
FNDA:8,(anonymous_1)
FNDA:5,(anonymous_2)
FNDA:0,(anonymous_3)
FNDA:3,(anonymous_4)
FNDA:0,(anonymous_5)
FNDA:3,(anonymous_6)
FNDA:3,(anonymous_7)
FNDA:5,(anonymous_8)
FNDA:3,(anonymous_9)
FNDA:0,(anonymous_10)
FNDA:0,(anonymous_11)
FNDA:0,(anonymous_12)
FNDA:0,(anonymous_13)
FNDA:0,(anonymous_14)
FNDA:0,(anonymous_16)
FNDA:0,(anonymous_17)
FNDA:0,(anonymous_18)
FNDA:0,(anonymous_19)
FNDA:0,(anonymous_20)
FNDA:0,(anonymous_21)
FNDA:0,(anonymous_22)
FNDA:0,(anonymous_23)
FNDA:0,(anonymous_24)
FNDA:0,(anonymous_25)
DA:20,1
DA:63,1
DA:66,8
DA:67,8
DA:68,8
DA:69,8
DA:72,8
DA:75,5
DA:77,5
DA:79,0
DA:81,0
DA:86,0
DA:87,0
DA:97,3
DA:98,3
DA:99,0
DA:102,3
DA:103,3
DA:105,3
DA:106,3
DA:107,0
DA:108,0
DA:109,0
DA:110,0
DA:114,3
DA:116,3
DA:118,3
DA:120,3
DA:121,3
DA:125,3
DA:140,5
DA:142,5
DA:146,5
DA:149,5
DA:157,5
DA:161,3
DA:176,0
DA:181,0
DA:182,0
DA:183,0
DA:184,0
DA:185,0
DA:187,0
DA:188,0
DA:190,0
DA:191,0
DA:192,0
DA:194,0
DA:195,0
DA:197,0
DA:198,0
DA:199,0
DA:201,0
DA:202,0
DA:203,0
DA:204,0
DA:205,0
DA:206,0
DA:208,0
DA:209,0
DA:219,0
DA:220,0
DA:221,0
DA:237,0
DA:244,0
DA:245,0
DA:246,0
DA:247,0
DA:254,0
DA:255,0
DA:256,0
DA:257,0
DA:265,0
DA:266,0
DA:267,0
DA:276,0
DA:280,0
DA:281,0
DA:282,0
DA:283,0
DA:286,0
DA:287,0
DA:295,0
DA:296,0
DA:297,0
DA:299,0
DA:305,0
LF:87
LH:27
BRDA:76,0,0,5
BRDA:76,0,1,0
BRDA:76,0,2,0
BRDA:92,1,0,0
BRDA:93,2,0,2
BRDA:94,3,0,2
BRDA:95,4,0,3
BRDA:98,5,0,0
BRDA:106,6,0,0
BRDA:135,7,0,0
BRDA:136,8,0,2
BRDA:137,9,0,2
BRDA:138,10,0,2
BRDA:142,11,0,0
BRDA:142,11,1,5
BRDA:142,12,0,5
BRDA:142,12,1,0
BRDA:281,13,0,0
BRF:18
BRH:9
end_of_record
TN:
SF:src/app/services/text-processing.service.ts
FN:13,(anonymous_1)
FN:16,(anonymous_2)
FN:20,(anonymous_3)
FN:25,(anonymous_4)
FN:29,(anonymous_5)
FN:33,(anonymous_6)
FN:34,(anonymous_7)
FN:42,(anonymous_8)
FN:46,(anonymous_9)
FN:52,(anonymous_10)
FNF:10
FNH:8
FNDA:10,(anonymous_1)
FNDA:0,(anonymous_2)
FNDA:1,(anonymous_3)
FNDA:7,(anonymous_4)
FNDA:3,(anonymous_5)
FNDA:1,(anonymous_6)
FNDA:3,(anonymous_7)
FNDA:1,(anonymous_8)
FNDA:7,(anonymous_9)
FNDA:0,(anonymous_10)
DA:11,1
DA:17,0
DA:21,1
DA:26,7
DA:27,7
DA:29,3
DA:34,1
DA:35,3
DA:36,0
DA:38,3
DA:43,1
DA:45,1
DA:46,7
DA:48,1
DA:54,0
DA:57,0
DA:60,0
LF:17
LH:12
BRDA:35,0,0,0
BRDA:60,1,0,0
BRDA:60,1,1,0
BRDA:60,1,2,0
BRF:4
BRH:0
end_of_record
TN:
SF:src/app/sponsors/sponsors.component.ts
FN:11,(anonymous_1)
FN:13,(anonymous_2)
FNF:2
FNH:2
FNDA:1,(anonymous_1)
FNDA:1,(anonymous_2)
DA:9,1
DA:11,1
LF:2
LH:2
BRF:0
BRH:0
end_of_record
TN:
SF:src/app/student-components/book-contents/book-contents.component.ts
FN:37,(anonymous_1)
FN:52,(anonymous_2)
FN:62,(anonymous_3)
FN:63,(anonymous_4)
FN:64,(anonymous_5)
FN:74,(anonymous_6)
FN:84,(anonymous_7)
FN:90,(anonymous_8)
FN:105,(anonymous_9)
FN:113,(anonymous_10)
FN:118,(anonymous_11)
FN:120,(anonymous_12)
FN:123,(anonymous_13)
FN:136,(anonymous_14)
FN:141,(anonymous_15)
FN:150,(anonymous_16)
FNF:16
FNH:2
FNDA:1,(anonymous_1)
FNDA:1,(anonymous_2)
FNDA:0,(anonymous_3)
FNDA:0,(anonymous_4)
FNDA:0,(anonymous_5)
FNDA:0,(anonymous_6)
FNDA:0,(anonymous_7)
FNDA:0,(anonymous_8)
FNDA:0,(anonymous_9)
FNDA:0,(anonymous_10)
FNDA:0,(anonymous_11)
FNDA:0,(anonymous_12)
FNDA:0,(anonymous_13)
FNDA:0,(anonymous_14)
FNDA:0,(anonymous_15)
FNDA:0,(anonymous_16)
DA:25,1
DA:26,1
DA:29,1
DA:30,1
DA:31,1
DA:32,1
DA:33,1
DA:34,1
DA:35,1
DA:38,1
DA:39,1
DA:40,1
DA:41,1
DA:42,1
DA:43,1
DA:44,1
DA:45,1
DA:46,1
DA:47,1
DA:53,1
DA:54,1
DA:55,1
DA:56,1
DA:59,0
DA:63,0
DA:64,0
DA:68,0
DA:69,0
DA:70,0
DA:71,0
DA:74,0
DA:75,0
DA:76,0
DA:79,0
DA:84,0
DA:85,0
DA:86,0
DA:90,0
DA:91,0
DA:92,0
DA:93,0
DA:94,0
DA:97,0
DA:106,0
DA:114,0
DA:115,0
DA:116,0
DA:118,0
DA:120,0
DA:122,0
DA:124,0
DA:128,0
DA:129,0
DA:131,0
DA:137,0
DA:142,0
DA:143,0
DA:144,0
DA:146,0
DA:151,0
LF:60
LH:23
BRDA:54,0,0,1
BRDA:64,1,0,0
BRDA:64,1,1,0
BRDA:75,2,0,0
BRDA:75,2,1,0
BRDA:93,3,0,0
BRDA:93,3,1,0
BRDA:93,4,0,0
BRDA:93,4,1,0
BRDA:93,4,2,0
BRDA:93,4,3,0
BRDA:114,5,0,0
BRDA:114,5,1,0
BRDA:114,6,0,0
BRDA:114,6,1,0
BRDA:128,7,0,0
BRDA:128,7,1,0
BRDA:128,8,0,0
BRDA:128,8,1,0
BRDA:142,9,0,0
BRDA:142,9,1,0
BRF:21
BRH:1
end_of_record
TN:
SF:src/app/student-components/dashboard/dashboard.component.ts
FN:71,(anonymous_1)
FN:87,(anonymous_2)
FN:97,(anonymous_3)
FN:100,(anonymous_4)
FN:134,(anonymous_5)
FN:221,(anonymous_6)
FN:228,(anonymous_7)
FN:232,(anonymous_8)
FN:236,(anonymous_9)
FN:248,(anonymous_10)
FN:259,(anonymous_11)
FN:263,(anonymous_12)
FN:279,(anonymous_13)
FN:283,(anonymous_14)
FN:286,(anonymous_15)
FN:304,(anonymous_16)
FN:307,(anonymous_17)
FN:322,(anonymous_18)
FN:331,(anonymous_19)
FN:332,(anonymous_20)
FN:336,(anonymous_21)
FN:339,(anonymous_22)
FN:350,(anonymous_23)
FN:351,(anonymous_24)
FN:353,(anonymous_25)
FN:354,(anonymous_26)
FN:359,(anonymous_27)
FN:365,(anonymous_28)
FN:373,(anonymous_29)
FN:429,(anonymous_30)
FN:439,(anonymous_31)
FN:443,(anonymous_32)
FN:448,(anonymous_33)
FN:454,(anonymous_34)
FN:465,(anonymous_35)
FN:473,(anonymous_36)
FN:481,(anonymous_37)
FN:482,(anonymous_38)
FN:489,(anonymous_39)
FN:509,(anonymous_40)
FN:517,(anonymous_41)
FN:521,(anonymous_42)
FN:531,(anonymous_43)
FN:539,(anonymous_44)
FN:545,(anonymous_45)
FN:556,(anonymous_46)
FN:562,(anonymous_47)
FN:567,(anonymous_48)
FN:572,(anonymous_49)
FN:578,(anonymous_50)
FN:583,(anonymous_51)
FN:593,(anonymous_52)
FN:607,(anonymous_53)
FNF:53
FNH:13
FNDA:2,(anonymous_1)
FNDA:0,(anonymous_2)
FNDA:0,(anonymous_3)
FNDA:0,(anonymous_4)
FNDA:4,(anonymous_5)
FNDA:0,(anonymous_6)
FNDA:0,(anonymous_7)
FNDA:0,(anonymous_8)
FNDA:0,(anonymous_9)
FNDA:0,(anonymous_10)
FNDA:0,(anonymous_11)
FNDA:0,(anonymous_12)
FNDA:2,(anonymous_13)
FNDA:2,(anonymous_14)
FNDA:2,(anonymous_15)
FNDA:0,(anonymous_16)
FNDA:0,(anonymous_17)
FNDA:0,(anonymous_18)
FNDA:2,(anonymous_19)
FNDA:2,(anonymous_20)
FNDA:2,(anonymous_21)
FNDA:0,(anonymous_22)
FNDA:2,(anonymous_23)
FNDA:2,(anonymous_24)
FNDA:2,(anonymous_25)
FNDA:0,(anonymous_26)
FNDA:0,(anonymous_27)
FNDA:0,(anonymous_28)
FNDA:0,(anonymous_29)
FNDA:0,(anonymous_30)
FNDA:0,(anonymous_31)
FNDA:0,(anonymous_32)
FNDA:0,(anonymous_33)
FNDA:0,(anonymous_34)
FNDA:0,(anonymous_35)
FNDA:0,(anonymous_36)
FNDA:0,(anonymous_37)
FNDA:0,(anonymous_38)
FNDA:0,(anonymous_39)
FNDA:4,(anonymous_40)
FNDA:0,(anonymous_41)
FNDA:0,(anonymous_42)
FNDA:0,(anonymous_43)
FNDA:0,(anonymous_44)
FNDA:4,(anonymous_45)
FNDA:0,(anonymous_46)
FNDA:0,(anonymous_47)
FNDA:0,(anonymous_48)
FNDA:0,(anonymous_49)
FNDA:0,(anonymous_50)
FNDA:0,(anonymous_51)
FNDA:0,(anonymous_52)
FNDA:0,(anonymous_53)
DA:35,1
DA:37,1
DA:43,1
DA:45,1
DA:70,1
DA:72,2
DA:73,2
DA:74,2
DA:75,2
DA:76,2
DA:77,2
DA:78,2
DA:79,2
DA:80,2
DA:81,2
DA:82,2
DA:83,2
DA:85,2
DA:88,0
DA:89,0
DA:90,0
DA:91,0
DA:92,0
DA:93,0
DA:94,0
DA:95,0
DA:98,0
DA:99,0
DA:100,0
DA:101,0
DA:105,0
DA:107,0
DA:114,0
DA:115,0
DA:121,0
DA:123,0
DA:124,0
DA:132,2
DA:135,4
DA:140,2
DA:141,2
DA:143,2
DA:146,2
DA:150,2
DA:151,2
DA:153,2
DA:154,2
DA:155,2
DA:156,2
DA:157,2
DA:158,2
DA:159,2
DA:160,2
DA:161,2
DA:162,2
DA:163,2
DA:164,2
DA:166,2
DA:168,2
DA:173,2
DA:174,2
DA:177,2
DA:178,2
DA:180,2
DA:182,2
DA:184,2
DA:186,2
DA:201,2
DA:222,0
DA:223,0
DA:225,0
DA:229,0
DA:233,0
DA:237,0
DA:238,0
DA:240,0
DA:242,0
DA:243,0
DA:249,0
DA:250,0
DA:251,0
DA:253,0
DA:254,0
DA:260,0
DA:262,0
DA:264,0
DA:266,0
DA:268,0
DA:270,0
DA:271,0
DA:280,2
DA:283,2
DA:284,2
DA:286,2
DA:287,2
DA:292,2
DA:293,0
DA:294,0
DA:295,0
DA:296,0
DA:297,0
DA:298,0
DA:300,0
DA:301,0
DA:305,0
DA:306,0
DA:308,0
DA:314,2
DA:315,2
DA:316,2
DA:318,0
DA:323,0
DA:324,0
DA:332,2
DA:333,2
DA:337,2
DA:340,0
DA:351,2
DA:352,2
DA:353,2
DA:354,0
DA:360,0
DA:361,0
DA:366,0
DA:367,0
DA:374,0
DA:375,0
DA:377,0
DA:378,0
DA:382,0
DA:385,0
DA:393,0
DA:398,0
DA:403,0
DA:404,0
DA:405,0
DA:406,0
DA:407,0
DA:408,0
DA:409,0
DA:410,0
DA:414,0
DA:415,0
DA:418,0
DA:419,0
DA:420,0
DA:423,0
DA:424,0
DA:426,0
DA:430,0
DA:440,0
DA:441,0
DA:442,0
DA:443,0
DA:444,0
DA:449,0
DA:450,0
DA:455,0
DA:456,0
DA:458,0
DA:466,0
DA:467,0
DA:469,0
DA:470,0
DA:472,0
DA:473,0
DA:474,0
DA:482,0
DA:483,0
DA:498,0
DA:499,0
DA:500,0
DA:502,0
DA:503,0
DA:504,0
DA:510,4
DA:518,0
DA:519,0
DA:520,0
DA:521,0
DA:522,0
DA:523,0
DA:524,0
DA:527,0
DA:532,0
DA:540,0
DA:541,0
DA:546,4
DA:550,0
DA:552,4
DA:557,0
DA:563,0
DA:568,0
DA:573,0
DA:574,0
DA:579,0
DA:584,0
DA:585,0
DA:586,0
DA:588,0
DA:589,0
DA:594,0
DA:595,0
DA:597,0
DA:608,0
DA:609,0
LF:206
LH:67
BRDA:90,0,0,0
BRDA:102,1,0,0
BRDA:102,1,1,0
BRDA:108,2,0,0
BRDA:108,2,1,0
BRDA:114,3,0,0
BRDA:123,4,0,0
BRDA:136,5,0,4
BRDA:136,5,1,0
BRDA:222,6,0,0
BRDA:242,7,0,0
BRDA:253,8,0,0
BRDA:270,9,0,0
BRDA:293,10,0,0
BRDA:297,11,0,0
BRDA:315,12,0,2
BRDA:323,13,0,0
BRDA:377,14,0,0
BRDA:405,15,0,0
BRDA:405,15,1,0
BRDA:409,16,0,0
BRDA:419,17,0,0
BRDA:449,18,0,0
BRDA:455,19,0,0
BRDA:469,20,0,0
BRDA:501,21,0,0
BRDA:518,22,0,0
BRDA:523,23,0,0
BRDA:546,24,0,0
BRDA:547,25,0,4
BRDA:547,25,1,4
BRDA:547,25,2,0
BRDA:594,26,0,0
BRDA:608,27,0,0
BRF:34
BRH:4
end_of_record
TN:
SF:src/app/student-components/new-story/new-story.component.ts
FN:16,(anonymous_1)
FN:21,(anonymous_2)
FN:28,(anonymous_3)
FN:31,(anonymous_4)
FNF:4
FNH:3
FNDA:1,(anonymous_1)
FNDA:1,(anonymous_2)
FNDA:1,(anonymous_3)
FNDA:0,(anonymous_4)
DA:13,1
DA:16,1
DA:17,1
DA:18,1
DA:22,1
DA:32,0
DA:33,0
DA:34,0
DA:35,0
LF:9
LH:5
BRF:0
BRH:0
end_of_record
TN:
SF:src/app/student-components/recording/recording.component.ts
FN:23,(anonymous_1)
FN:71,(anonymous_2)
FN:79,(anonymous_3)
FN:82,(anonymous_4)
FN:92,(anonymous_5)
FN:93,(anonymous_6)
FN:107,(anonymous_7)
FN:114,(anonymous_8)
FN:117,(anonymous_9)
FN:148,(anonymous_10)
FN:151,(anonymous_11)
FN:157,(anonymous_12)
FN:172,(anonymous_13)
FN:182,(anonymous_14)
FN:188,(anonymous_15)
FN:196,(anonymous_16)
FN:199,(anonymous_17)
FN:200,(anonymous_18)
FN:208,(anonymous_19)
FN:223,(anonymous_20)
FN:224,(anonymous_21)
FN:228,(anonymous_22)
FN:256,(anonymous_23)
FN:263,(anonymous_24)
FN:271,(anonymous_25)
FN:275,(anonymous_26)
FN:280,(anonymous_27)
FN:283,(anonymous_28)
FN:297,(anonymous_29)
FN:302,(anonymous_30)
FN:307,(anonymous_31)
FN:311,(anonymous_32)
FN:316,(anonymous_33)
FN:320,(anonymous_34)
FN:325,(anonymous_35)
FNF:35
FNH:2
FNDA:1,(anonymous_1)
FNDA:1,(anonymous_2)
FNDA:0,(anonymous_3)
FNDA:0,(anonymous_4)
FNDA:0,(anonymous_5)
FNDA:0,(anonymous_6)
FNDA:0,(anonymous_7)
FNDA:0,(anonymous_8)
FNDA:0,(anonymous_9)
FNDA:0,(anonymous_10)
FNDA:0,(anonymous_11)
FNDA:0,(anonymous_12)
FNDA:0,(anonymous_13)
FNDA:0,(anonymous_14)
FNDA:0,(anonymous_15)
FNDA:0,(anonymous_16)
FNDA:0,(anonymous_17)
FNDA:0,(anonymous_18)
FNDA:0,(anonymous_19)
FNDA:0,(anonymous_20)
FNDA:0,(anonymous_21)
FNDA:0,(anonymous_22)
FNDA:0,(anonymous_23)
FNDA:0,(anonymous_24)
FNDA:0,(anonymous_25)
FNDA:0,(anonymous_26)
FNDA:0,(anonymous_27)
FNDA:0,(anonymous_28)
FNDA:0,(anonymous_29)
FNDA:0,(anonymous_30)
FNDA:0,(anonymous_31)
FNDA:0,(anonymous_32)
FNDA:0,(anonymous_33)
FNDA:0,(anonymous_34)
FNDA:0,(anonymous_35)
DA:21,1
DA:23,1
DA:24,1
DA:25,1
DA:26,1
DA:29,1
DA:30,1
DA:31,1
DA:42,1
DA:43,1
DA:44,1
DA:46,1
DA:47,1
DA:48,1
DA:50,1
DA:51,1
DA:52,1
DA:54,1
DA:55,1
DA:56,1
DA:59,1
DA:60,1
DA:61,1
DA:62,1
DA:65,1
DA:72,1
DA:73,1
DA:74,1
DA:75,1
DA:76,1
DA:77,1
DA:78,1
DA:79,1
DA:80,0
DA:81,0
DA:82,0
DA:83,0
DA:84,0
DA:87,0
DA:93,0
DA:94,0
DA:95,0
DA:96,0
DA:97,0
DA:109,0
DA:110,0
DA:113,0
DA:114,0
DA:115,0
DA:116,0
DA:117,0
DA:118,0
DA:120,0
DA:121,0
DA:122,0
DA:124,0
DA:125,0
DA:126,0
DA:128,0
DA:129,0
DA:130,0
DA:132,0
DA:133,0
DA:149,0
DA:150,0
DA:151,0
DA:152,0
DA:153,0
DA:156,0
DA:157,0
DA:158,0
DA:159,0
DA:173,0
DA:175,0
DA:176,0
DA:182,0
DA:183,0
DA:184,0
DA:185,0
DA:186,0
DA:187,0
DA:188,0
DA:189,0
DA:190,0
DA:197,0
DA:198,0
DA:199,0
DA:200,0
DA:201,0
DA:202,0
DA:203,0
DA:204,0
DA:209,0
DA:210,0
DA:211,0
DA:212,0
DA:224,0
DA:225,0
DA:228,0
DA:229,0
DA:232,0
DA:233,0
DA:235,0
DA:236,0
DA:237,0
DA:238,0
DA:239,0
DA:242,0
DA:243,0
DA:244,0
DA:245,0
DA:246,0
DA:249,0
DA:256,0
DA:257,0
DA:264,0
DA:265,0
DA:266,0
DA:267,0
DA:272,0
DA:276,0
DA:281,0
DA:282,0
DA:283,0
DA:284,0
DA:285,0
DA:286,0
DA:287,0
DA:288,0
DA:289,0
DA:290,0
DA:291,0
DA:292,0
DA:293,0
DA:298,0
DA:299,0
DA:303,0
DA:304,0
DA:308,0
DA:312,0
DA:313,0
DA:317,0
DA:321,0
DA:322,0
DA:326,0
LF:145
LH:33
BRDA:81,0,0,0
BRDA:81,0,1,0
BRDA:109,1,0,0
BRDA:115,2,0,0
BRDA:190,3,0,0
BRDA:264,4,0,0
BRDA:264,4,1,0
BRDA:266,5,0,0
BRDA:284,6,0,0
BRDA:284,6,1,0
BRDA:289,7,0,0
BRF:11
BRH:0
end_of_record
TN:
SF:src/app/student-components/recording-history/recording-history.component.ts
FN:30,(anonymous_1)
FN:39,(anonymous_2)
FN:43,(anonymous_3)
FN:45,(anonymous_4)
FN:47,(anonymous_5)
FN:52,(anonymous_6)
FN:68,(anonymous_7)
FN:69,(anonymous_8)
FN:71,(anonymous_9)
FN:77,(anonymous_10)
FN:81,(anonymous_11)
FNF:11
FNH:6
FNDA:1,(anonymous_1)
FNDA:1,(anonymous_2)
FNDA:1,(anonymous_3)
FNDA:0,(anonymous_4)
FNDA:0,(anonymous_5)
FNDA:0,(anonymous_6)
FNDA:1,(anonymous_7)
FNDA:1,(anonymous_8)
FNDA:1,(anonymous_9)
FNDA:0,(anonymous_10)
FNDA:0,(anonymous_11)
DA:23,1
DA:25,1
DA:26,1
DA:27,1
DA:28,1
DA:30,1
DA:31,1
DA:32,1
DA:33,1
DA:43,1
DA:44,1
DA:45,1
DA:46,0
DA:47,0
DA:52,1
DA:53,0
DA:54,0
DA:55,0
DA:56,0
DA:59,0
DA:69,1
DA:70,1
DA:72,1
DA:78,0
DA:82,0
LF:25
LH:16
BRDA:47,0,0,0
BRDA:47,0,1,0
BRDA:55,1,0,0
BRDA:55,1,1,0
BRDA:55,2,0,0
BRDA:55,2,1,0
BRDA:55,2,2,0
BRDA:55,2,3,0
BRF:8
BRH:0
end_of_record
TN:
SF:src/app/student-components/story-details/story-details.component.ts
FN:14,(anonymous_1)
FN:22,(anonymous_2)
FN:23,(anonymous_3)
FN:25,(anonymous_4)
FN:48,(anonymous_5)
FN:52,(anonymous_6)
FNF:6
FNH:3
FNDA:1,(anonymous_1)
FNDA:1,(anonymous_2)
FNDA:1,(anonymous_3)
FNDA:0,(anonymous_4)
FNDA:0,(anonymous_5)
FNDA:0,(anonymous_6)
DA:12,1
DA:14,1
DA:15,1
DA:16,1
DA:17,1
DA:19,1
DA:23,1
DA:24,1
DA:26,0
DA:32,1
DA:49,0
DA:53,0
DA:54,0
LF:13
LH:9
BRDA:53,0,0,0
BRF:1
BRH:0
end_of_record
TN:
SF:src/app/student-components/synthesis/synthesis.component.ts
FN:16,(anonymous_1)
FN:26,(anonymous_2)
FN:28,(anonymous_3)
FN:29,(anonymous_4)
FN:40,(anonymous_5)
FN:44,(anonymous_6)
FN:48,(anonymous_7)
FN:51,(anonymous_8)
FN:54,(anonymous_9)
FN:59,(anonymous_10)
FN:64,(anonymous_11)
FNF:11
FNH:2
FNDA:1,(anonymous_1)
FNDA:1,(anonymous_2)
FNDA:0,(anonymous_3)
FNDA:0,(anonymous_4)
FNDA:0,(anonymous_5)
FNDA:0,(anonymous_6)
FNDA:0,(anonymous_7)
FNDA:0,(anonymous_8)
FNDA:0,(anonymous_9)
FNDA:0,(anonymous_10)
FNDA:0,(anonymous_11)
DA:14,1
DA:16,1
DA:17,1
DA:18,1
DA:21,1
DA:22,1
DA:24,1
DA:27,1
DA:28,1
DA:29,0
DA:30,0
DA:31,0
DA:32,0
DA:33,0
DA:41,0
DA:45,0
DA:49,0
DA:50,0
DA:51,0
DA:55,0
DA:56,0
DA:60,0
DA:61,0
DA:65,0
LF:24
LH:9
BRF:0
BRH:0
end_of_record
TN:
SF:src/app/student-components/synthesis-player/synthesis-player.component.ts
FN:29,(anonymous_1)
FN:24,(anonymous_2)
FN:37,(anonymous_3)
FN:41,(anonymous_4)
FN:45,(anonymous_5)
FN:46,(anonymous_6)
FN:52,(anonymous_7)
FN:56,(anonymous_8)
FN:61,(anonymous_9)
FNF:9
FNH:3
FNDA:1,(anonymous_1)
FNDA:0,(anonymous_2)
FNDA:1,(anonymous_3)
FNDA:0,(anonymous_4)
FNDA:1,(anonymous_5)
FNDA:0,(anonymous_6)
FNDA:0,(anonymous_7)
FNDA:0,(anonymous_8)
FNDA:0,(anonymous_9)
DA:16,1
DA:17,1
DA:18,1
DA:25,0
DA:26,0
DA:30,1
DA:31,1
DA:32,1
DA:33,1
DA:34,1
DA:38,1
DA:42,0
DA:46,1
DA:47,0
DA:48,0
DA:51,1
DA:52,0
DA:53,0
DA:56,0
DA:57,0
DA:62,0
LF:21
LH:11
BRDA:51,0,0,1
BRF:1
BRH:1
end_of_record
TN:
SF:src/app/student-components/view-recording/view-recording.component.ts
FN:17,(anonymous_1)
FN:35,(anonymous_2)
FN:36,(anonymous_3)
FN:37,(anonymous_4)
FN:45,(anonymous_5)
FN:47,(anonymous_6)
FN:52,(anonymous_7)
FN:59,(anonymous_8)
FN:60,(anonymous_9)
FN:96,(anonymous_10)
FN:99,(anonymous_11)
FN:100,(anonymous_12)
FN:104,(anonymous_13)
FN:119,(anonymous_14)
FN:122,(anonymous_15)
FN:123,(anonymous_16)
FN:127,(anonymous_17)
FN:142,(anonymous_18)
FN:146,(anonymous_19)
FN:151,(anonymous_20)
FN:155,(anonymous_21)
FN:166,(anonymous_22)
FN:191,(anonymous_23)
FN:202,(anonymous_24)
FN:212,(anonymous_25)
FN:221,(anonymous_26)
FN:231,(anonymous_28)
FN:241,(anonymous_29)
FN:254,(anonymous_30)
FN:273,(anonymous_31)
FN:280,(anonymous_32)
FN:282,(anonymous_33)
FN:284,(anonymous_34)
FN:303,(anonymous_35)
FN:304,(anonymous_36)
FN:310,(anonymous_37)
FN:330,(anonymous_38)
FNF:37
FNH:3
FNDA:1,(anonymous_1)
FNDA:1,(anonymous_2)
FNDA:1,(anonymous_3)
FNDA:0,(anonymous_4)
FNDA:0,(anonymous_5)
FNDA:0,(anonymous_6)
FNDA:0,(anonymous_7)
FNDA:0,(anonymous_8)
FNDA:0,(anonymous_9)
FNDA:0,(anonymous_10)
FNDA:0,(anonymous_11)
FNDA:0,(anonymous_12)
FNDA:0,(anonymous_13)
FNDA:0,(anonymous_14)
FNDA:0,(anonymous_15)
FNDA:0,(anonymous_16)
FNDA:0,(anonymous_17)
FNDA:0,(anonymous_18)
FNDA:0,(anonymous_19)
FNDA:0,(anonymous_20)
FNDA:0,(anonymous_21)
FNDA:0,(anonymous_22)
FNDA:0,(anonymous_23)
FNDA:0,(anonymous_24)
FNDA:0,(anonymous_25)
FNDA:0,(anonymous_26)
FNDA:0,(anonymous_28)
FNDA:0,(anonymous_29)
FNDA:0,(anonymous_30)
FNDA:0,(anonymous_31)
FNDA:0,(anonymous_32)
FNDA:0,(anonymous_33)
FNDA:0,(anonymous_34)
FNDA:0,(anonymous_35)
FNDA:0,(anonymous_36)
FNDA:0,(anonymous_37)
FNDA:0,(anonymous_38)
DA:15,1
DA:17,1
DA:18,1
DA:19,1
DA:21,1
DA:23,1
DA:24,1
DA:25,1
DA:26,1
DA:27,1
DA:29,1
DA:30,1
DA:32,1
DA:33,1
DA:36,1
DA:37,1
DA:38,0
DA:39,0
DA:40,0
DA:46,0
DA:47,0
DA:48,0
DA:51,0
DA:52,0
DA:53,0
DA:56,0
DA:60,0
DA:62,0
DA:63,0
DA:64,0
DA:65,0
DA:66,0
DA:67,0
DA:68,0
DA:69,0
DA:70,0
DA:71,0
DA:72,0
DA:74,0
DA:75,0
DA:76,0
DA:78,0
DA:80,0
DA:81,0
DA:82,0
DA:83,0
DA:84,0
DA:85,0
DA:88,0
DA:89,0
DA:97,0
DA:98,0
DA:99,0
DA:100,0
DA:101,0
DA:102,0
DA:103,0
DA:104,0
DA:105,0
DA:106,0
DA:107,0
DA:108,0
DA:120,0
DA:121,0
DA:122,0
DA:123,0
DA:124,0
DA:125,0
DA:126,0
DA:127,0
DA:128,0
DA:129,0
DA:130,0
DA:131,0
DA:143,0
DA:144,0
DA:145,0
DA:146,0
DA:147,0
DA:148,0
DA:149,0
DA:150,0
DA:151,0
DA:152,0
DA:153,0
DA:155,0
DA:156,0
DA:167,0
DA:168,0
DA:169,0
DA:170,0
DA:171,0
DA:172,0
DA:173,0
DA:174,0
DA:176,0
DA:177,0
DA:180,0
DA:181,0
DA:186,0
DA:187,0
DA:188,0
DA:189,0
DA:190,0
DA:191,0
DA:192,0
DA:193,0
DA:195,0
DA:203,0
DA:204,0
DA:205,0
DA:213,0
DA:214,0
DA:215,0
DA:216,0
DA:217,0
DA:218,0
DA:219,0
DA:220,0
DA:221,0
DA:222,0
DA:223,0
DA:224,0
DA:226,0
DA:236,0
DA:237,0
DA:238,0
DA:242,0
DA:245,0
DA:249,0
DA:255,0
DA:257,0
DA:258,0
DA:261,0
DA:262,0
DA:263,0
DA:264,0
DA:265,0
DA:266,0
DA:267,0
DA:268,0
DA:273,0
DA:274,0
DA:275,0
DA:280,0
DA:281,0
DA:282,0
DA:283,0
DA:284,0
DA:285,0
DA:286,0
DA:287,0
DA:290,0
DA:291,0
DA:293,0
DA:294,0
DA:295,0
DA:297,0
DA:304,0
DA:305,0
DA:307,0
DA:311,0
DA:313,0
DA:314,0
DA:317,0
DA:318,0
DA:319,0
DA:320,0
DA:322,0
DA:323,0
DA:324,0
DA:325,0
DA:329,0
DA:330,0
DA:331,0
DA:332,0
DA:333,0
LF:177
LH:16
BRDA:102,0,0,0
BRDA:105,1,0,0
BRDA:125,2,0,0
BRDA:128,3,0,0
BRDA:143,4,0,0
BRDA:147,5,0,0
BRDA:147,5,1,0
BRDA:150,6,0,0
BRDA:168,7,0,0
BRDA:168,7,1,0
BRDA:173,8,0,0
BRDA:176,9,0,0
BRDA:180,10,0,0
BRDA:262,11,0,0
BRDA:262,11,1,0
BRDA:265,12,0,0
BRDA:274,13,0,0
BRDA:281,14,0,0
BRDA:283,15,0,0
BRDA:290,16,0,0
BRDA:317,17,0,0
BRDA:317,17,1,0
BRDA:319,18,0,0
BRDA:322,19,0,0
BRDA:324,20,0,0
BRDA:329,21,0,0
BRF:26
BRH:0
end_of_record
TN:
SF:src/app/synth-item/synth-item.component.ts
FN:24,(anonymous_1)
FN:30,(anonymous_2)
FN:36,(anonymous_3)
FN:41,(anonymous_4)
FN:49,(anonymous_5)
FNF:5
FNH:2
FNDA:2,(anonymous_1)
FNDA:0,(anonymous_2)
FNDA:0,(anonymous_3)
FNDA:8,(anonymous_4)
FNDA:0,(anonymous_5)
DA:18,1
DA:25,2
DA:26,2
DA:27,2
DA:31,0
DA:32,0
DA:37,0
DA:38,0
DA:42,8
DA:43,8
DA:44,0
DA:46,8
DA:50,0
LF:13
LH:7
BRDA:31,0,0,0
BRDA:43,1,0,0
BRDA:50,2,0,0
BRDA:50,2,1,0
BRF:4
BRH:0
end_of_record
TN:
SF:src/app/teacher-components/teacher-classroom/teacher-classroom.component.ts
FN:22,(anonymous_1)
FN:45,(anonymous_2)
FN:52,(anonymous_3)
FN:53,(anonymous_4)
FN:55,(anonymous_5)
FN:65,(anonymous_6)
FN:66,(anonymous_7)
FN:68,(anonymous_8)
FN:70,(anonymous_9)
FN:83,(anonymous_10)
FN:85,(anonymous_11)
FN:88,(anonymous_12)
FN:91,(anonymous_13)
FN:97,(anonymous_14)
FN:109,(anonymous_15)
FN:110,(anonymous_16)
FN:113,(anonymous_17)
FN:121,(anonymous_18)
FN:122,(anonymous_19)
FN:123,(anonymous_20)
FN:132,(anonymous_21)
FN:136,(anonymous_22)
FN:140,(anonymous_23)
FN:147,(anonymous_24)
FN:152,(anonymous_25)
FN:156,(anonymous_26)
FN:160,(anonymous_27)
FN:164,(anonymous_28)
FN:168,(anonymous_29)
FN:172,(anonymous_30)
FNF:30
FNH:7
FNDA:1,(anonymous_1)
FNDA:1,(anonymous_2)
FNDA:1,(anonymous_3)
FNDA:1,(anonymous_4)
FNDA:1,(anonymous_5)
FNDA:1,(anonymous_6)
FNDA:1,(anonymous_7)
FNDA:0,(anonymous_8)
FNDA:0,(anonymous_9)
FNDA:0,(anonymous_10)
FNDA:0,(anonymous_11)
FNDA:0,(anonymous_12)
FNDA:0,(anonymous_13)
FNDA:0,(anonymous_14)
FNDA:0,(anonymous_15)
FNDA:0,(anonymous_16)
FNDA:0,(anonymous_17)
FNDA:0,(anonymous_18)
FNDA:0,(anonymous_19)
FNDA:0,(anonymous_20)
FNDA:0,(anonymous_21)
FNDA:0,(anonymous_22)
FNDA:0,(anonymous_23)
FNDA:0,(anonymous_24)
FNDA:0,(anonymous_25)
FNDA:0,(anonymous_26)
FNDA:0,(anonymous_27)
FNDA:0,(anonymous_28)
FNDA:0,(anonymous_29)
FNDA:0,(anonymous_30)
DA:20,1
DA:22,1
DA:23,1
DA:24,1
DA:25,1
DA:26,1
DA:27,1
DA:28,1
DA:29,1
DA:30,1
DA:33,1
DA:34,1
DA:35,1
DA:36,1
DA:37,1
DA:39,1
DA:41,1
DA:42,1
DA:43,1
DA:46,1
DA:53,1
DA:54,1
DA:56,1
DA:66,1
DA:67,1
DA:68,0
DA:69,0
DA:70,0
DA:71,0
DA:72,0
DA:74,0
DA:84,0
DA:85,0
DA:86,0
DA:88,0
DA:89,0
DA:90,0
DA:91,0
DA:92,0
DA:93,0
DA:97,0
DA:98,0
DA:99,0
DA:110,0
DA:111,0
DA:112,0
DA:114,0
DA:122,0
DA:123,0
DA:124,0
DA:133,0
DA:137,0
DA:141,0
DA:148,0
DA:149,0
DA:153,0
DA:157,0
DA:161,0
DA:165,0
DA:169,0
DA:173,0
DA:174,0
LF:62
LH:25
BRDA:90,0,0,0
BRDA:90,0,1,0
BRF:2
BRH:0
end_of_record
TN:
SF:src/app/teacher-components/teacher-dashboard/teacher-dashboard.component.ts
FN:17,(anonymous_1)
FN:30,(anonymous_2)
FN:37,(anonymous_3)
FN:44,(anonymous_4)
FN:48,(anonymous_5)
FN:53,(anonymous_6)
FN:59,(anonymous_7)
FN:62,(anonymous_8)
FN:65,(anonymous_9)
FN:68,(anonymous_10)
FN:74,(anonymous_11)
FN:79,(anonymous_12)
FN:87,(anonymous_13)
FN:91,(anonymous_14)
FN:95,(anonymous_15)
FNF:15
FNH:3
FNDA:1,(anonymous_1)
FNDA:1,(anonymous_2)
FNDA:1,(anonymous_3)
FNDA:0,(anonymous_4)
FNDA:0,(anonymous_5)
FNDA:0,(anonymous_6)
FNDA:0,(anonymous_7)
FNDA:0,(anonymous_8)
FNDA:0,(anonymous_9)
FNDA:0,(anonymous_10)
FNDA:0,(anonymous_11)
FNDA:0,(anonymous_12)
FNDA:0,(anonymous_13)
FNDA:0,(anonymous_14)
FNDA:0,(anonymous_15)
DA:15,1
DA:17,1
DA:18,1
DA:19,1
DA:20,1
DA:21,1
DA:25,1
DA:26,1
DA:28,1
DA:31,1
DA:34,1
DA:38,1
DA:39,1
DA:41,0
DA:45,0
DA:49,0
DA:50,0
DA:54,0
DA:55,0
DA:57,0
DA:58,0
DA:59,0
DA:60,0
DA:61,0
DA:62,0
DA:63,0
DA:64,0
DA:66,0
DA:69,0
DA:75,0
DA:76,0
DA:80,0
DA:81,0
DA:82,0
DA:84,0
DA:88,0
DA:92,0
DA:96,0
LF:38
LH:13
BRDA:39,0,0,1
BRDA:55,1,0,0
BRF:2
BRH:1
end_of_record
TN:
SF:src/app/teacher-components/teacher-panel/teacher-panel.component.ts
FN:10,(anonymous_1)
FN:12,(anonymous_2)
FNF:2
FNH:2
FNDA:1,(anonymous_1)
FNDA:1,(anonymous_2)
DA:8,1
LF:1
LH:1
BRF:0
BRH:0
end_of_record
TN:
SF:src/app/teacher-components/teacher-stats/teacher-stats.component.ts
FN:36,(anonymous_1)
FN:42,(anonymous_2)
FN:57,(anonymous_3)
FN:58,(anonymous_4)
FN:60,(anonymous_5)
FN:70,(anonymous_6)
FN:71,(anonymous_7)
FN:73,(anonymous_8)
FN:78,(anonymous_9)
FN:80,(anonymous_10)
FN:96,(anonymous_11)
FN:98,(anonymous_12)
FN:107,(anonymous_13)
FN:108,(anonymous_14)
FN:110,(anonymous_15)
FN:119,(anonymous_16)
FN:142,(anonymous_17)
FN:177,(anonymous_18)
FN:182,(anonymous_19)
FN:190,(anonymous_20)
FN:192,(anonymous_21)
FN:212,(anonymous_22)
FN:214,(anonymous_23)
FN:217,(anonymous_24)
FNF:24
FNH:7
FNDA:1,(anonymous_1)
FNDA:1,(anonymous_2)
FNDA:1,(anonymous_3)
FNDA:1,(anonymous_4)
FNDA:1,(anonymous_5)
FNDA:1,(anonymous_6)
FNDA:1,(anonymous_7)
FNDA:0,(anonymous_8)
FNDA:0,(anonymous_9)
FNDA:0,(anonymous_10)
FNDA:0,(anonymous_11)
FNDA:0,(anonymous_12)
FNDA:0,(anonymous_13)
FNDA:0,(anonymous_14)
FNDA:0,(anonymous_15)
FNDA:0,(anonymous_16)
FNDA:0,(anonymous_17)
FNDA:0,(anonymous_18)
FNDA:0,(anonymous_19)
FNDA:0,(anonymous_20)
FNDA:0,(anonymous_21)
FNDA:0,(anonymous_22)
FNDA:0,(anonymous_23)
FNDA:0,(anonymous_24)
DA:18,1
DA:19,1
DA:21,1
DA:22,1
DA:23,1
DA:24,1
DA:26,1
DA:27,1
DA:28,1
DA:29,1
DA:31,1
DA:32,1
DA:33,1
DA:36,1
DA:37,1
DA:38,1
DA:39,1
DA:40,1
DA:43,1
DA:45,1
DA:46,50
DA:47,50
DA:49,1
DA:58,1
DA:59,1
DA:61,1
DA:71,1
DA:72,1
DA:73,0
DA:74,0
DA:75,0
DA:76,0
DA:78,0
DA:79,0
DA:80,0
DA:81,0
DA:82,0
DA:87,0
DA:88,0
DA:97,0
DA:98,0
DA:99,0
DA:108,0
DA:109,0
DA:110,0
DA:111,0
DA:120,0
DA:121,0
DA:123,0
DA:124,0
DA:125,0
DA:126,0
DA:129,0
DA:130,0
DA:135,0
DA:136,0
DA:137,0
DA:139,0
DA:144,0
DA:178,0
DA:183,0
DA:191,0
DA:192,0
DA:193,0
DA:194,0
DA:195,0
DA:199,0
DA:200,0
DA:201,0
DA:202,0
DA:208,0
DA:213,0
DA:214,0
DA:218,0
LF:74
LH:28
BRDA:81,0,0,0
BRDA:125,1,0,0
BRDA:125,1,1,0
BRDA:193,2,0,0
BRDA:193,2,1,0
BRDA:194,3,0,0
BRDA:199,4,0,0
BRDA:201,5,0,0
BRF:8
BRH:0
end_of_record
TN:
SF:src/app/teacher-components/teacher-story/teacher-story.component.ts
FN:21,(anonymous_1)
FN:54,(anonymous_2)
FN:60,(anonymous_3)
FN:76,(anonymous_4)
FN:77,(anonymous_5)
FN:78,(anonymous_6)
FN:93,(anonymous_7)
FN:102,(anonymous_8)
FN:103,(anonymous_9)
FN:111,(anonymous_10)
FN:112,(anonymous_11)
FN:123,(anonymous_12)
FN:124,(anonymous_13)
FN:132,(anonymous_14)
FN:139,(anonymous_15)
FN:143,(anonymous_16)
FN:155,(anonymous_17)
FN:162,(anonymous_18)
FN:173,(anonymous_19)
FN:178,(anonymous_20)
FN:184,(anonymous_21)
FN:192,(anonymous_22)
FN:194,(anonymous_23)
FN:196,(anonymous_24)
FN:205,(anonymous_25)
FN:206,(anonymous_26)
FN:208,(anonymous_27)
FN:215,(anonymous_28)
FN:219,(anonymous_29)
FN:223,(anonymous_30)
FN:231,(anonymous_31)
FNF:31
FNH:7
FNDA:1,(anonymous_1)
FNDA:1,(anonymous_2)
FNDA:0,(anonymous_3)
FNDA:1,(anonymous_4)
FNDA:1,(anonymous_5)
FNDA:0,(anonymous_6)
FNDA:0,(anonymous_7)
FNDA:0,(anonymous_8)
FNDA:0,(anonymous_9)
FNDA:0,(anonymous_10)
FNDA:0,(anonymous_11)
FNDA:0,(anonymous_12)
FNDA:0,(anonymous_13)
FNDA:0,(anonymous_14)
FNDA:0,(anonymous_15)
FNDA:0,(anonymous_16)
FNDA:0,(anonymous_17)
FNDA:0,(anonymous_18)
FNDA:0,(anonymous_19)
FNDA:0,(anonymous_20)
FNDA:0,(anonymous_21)
FNDA:0,(anonymous_22)
FNDA:0,(anonymous_23)
FNDA:0,(anonymous_24)
FNDA:1,(anonymous_25)
FNDA:1,(anonymous_26)
FNDA:1,(anonymous_27)
FNDA:0,(anonymous_28)
FNDA:0,(anonymous_29)
FNDA:0,(anonymous_30)
FNDA:0,(anonymous_31)
DA:19,1
DA:21,1
DA:22,1
DA:23,1
DA:24,1
DA:25,1
DA:26,1
DA:27,1
DA:28,1
DA:29,1
DA:31,1
DA:33,1
DA:38,1
DA:39,1
DA:40,1
DA:41,1
DA:43,1
DA:52,1
DA:55,1
DA:56,1
DA:57,1
DA:60,0
DA:61,0
DA:62,0
DA:63,0
DA:64,0
DA:67,0
DA:77,1
DA:78,1
DA:79,0
DA:80,0
DA:81,0
DA:83,0
DA:84,0
DA:85,0
DA:94,0
DA:95,0
DA:103,0
DA:104,0
DA:112,0
DA:113,0
DA:114,0
DA:124,0
DA:125,0
DA:133,0
DA:139,0
DA:140,0
DA:141,0
DA:142,0
DA:143,0
DA:144,0
DA:145,0
DA:156,0
DA:163,0
DA:164,0
DA:165,0
DA:166,0
DA:167,0
DA:174,0
DA:175,0
DA:176,0
DA:177,0
DA:178,0
DA:185,0
DA:186,0
DA:193,0
DA:194,0
DA:195,0
DA:197,0
DA:198,0
DA:206,1
DA:207,1
DA:209,1
DA:216,0
DA:220,0
DA:221,0
DA:222,0
DA:223,0
DA:225,0
DA:226,0
DA:227,0
DA:228,0
DA:232,0
LF:83
LH:26
BRDA:57,0,0,1
BRDA:63,1,0,0
BRDA:63,1,1,0
BRDA:63,2,0,0
BRDA:63,2,1,0
BRDA:63,2,2,0
BRDA:63,2,3,0
BRDA:80,3,0,0
BRDA:95,4,0,0
BRDA:95,4,1,0
BRDA:113,5,0,0
BRDA:145,6,0,0
BRDA:221,7,0,0
BRF:13
BRH:1
end_of_record
TN:
SF:src/app/teacher-components/teacher-student/teacher-student.component.ts
FN:17,(anonymous_1)
FN:33,(anonymous_2)
FN:34,(anonymous_3)
FN:44,(anonymous_4)
FN:53,(anonymous_5)
FN:61,(anonymous_6)
FN:62,(anonymous_7)
FN:65,(anonymous_8)
FN:70,(anonymous_9)
FN:77,(anonymous_10)
FN:78,(anonymous_11)
FN:80,(anonymous_12)
FN:86,(anonymous_13)
FN:90,(anonymous_14)
FNF:14
FNH:6
FNDA:1,(anonymous_1)
FNDA:1,(anonymous_2)
FNDA:1,(anonymous_3)
FNDA:0,(anonymous_4)
FNDA:0,(anonymous_5)
FNDA:0,(anonymous_6)
FNDA:0,(anonymous_7)
FNDA:0,(anonymous_8)
FNDA:0,(anonymous_9)
FNDA:1,(anonymous_10)
FNDA:1,(anonymous_11)
FNDA:1,(anonymous_12)
FNDA:0,(anonymous_13)
FNDA:0,(anonymous_14)
DA:15,1
DA:17,1
DA:18,1
DA:19,1
DA:20,1
DA:21,1
DA:22,1
DA:26,1
DA:29,1
DA:31,1
DA:34,1
DA:35,1
DA:45,0
DA:46,0
DA:47,0
DA:54,0
DA:55,0
DA:56,0
DA:62,0
DA:63,0
DA:64,0
DA:65,0
DA:66,0
DA:70,0
DA:71,0
DA:78,1
DA:79,1
DA:81,1
DA:87,0
DA:91,0
LF:30
LH:15
BRDA:55,0,0,0
BRDA:55,1,0,0
BRDA:55,1,1,0
BRDA:64,2,0,0
BRDA:64,2,1,0
BRF:5
BRH:0
end_of_record
TN:
SF:src/app/team/team.component.ts
FN:11,(anonymous_1)
FN:13,(anonymous_2)
FNF:2
FNH:2
FNDA:1,(anonymous_1)
FNDA:1,(anonymous_2)
DA:9,1
DA:11,1
LF:2
LH:2
BRF:0
BRH:0
end_of_record
TN:
SF:src/app/technology/technology.component.ts
FN:11,(anonymous_1)
FN:13,(anonymous_2)
FNF:2
FNH:2
FNDA:1,(anonymous_1)
FNDA:1,(anonymous_2)
DA:9,1
DA:11,1
LF:2
LH:2
BRF:0
BRH:0
end_of_record
TN:
SF:src/register/register.component.ts
FN:18,(anonymous_1)
FN:49,(anonymous_2)
FN:51,(anonymous_3)
FN:56,(anonymous_4)
FN:64,(anonymous_5)
FN:80,(anonymous_6)
FN:83,(anonymous_7)
FN:88,(anonymous_8)
FN:92,(anonymous_9)
FN:96,(anonymous_10)
FN:101,(anonymous_11)
FN:110,(anonymous_12)
FN:133,(anonymous_13)
FNF:13
FNH:3
FNDA:1,(anonymous_1)
FNDA:1,(anonymous_2)
FNDA:1,(anonymous_3)
FNDA:0,(anonymous_4)
FNDA:0,(anonymous_5)
FNDA:0,(anonymous_6)
FNDA:0,(anonymous_7)
FNDA:0,(anonymous_8)
FNDA:0,(anonymous_9)
FNDA:0,(anonymous_10)
FNDA:0,(anonymous_11)
FNDA:0,(anonymous_12)
FNDA:0,(anonymous_13)
DA:17,1
DA:19,1
DA:20,1
DA:21,1
DA:22,1
DA:23,1
DA:25,1
DA:34,1
DA:37,1
DA:45,1
DA:47,1
DA:50,1
DA:52,1
DA:53,0
DA:57,0
DA:60,1
DA:61,1
DA:62,1
DA:63,1
DA:64,1
DA:65,0
DA:66,0
DA:67,0
DA:68,0
DA:69,0
DA:70,0
DA:71,0
DA:72,0
DA:74,0
DA:75,0
DA:81,0
DA:82,0
DA:84,0
DA:85,0
DA:86,0
DA:88,0
DA:93,0
DA:94,0
DA:95,0
DA:98,0
DA:99,0
DA:100,0
DA:102,0
DA:103,0
DA:104,0
DA:111,0
DA:112,0
DA:113,0
DA:114,0
DA:117,0
DA:118,0
DA:119,0
DA:120,0
DA:122,0
DA:123,0
DA:124,0
DA:126,0
DA:127,0
DA:128,0
DA:130,0
DA:134,0
LF:61
LH:18
BRDA:52,0,0,0
BRDA:52,1,0,1
BRDA:52,1,1,0
BRDA:52,1,2,0
BRDA:67,2,0,0
BRDA:67,2,1,0
BRDA:70,3,0,0
BRDA:70,3,1,0
BRDA:93,4,0,0
BRDA:94,5,0,0
BRDA:94,5,1,0
BRDA:102,6,0,0
BRDA:112,7,0,0
BRDA:118,8,0,0
BRDA:122,9,0,0
BRDA:126,10,0,0
BRF:16
BRH:1
end_of_record
TN:
SF:src/report-an-issue/report-an-issue.component.ts
FN:10,(anonymous_1)
FNF:1
FNH:1
FNDA:1,(anonymous_1)
DA:9,1
DA:10,1
LF:2
LH:2
BRF:0
BRH:0
end_of_record
TN:
SF:src/spinner/grid-spinner/grid-spinner.component.ts
FN:10,(anonymous_1)
FN:12,(anonymous_2)
FNF:2
FNH:2
FNDA:1,(anonymous_1)
FNDA:1,(anonymous_2)
DA:8,1
LF:1
LH:1
BRF:0
BRH:0
end_of_record
